<?xml version="1.0" encoding="UTF-8"?>
<robot generator="Robot 7.2.2 (Python 3.9.13 on win32)" generated="2025-03-30T15:37:49.299452" rpa="false" schemaversion="5">
<suite id="s1" name="Teht2 Omabrowser Demo" source="C:\Users\Mei\Documents\Hyte-web-sovelluskehitys-projekti\Hyte-FE\tests\fe\teht2\teht2_omabrowser_demo.robot">
<test id="s1-t1" name="Test Web Form" line="6">
<kw name="New Browser" owner="Browser">
<msg time="2025-03-30T15:37:49.475052" level="INFO">{"browser": "chromium", "headless": false, "chromiumSandbox": false, "devtools": false, "handleSIGHUP": true, "handleSIGINT": true, "handleSIGTERM": true, "slowMo": 0.0, "timeout": 30000.0, "tracesDir": "C:\\Users\\Mei\\Documents\\Hyte-web-sovelluskehitys-projekti\\Hyte-FE\\browser\\traces\\temp\\33a58b43-facf-44db-9ef5-ca296659b34d"}</msg>
<msg time="2025-03-30T15:37:49.504103" level="INFO">Starting Browser process C:\Users\Mei\Documents\Hyte-web-sovelluskehitys-projekti\Hyte-FE\.venv\lib\site-packages\Browser\wrapper\index.js using port 55566</msg>
<msg time="2025-03-30T15:37:49.504103" level="INFO">Node startup parameters: ['node', 'C:\\Users\\Mei\\Documents\\Hyte-web-sovelluskehitys-projekti\\Hyte-FE\\.venv\\lib\\site-packages\\Browser\\wrapper\\index.js', '55566']</msg>
<msg time="2025-03-30T15:37:50.289882" level="INFO">Successfully created browser with options: {"browser":"chromium","headless":false,"chromiumSandbox":false,"devtools":false,"handleSIGHUP":true,"handleSIGINT":true,"handleSIGTERM":true,"slowMo":0,"timeout":30000,"tracesDir":"C:\\Users\\Mei\\Documents\\Hyte-web-sovelluskehitys-projekti\\Hyte-FE\\browser\\traces\\temp\\33a58b43-facf-44db-9ef5-ca296659b34d"}</msg>
<arg>chromium</arg>
<arg>headless=No</arg>
<tag>BrowserControl</tag>
<tag>Setter</tag>
<doc>Create a new playwright Browser with specified options.</doc>
<status status="PASS" start="2025-03-30T15:37:49.473904" elapsed="0.815978"/>
</kw>
<kw name="New Page" owner="Browser">
<msg time="2025-03-30T15:37:50.607057" level="INFO">Successfully initialized new page object and opened url: http://localhost:5173/</msg>
<msg time="2025-03-30T15:37:50.607057" level="INFO">No context was open. New context was automatically opened when this page is created.</msg>
<arg>http://localhost:5173/</arg>
<tag>BrowserControl</tag>
<tag>Setter</tag>
<doc>Open a new Page.</doc>
<status status="PASS" start="2025-03-30T15:37:50.291440" elapsed="0.315617"/>
</kw>
<kw name="Get Title" owner="Browser">
<msg time="2025-03-30T15:37:50.633022" level="INFO">Title: 'Terveyspäiväkirja'</msg>
<arg>==</arg>
<arg>Terveyspäiväkirja</arg>
<tag>Assertion</tag>
<tag>Getter</tag>
<tag>PageContent</tag>
<doc>Returns the title of the current page.</doc>
<status status="PASS" start="2025-03-30T15:37:50.612100" elapsed="0.020922"/>
</kw>
<kw name="Type Text" owner="Browser">
<msg time="2025-03-30T15:37:50.635530" level="INFO">Types the text 'meitesti' in the given field.</msg>
<arg>[name="username"]</arg>
<arg>${Username}</arg>
<arg>delay=0.1 s</arg>
<tag>PageContent</tag>
<tag>Setter</tag>
<doc>Types the given ``txt`` into the text field found by ``selector``.</doc>
<status status="PASS" start="2025-03-30T15:37:50.634525" elapsed="0.934407"/>
</kw>
<kw name="Type Secret" owner="Browser">
<arg>[name="password"]</arg>
<arg>$Password</arg>
<arg>delay=0.1 s</arg>
<tag>PageContent</tag>
<tag>Setter</tag>
<doc>Types the given secret from ``variable_name`` into the text field
found by ``selector``.</doc>
<status status="PASS" start="2025-03-30T15:37:51.569979" elapsed="0.902749"/>
</kw>
<kw name="Click With Options" owner="Browser">
<msg time="2025-03-30T15:37:52.474739" level="INFO">Clicks the element '[name="submit"]'.</msg>
<arg>[name="submit"]</arg>
<arg>delay=1 s</arg>
<tag>PageContent</tag>
<tag>Setter</tag>
<doc>Simulates mouse click on the element found by ``selector``.</doc>
<status status="PASS" start="2025-03-30T15:37:52.473732" elapsed="1.045940"/>
</kw>
<kw name="Get Text" owner="Browser">
<msg time="2025-03-30T15:37:53.723896" level="INFO">Text: 'Päiväkirjamerkinnät'</msg>
<arg>id=latest-entries</arg>
<arg>==</arg>
<arg>Päiväkirjamerkinnät</arg>
<tag>Assertion</tag>
<tag>Getter</tag>
<tag>PageContent</tag>
<doc>Returns text attribute of the element found by ``selector``.</doc>
<status status="PASS" start="2025-03-30T15:37:53.520678" elapsed="0.203218"/>
</kw>
<msg time="2025-03-30T15:37:53.727697" level="INFO">Set timeout to: 10000</msg>
<status status="PASS" start="2025-03-30T15:37:49.472914" elapsed="4.250982"/>
</test>
<status status="PASS" start="2025-03-30T15:37:49.300448" elapsed="4.429251"/>
</suite>
<statistics>
<total>
<stat pass="1" fail="0" skip="0">All Tests</stat>
</total>
<tag>
</tag>
<suite>
<stat name="Teht2 Omabrowser Demo" id="s1" pass="1" fail="0" skip="0">Teht2 Omabrowser Demo</stat>
</suite>
</statistics>
<errors>
</errors>
</robot>
