<?xml version="1.0" encoding="UTF-8"?>
<robot generator="Robot 7.2.2 (Python 3.9.13 on win32)" generated="2025-03-30T22:14:50.372403" rpa="false" schemaversion="5">
<suite id="s1" name="Teht4 Omabrowser Demo" source="C:\Users\Mei\Documents\Hyte-web-sovelluskehitys-projekti\Hyte-FE\tests\fe\teht4\teht4_omabrowser_demo.robot">
<test id="s1-t1" name="Test Web Form" line="6">
<kw name="New Browser" owner="Browser">
<msg time="2025-03-30T22:14:50.548628" level="INFO">{"browser": "chromium", "headless": false, "chromiumSandbox": false, "devtools": false, "handleSIGHUP": true, "handleSIGINT": true, "handleSIGTERM": true, "slowMo": 0.0, "timeout": 30000.0, "tracesDir": "C:\\Users\\Mei\\Documents\\Hyte-web-sovelluskehitys-projekti\\Hyte-FE\\tests\\fe\\teht4\\browser\\traces\\temp\\5b0fd8cd-5e8a-4586-b6f5-3c9957149f04"}</msg>
<msg time="2025-03-30T22:14:50.575952" level="INFO">Starting Browser process C:\Users\Mei\Documents\Hyte-web-sovelluskehitys-projekti\Hyte-FE\.venv\lib\site-packages\Browser\wrapper\index.js using port 56352</msg>
<msg time="2025-03-30T22:14:50.577166" level="INFO">Node startup parameters: ['node', 'C:\\Users\\Mei\\Documents\\Hyte-web-sovelluskehitys-projekti\\Hyte-FE\\.venv\\lib\\site-packages\\Browser\\wrapper\\index.js', '56352']</msg>
<msg time="2025-03-30T22:14:51.923427" level="INFO">Successfully created browser with options: {"browser":"chromium","headless":false,"chromiumSandbox":false,"devtools":false,"handleSIGHUP":true,"handleSIGINT":true,"handleSIGTERM":true,"slowMo":0,"timeout":30000,"tracesDir":"C:\\Users\\Mei\\Documents\\Hyte-web-sovelluskehitys-projekti\\Hyte-FE\\tests\\fe\\teht4\\browser\\traces\\temp\\5b0fd8cd-5e8a-4586-b6f5-3c9957149f04"}</msg>
<arg>chromium</arg>
<arg>headless=No</arg>
<tag>BrowserControl</tag>
<tag>Setter</tag>
<doc>Create a new playwright Browser with specified options.</doc>
<status status="PASS" start="2025-03-30T22:14:50.547620" elapsed="1.375807"/>
</kw>
<kw name="New Page" owner="Browser">
<msg time="2025-03-30T22:14:52.340376" level="INFO">Successfully initialized new page object and opened url: http://localhost:5173/</msg>
<msg time="2025-03-30T22:14:52.340376" level="INFO">No context was open. New context was automatically opened when this page is created.</msg>
<arg>http://localhost:5173/</arg>
<tag>BrowserControl</tag>
<tag>Setter</tag>
<doc>Open a new Page.</doc>
<status status="PASS" start="2025-03-30T22:14:51.929828" elapsed="0.410548"/>
</kw>
<kw name="Get Title" owner="Browser">
<msg time="2025-03-30T22:14:52.359255" level="INFO">Title: 'Terveyspäiväkirja'</msg>
<arg>==</arg>
<arg>Terveyspäiväkirja</arg>
<tag>Assertion</tag>
<tag>Getter</tag>
<tag>PageContent</tag>
<doc>Returns the title of the current page.</doc>
<status status="PASS" start="2025-03-30T22:14:52.341375" elapsed="0.017880"/>
</kw>
<kw name="Type Text" owner="Browser">
<msg time="2025-03-30T22:14:52.362256" level="INFO">Types the text 'meitesti' in the given field.</msg>
<arg>[name="username"]</arg>
<arg>${Username}</arg>
<arg>delay=0.1 s</arg>
<tag>PageContent</tag>
<tag>Setter</tag>
<doc>Types the given ``txt`` into the text field found by ``selector``.</doc>
<status status="PASS" start="2025-03-30T22:14:52.360256" elapsed="0.943982"/>
</kw>
<kw name="Type Secret" owner="Browser">
<arg>[name="password"]</arg>
<arg>$Password</arg>
<arg>delay=0.1 s</arg>
<tag>PageContent</tag>
<tag>Setter</tag>
<doc>Types the given secret from ``variable_name`` into the text field
found by ``selector``.</doc>
<status status="PASS" start="2025-03-30T22:14:53.304745" elapsed="0.900302"/>
</kw>
<kw name="Click With Options" owner="Browser">
<msg time="2025-03-30T22:14:54.207046" level="INFO">Clicks the element '[name="submit"]'.</msg>
<arg>[name="submit"]</arg>
<arg>delay=1 s</arg>
<tag>PageContent</tag>
<tag>Setter</tag>
<doc>Simulates mouse click on the element found by ``selector``.</doc>
<status status="PASS" start="2025-03-30T22:14:54.206046" elapsed="1.056110"/>
</kw>
<kw name="Get Text" owner="Browser">
<msg time="2025-03-30T22:14:55.433217" level="INFO">Text: 'Päiväkirjamerkinnät'</msg>
<arg>id=latest-entries</arg>
<arg>==</arg>
<arg>Päiväkirjamerkinnät</arg>
<tag>Assertion</tag>
<tag>Getter</tag>
<tag>PageContent</tag>
<doc>Returns text attribute of the element found by ``selector``.</doc>
<status status="PASS" start="2025-03-30T22:14:55.263156" elapsed="0.170061"/>
</kw>
<kw name="Click With Options" owner="Browser">
<msg time="2025-03-30T22:14:55.434213" level="INFO">Clicks the element 'id=add-button'.</msg>
<arg>id=add-button</arg>
<tag>PageContent</tag>
<tag>Setter</tag>
<doc>Simulates mouse click on the element found by ``selector``.</doc>
<status status="PASS" start="2025-03-30T22:14:55.434213" elapsed="0.071967"/>
</kw>
<kw name="Type Text" owner="Browser">
<msg time="2025-03-30T22:14:55.508176" level="INFO">Types the text '30032025' in the given field.</msg>
<arg>[name="date"]</arg>
<arg>${Päivämäärä}</arg>
<arg>delay=0.1 s</arg>
<tag>PageContent</tag>
<tag>Setter</tag>
<doc>Types the given ``txt`` into the text field found by ``selector``.</doc>
<status status="PASS" start="2025-03-30T22:14:55.507175" elapsed="0.886109"/>
</kw>
<kw name="Type Text" owner="Browser">
<msg time="2025-03-30T22:14:56.394796" level="INFO">Types the text 'Iloinen' in the given field.</msg>
<arg>[name="mood"]</arg>
<arg>${Olotila}</arg>
<arg>delay=0.1 s</arg>
<tag>PageContent</tag>
<tag>Setter</tag>
<doc>Types the given ``txt`` into the text field found by ``selector``.</doc>
<status status="PASS" start="2025-03-30T22:14:56.394796" elapsed="0.788879"/>
</kw>
<kw name="Type Text" owner="Browser">
<msg time="2025-03-30T22:14:57.185774" level="INFO">Types the text '70' in the given field.</msg>
<arg>[name="weight"]</arg>
<arg>${Paino}</arg>
<arg>delay=0.1 s</arg>
<tag>PageContent</tag>
<tag>Setter</tag>
<doc>Types the given ``txt`` into the text field found by ``selector``.</doc>
<status status="PASS" start="2025-03-30T22:14:57.184683" elapsed="0.248324"/>
</kw>
<kw name="Type Text" owner="Browser">
<msg time="2025-03-30T22:14:57.434011" level="INFO">Types the text '9' in the given field.</msg>
<arg>[name="sleep_hours"]</arg>
<arg>${Unta}</arg>
<arg>delay=0.1 s</arg>
<tag>PageContent</tag>
<tag>Setter</tag>
<doc>Types the given ``txt`` into the text field found by ``selector``.</doc>
<status status="PASS" start="2025-03-30T22:14:57.434011" elapsed="0.125048"/>
</kw>
<kw name="Type Text" owner="Browser">
<msg time="2025-03-30T22:14:57.561055" level="INFO">Types the text 'Nukahdin heti' in the given field.</msg>
<arg>[name="notes"]</arg>
<arg>${Kuvaus}</arg>
<arg>delay=0.1 s</arg>
<tag>PageContent</tag>
<tag>Setter</tag>
<doc>Types the given ``txt`` into the text field found by ``selector``.</doc>
<status status="PASS" start="2025-03-30T22:14:57.560057" elapsed="1.445006"/>
</kw>
<kw name="Click With Options" owner="Browser">
<msg time="2025-03-30T22:14:59.006961" level="INFO">Clicks the element 'id=diary-submit'.</msg>
<arg>id=diary-submit</arg>
<tag>PageContent</tag>
<tag>Setter</tag>
<doc>Simulates mouse click on the element found by ``selector``.</doc>
<status status="PASS" start="2025-03-30T22:14:59.005965" elapsed="0.032054"/>
</kw>
<msg time="2025-03-30T22:14:59.041014" level="INFO">Set timeout to: 10000</msg>
<status status="PASS" start="2025-03-30T22:14:50.545622" elapsed="8.493395"/>
</test>
<status status="PASS" start="2025-03-30T22:14:50.374412" elapsed="8.669116"/>
</suite>
<statistics>
<total>
<stat pass="1" fail="0" skip="0">All Tests</stat>
</total>
<tag>
</tag>
<suite>
<stat name="Teht4 Omabrowser Demo" id="s1" pass="1" fail="0" skip="0">Teht4 Omabrowser Demo</stat>
</suite>
</statistics>
<errors>
</errors>
</robot>
