<?xml version="1.0" encoding="UTF-8"?>
<robot generator="Robot 7.2.2 (Python 3.9.13 on win32)" generated="2025-04-11T17:52:45.814572" rpa="false" schemaversion="5">
<suite id="s1" name="Teht6 Omabrowser Demo" source="C:\Users\Mei\Documents\Hyte-web-sovelluskehitys-projekti\Hyte-FE\tests\frontend\teht6\teht6_omabrowser_demo.robot">
<test id="s1-t1" name="Test Web Form" line="10">
<kw name="New Browser" owner="Browser">
<msg time="2025-04-11T17:52:46.745176" level="INFO">{"browser": "chromium", "headless": false, "chromiumSandbox": false, "devtools": false, "handleSIGHUP": true, "handleSIGINT": true, "handleSIGTERM": true, "slowMo": 0.0, "timeout": 30000.0, "tracesDir": "C:\\Users\\Mei\\Documents\\Hyte-web-sovelluskehitys-projekti\\Hyte-FE\\tests\\frontend\\outputs\\teht6_output\\browser\\traces\\temp\\87f90443-9234-4f29-9a43-2c09c85f08a0"}</msg>
<msg time="2025-04-11T17:52:46.787790" level="INFO">Starting Browser process C:\Users\Mei\Documents\Hyte-web-sovelluskehitys-projekti\Hyte-FE\.venv\lib\site-packages\Browser\wrapper\index.js using port 56386</msg>
<msg time="2025-04-11T17:52:46.787790" level="INFO">Node startup parameters: ['node', 'C:\\Users\\Mei\\Documents\\Hyte-web-sovelluskehitys-projekti\\Hyte-FE\\.venv\\lib\\site-packages\\Browser\\wrapper\\index.js', '56386']</msg>
<msg time="2025-04-11T17:52:48.156745" level="INFO">Successfully created browser with options: {"browser":"chromium","headless":false,"chromiumSandbox":false,"devtools":false,"handleSIGHUP":true,"handleSIGINT":true,"handleSIGTERM":true,"slowMo":0,"timeout":30000,"tracesDir":"C:\\Users\\Mei\\Documents\\Hyte-web-sovelluskehitys-projekti\\Hyte-FE\\tests\\frontend\\outputs\\teht6_output\\browser\\traces\\temp\\87f90443-9234-4f29-9a43-2c09c85f08a0"}</msg>
<arg>chromium</arg>
<arg>headless=No</arg>
<tag>BrowserControl</tag>
<tag>Setter</tag>
<doc>Create a new playwright Browser with specified options.</doc>
<status status="PASS" start="2025-04-11T17:52:46.745176" elapsed="1.411569"/>
</kw>
<kw name="New Page" owner="Browser">
<msg time="2025-04-11T17:52:48.502375" level="INFO">Successfully initialized new page object and opened url: http://localhost:5173/</msg>
<msg time="2025-04-11T17:52:48.502375" level="INFO">No context was open. New context was automatically opened when this page is created.</msg>
<arg>http://localhost:5173/</arg>
<tag>BrowserControl</tag>
<tag>Setter</tag>
<doc>Open a new Page.</doc>
<status status="PASS" start="2025-04-11T17:52:48.158251" elapsed="0.344124"/>
</kw>
<kw name="Get Title" owner="Browser">
<msg time="2025-04-11T17:52:48.521239" level="INFO">Title: 'Terveyspäiväkirja'</msg>
<arg>==</arg>
<arg>Terveyspäiväkirja</arg>
<tag>Assertion</tag>
<tag>Getter</tag>
<tag>PageContent</tag>
<doc>Returns the title of the current page.</doc>
<status status="PASS" start="2025-04-11T17:52:48.506074" elapsed="0.015165"/>
</kw>
<kw name="Type Text" owner="Browser">
<msg time="2025-04-11T17:52:48.524240" level="INFO">Types the text '***' in the given field.</msg>
<arg>[name="username"]</arg>
<arg>${Username}</arg>
<arg>delay=0.1 s</arg>
<tag>PageContent</tag>
<tag>Setter</tag>
<doc>Types the given ``txt`` into the text field found by ``selector``.</doc>
<status status="PASS" start="2025-04-11T17:52:48.522239" elapsed="0.928228"/>
</kw>
<kw name="Type Secret" owner="Browser">
<arg>[name="password"]</arg>
<arg>$Password</arg>
<arg>delay=0.1 s</arg>
<tag>PageContent</tag>
<tag>Setter</tag>
<doc>Types the given secret from ``variable_name`` into the text field
found by ``selector``.</doc>
<status status="PASS" start="2025-04-11T17:52:49.451692" elapsed="0.904010"/>
</kw>
<kw name="Click With Options" owner="Browser">
<msg time="2025-04-11T17:52:50.358535" level="INFO">Clicks the element '[name="submit"]'.</msg>
<arg>[name="submit"]</arg>
<arg>delay=1 s</arg>
<tag>PageContent</tag>
<tag>Setter</tag>
<doc>Simulates mouse click on the element found by ``selector``.</doc>
<status status="PASS" start="2025-04-11T17:52:50.357214" elapsed="1.035728"/>
</kw>
<kw name="Get Text" owner="Browser">
<msg time="2025-04-11T17:52:51.584818" level="INFO">Text: 'Päiväkirjamerkinnät'</msg>
<arg>id=latest-entries</arg>
<arg>==</arg>
<arg>Päiväkirjamerkinnät</arg>
<tag>Assertion</tag>
<tag>Getter</tag>
<tag>PageContent</tag>
<doc>Returns text attribute of the element found by ``selector``.</doc>
<status status="PASS" start="2025-04-11T17:52:51.392942" elapsed="0.191876"/>
</kw>
<msg time="2025-04-11T17:52:51.588399" level="INFO">Set timeout to: 10000</msg>
<status status="PASS" start="2025-04-11T17:52:46.742662" elapsed="4.842156"/>
</test>
<status status="PASS" start="2025-04-11T17:52:45.816742" elapsed="5.773183"/>
</suite>
<statistics>
<total>
<stat pass="1" fail="0" skip="0">All Tests</stat>
</total>
<tag>
</tag>
<suite>
<stat name="Teht6 Omabrowser Demo" id="s1" pass="1" fail="0" skip="0">Teht6 Omabrowser Demo</stat>
</suite>
</statistics>
<errors>
</errors>
</robot>
