<?xml version="1.0" encoding="UTF-8"?>
<robot generator="Robot 7.2.2 (Python 3.9.13 on win32)" generated="2025-03-30T23:10:04.250254" rpa="false" schemaversion="5">
<suite id="s1" name="Teht4 Omabrowser Demo" source="C:\Users\Mei\Documents\Hyte-web-sovelluskehitys-projekti\Hyte-FE\tests\fe\teht4\teht4_omabrowser_demo.robot">
<test id="s1-t1" name="Test Web Form" line="6">
<kw name="New Browser" owner="Browser">
<msg time="2025-03-30T23:10:04.508985" level="INFO">{"browser": "chromium", "headless": false, "chromiumSandbox": false, "devtools": false, "handleSIGHUP": true, "handleSIGINT": true, "handleSIGTERM": true, "slowMo": 0.0, "timeout": 30000.0, "tracesDir": "C:\\Users\\Mei\\Documents\\Hyte-web-sovelluskehitys-projekti\\Hyte-FE\\tests\\fe\\teht4\\..\\..\\..\\outputs\\teht4\\browser\\traces\\temp\\58418125-4d0d-46ce-a5ec-5c72ee6675ce"}</msg>
<msg time="2025-03-30T23:10:04.540896" level="INFO">Starting Browser process C:\Users\Mei\Documents\Hyte-web-sovelluskehitys-projekti\Hyte-FE\.venv\lib\site-packages\Browser\wrapper\index.js using port 60131</msg>
<msg time="2025-03-30T23:10:04.540896" level="INFO">Node startup parameters: ['node', 'C:\\Users\\Mei\\Documents\\Hyte-web-sovelluskehitys-projekti\\Hyte-FE\\.venv\\lib\\site-packages\\Browser\\wrapper\\index.js', '60131']</msg>
<msg time="2025-03-30T23:10:05.875071" level="INFO">Successfully created browser with options: {"browser":"chromium","headless":false,"chromiumSandbox":false,"devtools":false,"handleSIGHUP":true,"handleSIGINT":true,"handleSIGTERM":true,"slowMo":0,"timeout":30000,"tracesDir":"C:\\Users\\Mei\\Documents\\Hyte-web-sovelluskehitys-projekti\\Hyte-FE\\tests\\fe\\teht4\\..\\..\\..\\outputs\\teht4\\browser\\traces\\temp\\58418125-4d0d-46ce-a5ec-5c72ee6675ce"}</msg>
<arg>chromium</arg>
<arg>headless=No</arg>
<tag>BrowserControl</tag>
<tag>Setter</tag>
<doc>Create a new playwright Browser with specified options.</doc>
<status status="PASS" start="2025-03-30T23:10:04.508985" elapsed="1.366086"/>
</kw>
<kw name="New Page" owner="Browser">
<msg time="2025-03-30T23:10:06.179165" level="INFO">Successfully initialized new page object and opened url: http://localhost:5173/</msg>
<msg time="2025-03-30T23:10:06.179165" level="INFO">No context was open. New context was automatically opened when this page is created.</msg>
<arg>http://localhost:5173/</arg>
<tag>BrowserControl</tag>
<tag>Setter</tag>
<doc>Open a new Page.</doc>
<status status="PASS" start="2025-03-30T23:10:05.877071" elapsed="0.302094"/>
</kw>
<kw name="Get Title" owner="Browser">
<msg time="2025-03-30T23:10:06.195976" level="INFO">Title: 'Terveyspäiväkirja'</msg>
<arg>==</arg>
<arg>Terveyspäiväkirja</arg>
<tag>Assertion</tag>
<tag>Getter</tag>
<tag>PageContent</tag>
<doc>Returns the title of the current page.</doc>
<status status="PASS" start="2025-03-30T23:10:06.179165" elapsed="0.016811"/>
</kw>
<kw name="Type Text" owner="Browser">
<msg time="2025-03-30T23:10:06.195976" level="INFO">Types the text 'meitesti' in the given field.</msg>
<arg>[name="username"]</arg>
<arg>${Username}</arg>
<arg>delay=0.1 s</arg>
<tag>PageContent</tag>
<tag>Setter</tag>
<doc>Types the given ``txt`` into the text field found by ``selector``.</doc>
<status status="PASS" start="2025-03-30T23:10:06.195976" elapsed="0.990163"/>
</kw>
<kw name="Type Secret" owner="Browser">
<arg>[name="password"]</arg>
<arg>$Password</arg>
<arg>delay=0.1 s</arg>
<tag>PageContent</tag>
<tag>Setter</tag>
<doc>Types the given secret from ``variable_name`` into the text field
found by ``selector``.</doc>
<status status="PASS" start="2025-03-30T23:10:07.186139" elapsed="0.951527"/>
</kw>
<kw name="Click With Options" owner="Browser">
<msg time="2025-03-30T23:10:08.137666" level="INFO">Clicks the element '[name="submit"]'.</msg>
<arg>[name="submit"]</arg>
<arg>delay=1 s</arg>
<tag>PageContent</tag>
<tag>Setter</tag>
<doc>Simulates mouse click on the element found by ``selector``.</doc>
<status status="PASS" start="2025-03-30T23:10:08.137666" elapsed="1.031784"/>
</kw>
<kw name="Get Text" owner="Browser">
<msg time="2025-03-30T23:10:10.043497" level="INFO">Text: 'Päiväkirjamerkinnät'</msg>
<arg>id=latest-entries</arg>
<arg>==</arg>
<arg>Päiväkirjamerkinnät</arg>
<tag>Assertion</tag>
<tag>Getter</tag>
<tag>PageContent</tag>
<doc>Returns text attribute of the element found by ``selector``.</doc>
<status status="PASS" start="2025-03-30T23:10:09.169450" elapsed="0.874047"/>
</kw>
<kw name="Click With Options" owner="Browser">
<msg time="2025-03-30T23:10:10.043497" level="INFO">Clicks the element 'id=add-button'.</msg>
<arg>id=add-button</arg>
<tag>PageContent</tag>
<tag>Setter</tag>
<doc>Simulates mouse click on the element found by ``selector``.</doc>
<status status="PASS" start="2025-03-30T23:10:10.043497" elapsed="0.051081"/>
</kw>
<kw name="Type Text" owner="Browser">
<msg time="2025-03-30T23:10:10.097578" level="INFO">Types the text '30032025' in the given field.</msg>
<arg>[name="date"]</arg>
<arg>${Päivämäärä}</arg>
<arg>delay=0.1 s</arg>
<tag>PageContent</tag>
<tag>Setter</tag>
<doc>Types the given ``txt`` into the text field found by ``selector``.</doc>
<status status="PASS" start="2025-03-30T23:10:10.095592" elapsed="0.932391"/>
</kw>
<kw name="Type Text" owner="Browser">
<msg time="2025-03-30T23:10:11.036677" level="INFO">Types the text 'Iloinen' in the given field.</msg>
<arg>[name="mood"]</arg>
<arg>${Olotila}</arg>
<arg>delay=0.1 s</arg>
<tag>PageContent</tag>
<tag>Setter</tag>
<doc>Types the given ``txt`` into the text field found by ``selector``.</doc>
<status status="PASS" start="2025-03-30T23:10:11.027983" elapsed="0.837415"/>
</kw>
<kw name="Type Text" owner="Browser">
<msg time="2025-03-30T23:10:11.869406" level="INFO">Types the text '70' in the given field.</msg>
<arg>[name="weight"]</arg>
<arg>${Paino}</arg>
<arg>delay=0.1 s</arg>
<tag>PageContent</tag>
<tag>Setter</tag>
<doc>Types the given ``txt`` into the text field found by ``selector``.</doc>
<status status="PASS" start="2025-03-30T23:10:11.867403" elapsed="0.246680"/>
</kw>
<kw name="Type Text" owner="Browser">
<msg time="2025-03-30T23:10:12.114083" level="INFO">Types the text '9' in the given field.</msg>
<arg>[name="sleep_hours"]</arg>
<arg>${Unta}</arg>
<arg>delay=0.1 s</arg>
<tag>PageContent</tag>
<tag>Setter</tag>
<doc>Types the given ``txt`` into the text field found by ``selector``.</doc>
<status status="PASS" start="2025-03-30T23:10:12.114083" elapsed="0.148413"/>
</kw>
<kw name="Type Text" owner="Browser">
<msg time="2025-03-30T23:10:12.262496" level="INFO">Types the text 'Nukahdin heti' in the given field.</msg>
<arg>[name="notes"]</arg>
<arg>${Kuvaus}</arg>
<arg>delay=0.1 s</arg>
<tag>PageContent</tag>
<tag>Setter</tag>
<doc>Types the given ``txt`` into the text field found by ``selector``.</doc>
<status status="PASS" start="2025-03-30T23:10:12.262496" elapsed="1.542957"/>
</kw>
<kw name="Click With Options" owner="Browser">
<msg time="2025-03-30T23:10:13.807458" level="INFO">Clicks the element 'id=diary-submit'.</msg>
<arg>id=diary-submit</arg>
<tag>PageContent</tag>
<tag>Setter</tag>
<doc>Simulates mouse click on the element found by ``selector``.</doc>
<status status="PASS" start="2025-03-30T23:10:13.807458" elapsed="0.022447"/>
</kw>
<msg time="2025-03-30T23:10:13.833917" level="INFO">Set timeout to: 10000</msg>
<status status="PASS" start="2025-03-30T23:10:04.502532" elapsed="9.327373"/>
</test>
<status status="PASS" start="2025-03-30T23:10:04.250254" elapsed="9.584663"/>
</suite>
<statistics>
<total>
<stat pass="1" fail="0" skip="0">All Tests</stat>
</total>
<tag>
</tag>
<suite>
<stat name="Teht4 Omabrowser Demo" id="s1" pass="1" fail="0" skip="0">Teht4 Omabrowser Demo</stat>
</suite>
</statistics>
<errors>
</errors>
</robot>
