<?xml version="1.0" encoding="UTF-8"?>
<robot generator="Robot 7.2.2 (Python 3.9.13 on win32)" generated="2025-04-02T13:30:45.122873" rpa="false" schemaversion="5">
<suite id="s1" name="Teht5 Omabrowser Demo" source="C:\Users\Mei\Documents\Hyte-web-sovelluskehitys-projekti\Hyte-FE\tests\fe\teht5\teht5_omabrowser_demo.robot">
<test id="s1-t1" name="Test Web Form" line="6">
<kw name="New Browser" owner="Browser">
<msg time="2025-04-02T13:30:45.306615" level="INFO">{"browser": "chromium", "headless": false, "chromiumSandbox": false, "devtools": false, "handleSIGHUP": true, "handleSIGINT": true, "handleSIGTERM": true, "slowMo": 0.0, "timeout": 30000.0, "tracesDir": "C:\\Users\\Mei\\Documents\\Hyte-web-sovelluskehitys-projekti\\Hyte-FE\\tests\\fe\\teht5\\..\\..\\outputs\\teht5\\browser\\traces\\temp\\d48c3218-efc1-43be-89fe-659d3a4bd722"}</msg>
<msg time="2025-04-02T13:30:45.330915" level="INFO">Starting Browser process C:\Users\Mei\Documents\Hyte-web-sovelluskehitys-projekti\Hyte-FE\.venv\lib\site-packages\Browser\wrapper\index.js using port 52616</msg>
<msg time="2025-04-02T13:30:45.330915" level="INFO">Node startup parameters: ['node', 'C:\\Users\\Mei\\Documents\\Hyte-web-sovelluskehitys-projekti\\Hyte-FE\\.venv\\lib\\site-packages\\Browser\\wrapper\\index.js', '52616']</msg>
<msg time="2025-04-02T13:30:46.675087" level="INFO">Successfully created browser with options: {"browser":"chromium","headless":false,"chromiumSandbox":false,"devtools":false,"handleSIGHUP":true,"handleSIGINT":true,"handleSIGTERM":true,"slowMo":0,"timeout":30000,"tracesDir":"C:\\Users\\Mei\\Documents\\Hyte-web-sovelluskehitys-projekti\\Hyte-FE\\tests\\fe\\teht5\\..\\..\\outputs\\teht5\\browser\\traces\\temp\\d48c3218-efc1-43be-89fe-659d3a4bd722"}</msg>
<arg>chromium</arg>
<arg>headless=No</arg>
<tag>BrowserControl</tag>
<tag>Setter</tag>
<doc>Create a new playwright Browser with specified options.</doc>
<status status="PASS" start="2025-04-02T13:30:45.306615" elapsed="1.368472"/>
</kw>
<kw name="New Page" owner="Browser">
<msg time="2025-04-02T13:30:47.149718" level="INFO">Successfully initialized new page object and opened url: http://localhost:5173/</msg>
<msg time="2025-04-02T13:30:47.149718" level="INFO">No context was open. New context was automatically opened when this page is created.</msg>
<arg>http://localhost:5173/</arg>
<tag>BrowserControl</tag>
<tag>Setter</tag>
<doc>Open a new Page.</doc>
<status status="PASS" start="2025-04-02T13:30:46.676093" elapsed="0.473625"/>
</kw>
<kw name="Get Title" owner="Browser">
<msg time="2025-04-02T13:30:47.163270" level="INFO">Title: 'Terveyspäiväkirja'</msg>
<arg>==</arg>
<arg>Terveyspäiväkirja</arg>
<tag>Assertion</tag>
<tag>Getter</tag>
<tag>PageContent</tag>
<doc>Returns the title of the current page.</doc>
<status status="PASS" start="2025-04-02T13:30:47.151711" elapsed="0.011559"/>
</kw>
<kw name="Type Text" owner="Browser">
<msg time="2025-04-02T13:30:47.165270" level="INFO">Types the text 'Meitesti' in the given field.</msg>
<arg>[name="username"]</arg>
<arg>${Username}</arg>
<arg>delay=0.1 s</arg>
<tag>PageContent</tag>
<tag>Setter</tag>
<doc>Types the given ``txt`` into the text field found by ``selector``.</doc>
<status status="PASS" start="2025-04-02T13:30:47.164269" elapsed="0.923525"/>
</kw>
<kw name="Type Secret" owner="Browser">
<arg>[name="password"]</arg>
<arg>$Password</arg>
<arg>delay=0.1 s</arg>
<tag>PageContent</tag>
<tag>Setter</tag>
<doc>Types the given secret from ``variable_name`` into the text field
found by ``selector``.</doc>
<status status="PASS" start="2025-04-02T13:30:48.089300" elapsed="0.892198"/>
</kw>
<kw name="Click With Options" owner="Browser">
<msg time="2025-04-02T13:30:48.982495" level="INFO">Clicks the element '[name="submit"]'.</msg>
<arg>[name="submit"]</arg>
<arg>delay=1 s</arg>
<tag>PageContent</tag>
<tag>Setter</tag>
<doc>Simulates mouse click on the element found by ``selector``.</doc>
<status status="PASS" start="2025-04-02T13:30:48.982495" elapsed="1.048066"/>
</kw>
<kw name="Get Text" owner="Browser">
<msg time="2025-04-02T13:30:50.282330" level="INFO">Text: 'Päiväkirjamerkinnät'</msg>
<arg>id=latest-entries</arg>
<arg>==</arg>
<arg>Päiväkirjamerkinnät</arg>
<tag>Assertion</tag>
<tag>Getter</tag>
<tag>PageContent</tag>
<doc>Returns text attribute of the element found by ``selector``.</doc>
<status status="PASS" start="2025-04-02T13:30:50.031839" elapsed="0.251497"/>
</kw>
<msg time="2025-04-02T13:30:50.289343" level="INFO">Set timeout to: 10000</msg>
<status status="PASS" start="2025-04-02T13:30:45.305616" elapsed="4.977720"/>
</test>
<status status="PASS" start="2025-04-02T13:30:45.123879" elapsed="5.166556"/>
</suite>
<statistics>
<total>
<stat pass="1" fail="0" skip="0">All Tests</stat>
</total>
<tag>
</tag>
<suite>
<stat name="Teht5 Omabrowser Demo" id="s1" pass="1" fail="0" skip="0">Teht5 Omabrowser Demo</stat>
</suite>
</statistics>
<errors>
</errors>
</robot>
