<?xml version="1.0" encoding="UTF-8"?>
<robot generator="Robot 7.2.2 (Python 3.9.13 on win32)" generated="2025-03-30T22:29:14.926954" rpa="false" schemaversion="5">
<suite id="s1" name="Teht4 Omabrowser Demo" source="C:\Users\Mei\Documents\Hyte-web-sovelluskehitys-projekti\Hyte-FE\tests\fe\teht4\teht4_omabrowser_demo.robot">
<test id="s1-t1" name="Test Web Form" line="6">
<kw name="New Browser" owner="Browser">
<msg time="2025-03-30T22:29:15.108179" level="INFO">{"browser": "chromium", "headless": false, "chromiumSandbox": false, "devtools": false, "handleSIGHUP": true, "handleSIGINT": true, "handleSIGTERM": true, "slowMo": 0.0, "timeout": 30000.0, "tracesDir": "C:\\Users\\Mei\\Documents\\Hyte-web-sovelluskehitys-projekti\\Hyte-FE\\tests\\fe\\teht4\\..\\outputs\\browser\\traces\\temp\\1587da00-27f8-4485-b101-85129f8ca0cb"}</msg>
<msg time="2025-03-30T22:29:15.137018" level="INFO">Starting Browser process C:\Users\Mei\Documents\Hyte-web-sovelluskehitys-projekti\Hyte-FE\.venv\lib\site-packages\Browser\wrapper\index.js using port 57251</msg>
<msg time="2025-03-30T22:29:15.137018" level="INFO">Node startup parameters: ['node', 'C:\\Users\\Mei\\Documents\\Hyte-web-sovelluskehitys-projekti\\Hyte-FE\\.venv\\lib\\site-packages\\Browser\\wrapper\\index.js', '57251']</msg>
<msg time="2025-03-30T22:29:16.493413" level="INFO">Successfully created browser with options: {"browser":"chromium","headless":false,"chromiumSandbox":false,"devtools":false,"handleSIGHUP":true,"handleSIGINT":true,"handleSIGTERM":true,"slowMo":0,"timeout":30000,"tracesDir":"C:\\Users\\Mei\\Documents\\Hyte-web-sovelluskehitys-projekti\\Hyte-FE\\tests\\fe\\teht4\\..\\outputs\\browser\\traces\\temp\\1587da00-27f8-4485-b101-85129f8ca0cb"}</msg>
<arg>chromium</arg>
<arg>headless=No</arg>
<tag>BrowserControl</tag>
<tag>Setter</tag>
<doc>Create a new playwright Browser with specified options.</doc>
<status status="PASS" start="2025-03-30T22:29:15.107179" elapsed="1.387740"/>
</kw>
<kw name="New Page" owner="Browser">
<msg time="2025-03-30T22:29:16.838839" level="INFO">Successfully initialized new page object and opened url: http://localhost:5173/</msg>
<msg time="2025-03-30T22:29:16.839839" level="INFO">No context was open. New context was automatically opened when this page is created.</msg>
<arg>http://localhost:5173/</arg>
<tag>BrowserControl</tag>
<tag>Setter</tag>
<doc>Open a new Page.</doc>
<status status="PASS" start="2025-03-30T22:29:16.498664" elapsed="0.341175"/>
</kw>
<kw name="Get Title" owner="Browser">
<msg time="2025-03-30T22:29:16.855945" level="INFO">Title: 'Terveyspäiväkirja'</msg>
<arg>==</arg>
<arg>Terveyspäiväkirja</arg>
<tag>Assertion</tag>
<tag>Getter</tag>
<tag>PageContent</tag>
<doc>Returns the title of the current page.</doc>
<status status="PASS" start="2025-03-30T22:29:16.839839" elapsed="0.016106"/>
</kw>
<kw name="Type Text" owner="Browser">
<msg time="2025-03-30T22:29:16.857941" level="INFO">Types the text 'meitesti' in the given field.</msg>
<arg>[name="username"]</arg>
<arg>${Username}</arg>
<arg>delay=0.1 s</arg>
<tag>PageContent</tag>
<tag>Setter</tag>
<doc>Types the given ``txt`` into the text field found by ``selector``.</doc>
<status status="PASS" start="2025-03-30T22:29:16.856940" elapsed="0.953718"/>
</kw>
<kw name="Type Secret" owner="Browser">
<arg>[name="password"]</arg>
<arg>$Password</arg>
<arg>delay=0.1 s</arg>
<tag>PageContent</tag>
<tag>Setter</tag>
<doc>Types the given secret from ``variable_name`` into the text field
found by ``selector``.</doc>
<status status="PASS" start="2025-03-30T22:29:17.811256" elapsed="0.899950"/>
</kw>
<kw name="Click With Options" owner="Browser">
<msg time="2025-03-30T22:29:18.714411" level="INFO">Clicks the element '[name="submit"]'.</msg>
<arg>[name="submit"]</arg>
<arg>delay=1 s</arg>
<tag>PageContent</tag>
<tag>Setter</tag>
<doc>Simulates mouse click on the element found by ``selector``.</doc>
<status status="PASS" start="2025-03-30T22:29:18.712406" elapsed="1.063447"/>
</kw>
<kw name="Get Text" owner="Browser">
<msg time="2025-03-30T22:29:19.958570" level="INFO">Text: 'Päiväkirjamerkinnät'</msg>
<arg>id=latest-entries</arg>
<arg>==</arg>
<arg>Päiväkirjamerkinnät</arg>
<tag>Assertion</tag>
<tag>Getter</tag>
<tag>PageContent</tag>
<doc>Returns text attribute of the element found by ``selector``.</doc>
<status status="PASS" start="2025-03-30T22:29:19.776854" elapsed="0.181716"/>
</kw>
<kw name="Click With Options" owner="Browser">
<msg time="2025-03-30T22:29:19.970648" level="INFO">Clicks the element 'id=add-button'.</msg>
<arg>id=add-button</arg>
<tag>PageContent</tag>
<tag>Setter</tag>
<doc>Simulates mouse click on the element found by ``selector``.</doc>
<status status="PASS" start="2025-03-30T22:29:19.969644" elapsed="0.052766"/>
</kw>
<kw name="Type Text" owner="Browser">
<msg time="2025-03-30T22:29:20.024411" level="INFO">Types the text '30032025' in the given field.</msg>
<arg>[name="date"]</arg>
<arg>${Päivämäärä}</arg>
<arg>delay=0.1 s</arg>
<tag>PageContent</tag>
<tag>Setter</tag>
<doc>Types the given ``txt`` into the text field found by ``selector``.</doc>
<status status="PASS" start="2025-03-30T22:29:20.023409" elapsed="0.884652"/>
</kw>
<kw name="Type Text" owner="Browser">
<msg time="2025-03-30T22:29:20.909569" level="INFO">Types the text 'Iloinen' in the given field.</msg>
<arg>[name="mood"]</arg>
<arg>${Olotila}</arg>
<arg>delay=0.1 s</arg>
<tag>PageContent</tag>
<tag>Setter</tag>
<doc>Types the given ``txt`` into the text field found by ``selector``.</doc>
<status status="PASS" start="2025-03-30T22:29:20.909569" elapsed="0.783618"/>
</kw>
<kw name="Type Text" owner="Browser">
<msg time="2025-03-30T22:29:21.694694" level="INFO">Types the text '70' in the given field.</msg>
<arg>[name="weight"]</arg>
<arg>${Paino}</arg>
<arg>delay=0.1 s</arg>
<tag>PageContent</tag>
<tag>Setter</tag>
<doc>Types the given ``txt`` into the text field found by ``selector``.</doc>
<status status="PASS" start="2025-03-30T22:29:21.694694" elapsed="0.245852"/>
</kw>
<kw name="Type Text" owner="Browser">
<msg time="2025-03-30T22:29:21.942608" level="INFO">Types the text '9' in the given field.</msg>
<arg>[name="sleep_hours"]</arg>
<arg>${Unta}</arg>
<arg>delay=0.1 s</arg>
<tag>PageContent</tag>
<tag>Setter</tag>
<doc>Types the given ``txt`` into the text field found by ``selector``.</doc>
<status status="PASS" start="2025-03-30T22:29:21.941553" elapsed="0.138717"/>
</kw>
<kw name="Type Text" owner="Browser">
<msg time="2025-03-30T22:29:22.082282" level="INFO">Types the text 'Nukahdin heti' in the given field.</msg>
<arg>[name="notes"]</arg>
<arg>${Kuvaus}</arg>
<arg>delay=0.1 s</arg>
<tag>PageContent</tag>
<tag>Setter</tag>
<doc>Types the given ``txt`` into the text field found by ``selector``.</doc>
<status status="PASS" start="2025-03-30T22:29:22.081284" elapsed="1.432370"/>
</kw>
<kw name="Click With Options" owner="Browser">
<msg time="2025-03-30T22:29:23.516719" level="INFO">Clicks the element 'id=diary-submit'.</msg>
<arg>id=diary-submit</arg>
<tag>PageContent</tag>
<tag>Setter</tag>
<doc>Simulates mouse click on the element found by ``selector``.</doc>
<status status="PASS" start="2025-03-30T22:29:23.515730" elapsed="0.027225"/>
</kw>
<msg time="2025-03-30T22:29:23.547534" level="INFO">Set timeout to: 10000</msg>
<status status="PASS" start="2025-03-30T22:29:15.106181" elapsed="8.436774"/>
</test>
<status status="PASS" start="2025-03-30T22:29:14.928960" elapsed="8.621112"/>
</suite>
<statistics>
<total>
<stat pass="1" fail="0" skip="0">All Tests</stat>
</total>
<tag>
</tag>
<suite>
<stat name="Teht4 Omabrowser Demo" id="s1" pass="1" fail="0" skip="0">Teht4 Omabrowser Demo</stat>
</suite>
</statistics>
<errors>
</errors>
</robot>
