<?xml version="1.0" encoding="UTF-8"?>
<robot generator="Robot 7.2.2 (Python 3.9.13 on win32)" generated="2025-03-30T21:56:21.919954" rpa="false" schemaversion="5">
<suite id="s1" name="Teht3 Browser Demo" source="C:\Users\Mei\Documents\Hyte-web-sovelluskehitys-projekti\Hyte-FE\tests\fe\teht3\teht3_browser_demo.robot">
<test id="s1-t1" name="Test Web Form" line="6">
<kw name="New Browser" owner="Browser">
<msg time="2025-03-30T21:56:22.091120" level="INFO">{"browser": "chromium", "headless": false, "chromiumSandbox": false, "devtools": false, "handleSIGHUP": true, "handleSIGINT": true, "handleSIGTERM": true, "slowMo": 0.0, "timeout": 30000.0, "tracesDir": "C:\\Users\\Mei\\Documents\\Hyte-web-sovelluskehitys-projekti\\Hyte-FE\\tests\\fe\\teht3\\browser\\traces\\temp\\c3a5a366-0e43-4691-b38c-ddfab3fbdbec"}</msg>
<msg time="2025-03-30T21:56:22.118567" level="INFO">Starting Browser process C:\Users\Mei\Documents\Hyte-web-sovelluskehitys-projekti\Hyte-FE\.venv\lib\site-packages\Browser\wrapper\index.js using port 55077</msg>
<msg time="2025-03-30T21:56:22.118567" level="INFO">Node startup parameters: ['node', 'C:\\Users\\Mei\\Documents\\Hyte-web-sovelluskehitys-projekti\\Hyte-FE\\.venv\\lib\\site-packages\\Browser\\wrapper\\index.js', '55077']</msg>
<msg time="2025-03-30T21:56:22.886851" level="INFO">Successfully created browser with options: {"browser":"chromium","headless":false,"chromiumSandbox":false,"devtools":false,"handleSIGHUP":true,"handleSIGINT":true,"handleSIGTERM":true,"slowMo":0,"timeout":30000,"tracesDir":"C:\\Users\\Mei\\Documents\\Hyte-web-sovelluskehitys-projekti\\Hyte-FE\\tests\\fe\\teht3\\browser\\traces\\temp\\c3a5a366-0e43-4691-b38c-ddfab3fbdbec"}</msg>
<arg>chromium</arg>
<arg>headless=No</arg>
<tag>BrowserControl</tag>
<tag>Setter</tag>
<doc>Create a new playwright Browser with specified options.</doc>
<status status="PASS" start="2025-03-30T21:56:22.090129" elapsed="0.796722"/>
</kw>
<kw name="New Page" owner="Browser">
<msg time="2025-03-30T21:56:23.471362" level="INFO">Successfully initialized new page object and opened url: https://www.selenium.dev/selenium/web/web-form.html</msg>
<msg time="2025-03-30T21:56:23.471362" level="INFO">No context was open. New context was automatically opened when this page is created.</msg>
<arg>https://www.selenium.dev/selenium/web/web-form.html</arg>
<tag>BrowserControl</tag>
<tag>Setter</tag>
<doc>Open a new Page.</doc>
<status status="PASS" start="2025-03-30T21:56:22.888357" elapsed="0.583005"/>
</kw>
<kw name="Get Title" owner="Browser">
<msg time="2025-03-30T21:56:23.483877" level="INFO">Title: 'Web form'</msg>
<arg>==</arg>
<arg>Web form</arg>
<tag>Assertion</tag>
<tag>Getter</tag>
<tag>PageContent</tag>
<doc>Returns the title of the current page.</doc>
<status status="PASS" start="2025-03-30T21:56:23.473359" elapsed="0.010518"/>
</kw>
<kw name="Type Text" owner="Browser">
<msg time="2025-03-30T21:56:23.485981" level="INFO">Types the text 'somebody@example.com' in the given field.</msg>
<arg>[name="my-text"]</arg>
<arg>${Username}</arg>
<tag>PageContent</tag>
<tag>Setter</tag>
<doc>Types the given ``txt`` into the text field found by ``selector``.</doc>
<status status="PASS" start="2025-03-30T21:56:23.484878" elapsed="0.130779"/>
</kw>
<kw name="Type Secret" owner="Browser">
<arg>[name="my-password"]</arg>
<arg>$Password</arg>
<tag>PageContent</tag>
<tag>Setter</tag>
<doc>Types the given secret from ``variable_name`` into the text field
found by ``selector``.</doc>
<status status="PASS" start="2025-03-30T21:56:23.616661" elapsed="0.049995"/>
</kw>
<kw name="Type Text" owner="Browser">
<msg time="2025-03-30T21:56:23.667656" level="INFO">Types the text 'Hello, Robot Framework!
How are you today?' in the given field.</msg>
<arg>[name="my-textarea"]</arg>
<arg>${Message}</arg>
<tag>PageContent</tag>
<tag>Setter</tag>
<doc>Types the given ``txt`` into the text field found by ``selector``.</doc>
<status status="PASS" start="2025-03-30T21:56:23.666656" elapsed="0.134784"/>
</kw>
<kw name="Select Options By" owner="Browser">
<msg time="2025-03-30T21:56:23.802467" level="INFO">Selects the option(s) 1 by attribute SelectAttribute.value from element css=select.form-select.</msg>
<arg>css=select.form-select</arg>
<arg>value</arg>
<arg>1</arg>
<tag>PageContent</tag>
<tag>Setter</tag>
<doc>Selects options from select element found by ``selector``.</doc>
<status status="PASS" start="2025-03-30T21:56:23.801440" elapsed="0.029756"/>
</kw>
<kw name="Type Text" owner="Browser">
<msg time="2025-03-30T21:56:23.834194" level="INFO">Types the text 'New York' in the given field.</msg>
<arg>input[name="my-datalist"]</arg>
<arg>${City}</arg>
<tag>PageContent</tag>
<tag>Setter</tag>
<doc>Types the given ``txt`` into the text field found by ``selector``.</doc>
<status status="PASS" start="2025-03-30T21:56:23.832196" elapsed="0.096208"/>
</kw>
<kw name="Uncheck Checkbox" owner="Browser">
<arg>selector=#my-check-1</arg>
<tag>PageContent</tag>
<tag>Setter</tag>
<doc>Unchecks the checkbox found by ``selector``.</doc>
<status status="PASS" start="2025-03-30T21:56:23.929747" elapsed="0.038955"/>
</kw>
<kw name="Check Checkbox" owner="Browser">
<arg>selector=#my-check-2</arg>
<tag>PageContent</tag>
<tag>Setter</tag>
<doc>Checks the checkbox or selects radio button found by ``selector``.</doc>
<status status="PASS" start="2025-03-30T21:56:23.969707" elapsed="0.048626"/>
</kw>
<kw name="Upload File By Selector" owner="Browser">
<arg>input[type="file"]</arg>
<arg>C:\\Users\\Mei\\Documents\\Hyte-web-sovelluskehitys-projekti\\Hyte-FE\\tests\\fe\\teht3/${Filename}</arg>
<tag>PageContent</tag>
<tag>Setter</tag>
<doc>Uploads file from ``path`` to file input element matched by selector.</doc>
<status status="PASS" start="2025-03-30T21:56:24.019341" elapsed="0.014016"/>
</kw>
<kw name="Click With Options" owner="Browser">
<msg time="2025-03-30T21:56:24.034357" level="INFO">Clicks the element 'input#my-radio-2'.</msg>
<arg>input#my-radio-2</arg>
<tag>PageContent</tag>
<tag>Setter</tag>
<doc>Simulates mouse click on the element found by ``selector``.</doc>
<status status="PASS" start="2025-03-30T21:56:24.033357" elapsed="0.049324"/>
</kw>
<kw name="Click With Options" owner="Browser">
<msg time="2025-03-30T21:56:24.084691" level="INFO">Clicks the element 'button'.</msg>
<arg>button</arg>
<arg>delay=2 s</arg>
<tag>PageContent</tag>
<tag>Setter</tag>
<doc>Simulates mouse click on the element found by ``selector``.</doc>
<status status="PASS" start="2025-03-30T21:56:24.083684" elapsed="2.103566"/>
</kw>
<kw name="Evaluate" owner="BuiltIn">
<msg time="2025-03-30T21:56:26.188759" level="FAIL">Evaluating expression 'document.querySelector(\'input[type="color"]\').setAttribute(\'value\', \'#34bdeb\')' failed: ModuleNotFoundError: No module named 'browser'</msg>
<arg>document.querySelector('input[type="color"]').setAttribute('value', '#34bdeb')</arg>
<arg>browser</arg>
<doc>Evaluates the given expression in Python and returns the result.</doc>
<status status="FAIL" start="2025-03-30T21:56:26.188249" elapsed="0.001515">Evaluating expression 'document.querySelector(\'input[type="color"]\').setAttribute(\'value\', \'#34bdeb\')' failed: ModuleNotFoundError: No module named 'browser'</status>
</kw>
<kw name="Get Text" owner="Browser">
<arg>id=message</arg>
<arg>==</arg>
<arg>Received!</arg>
<tag>Assertion</tag>
<tag>Getter</tag>
<tag>PageContent</tag>
<doc>Returns text attribute of the element found by ``selector``.</doc>
<status status="NOT RUN" start="2025-03-30T21:56:26.189764" elapsed="0.000000"/>
</kw>
<msg time="2025-03-30T21:56:26.196295" level="INFO">Set timeout to: 10000</msg>
<status status="FAIL" start="2025-03-30T21:56:22.089114" elapsed="4.101650">Evaluating expression 'document.querySelector(\'input[type="color"]\').setAttribute(\'value\', \'#34bdeb\')' failed: ModuleNotFoundError: No module named 'browser'</status>
</test>
<status status="FAIL" start="2025-03-30T21:56:21.921828" elapsed="4.276475"/>
</suite>
<statistics>
<total>
<stat pass="0" fail="1" skip="0">All Tests</stat>
</total>
<tag>
</tag>
<suite>
<stat name="Teht3 Browser Demo" id="s1" pass="0" fail="1" skip="0">Teht3 Browser Demo</stat>
</suite>
</statistics>
<errors>
</errors>
</robot>
