<?xml version="1.0" encoding="UTF-8"?>
<robot generator="Robot 7.2.2 (Python 3.9.13 on win32)" generated="2025-04-21T20:23:02.299507" rpa="false" schemaversion="5">
<suite id="s1" name="Robot-Test-Requests" source="C:\Users\Mei\Documents\Hyte-web-sovelluskehitys-projekti\Hyte-BE\test\robot-test-requests.robot">
<kw name="Authenticate as Admin" type="SETUP">
<kw name="Create Dictionary" owner="BuiltIn">
<msg time="2025-04-21T20:23:02.423826" level="INFO">${body} = {'username': 'meiadmin', 'password': 'salasana'}</msg>
<var>${body}</var>
<arg>username=meiadmin</arg>
<arg>password=salasana</arg>
<doc>Creates and returns a dictionary based on the given ``items``.</doc>
<status status="PASS" start="2025-04-21T20:23:02.423826" elapsed="0.000000"/>
</kw>
<kw name="POST" owner="RequestsLibrary">
<msg time="2025-04-21T20:23:04.519095" level="INFO">POST Request : url=http://localhost:3000/api/auth/login 
 path_url=/api/auth/login 
 headers={'User-Agent': 'python-requests/2.32.3', 'Accept-Encoding': 'gzip, deflate', 'Accept': '*/*', 'Connection': 'keep-alive', 'Content-Length': '48', 'Content-Type': 'application/json'} 
 body=b'{"username": "meiadmin", "password": "salasana"}' 
 </msg>
<msg time="2025-04-21T20:23:04.519095" level="INFO">POST Response : url=http://localhost:3000/api/auth/login 
 status=200, reason=OK 
 headers={'X-Powered-By': 'Express', 'Access-Control-Allow-Origin': '*', 'Content-Type': 'application/json; charset=utf-8', 'Content-Length': '455', 'ETag': 'W/"1c7-n4PXQaLt109njwnGUhW58J2FVwM"', 'Date': 'Mon, 21 Apr 2025 17:23:04 GMT', 'Connection': 'keep-alive', 'Keep-Alive': 'timeout=5'} 
 body={"message":"login ok","user":{"user_id":33,"username":"MeiAdmin","email":"sposti@testi.fi","created_at":"2024-03-01T07:00:00.000Z","user_level":"admin"},"token":"eyJhbGciOiJIUzI1NiIsInR5cCI6IkpXVCJ9.eyJ1c2VyX2lkIjozMywidXNlcm5hbWUiOiJNZWlBZG1pbiIsImVtYWlsIjoic3Bvc3RpQHRlc3RpLmZpIiwiY3JlYXRlZF9hdCI6IjIwMjQtMDMtMDFUMDc6MDA6MDAuMDAwWiIsInVzZXJfbGV2ZWwiOiJhZG1pbiIsImlhdCI6MTc0NTI1NjE4NCwiZXhwIjoxNzQ1MzQyNTg0fQ.cEwjxliVxMprVkFIFZw9zfgy1IBMo0LbjNA9uPltyUQ"} 
 </msg>
<msg time="2025-04-21T20:23:04.519095" level="INFO">${response} = &lt;Response [200]&gt;</msg>
<var>${response}</var>
<arg>url=http://localhost:3000/api/auth/login</arg>
<arg>json=${body}</arg>
<doc>Sends a POST request.</doc>
<status status="PASS" start="2025-04-21T20:23:02.423826" elapsed="2.095269"/>
</kw>
<kw name="Log" owner="BuiltIn">
<msg time="2025-04-21T20:23:04.519095" level="INFO">{'message': 'login ok', 'user': {'user_id': 33, 'username': 'MeiAdmin', 'email': 'sposti@testi.fi', 'created_at': '2024-03-01T07:00:00.000Z', 'user_level': 'admin'}, 'token': 'eyJhbGciOiJIUzI1NiIsInR5cCI6IkpXVCJ9.eyJ1c2VyX2lkIjozMywidXNlcm5hbWUiOiJNZWlBZG1pbiIsImVtYWlsIjoic3Bvc3RpQHRlc3RpLmZpIiwiY3JlYXRlZF9hdCI6IjIwMjQtMDMtMDFUMDc6MDA6MDAuMDAwWiIsInVzZXJfbGV2ZWwiOiJhZG1pbiIsImlhdCI6MTc0NTI1NjE4NCwiZXhwIjoxNzQ1MzQyNTg0fQ.cEwjxliVxMprVkFIFZw9zfgy1IBMo0LbjNA9uPltyUQ'}</msg>
<arg>${response.json()}</arg>
<doc>Logs the given message with the given level.</doc>
<status status="PASS" start="2025-04-21T20:23:04.519095" elapsed="0.000000"/>
</kw>
<kw name="Set Variable" owner="BuiltIn">
<msg time="2025-04-21T20:23:04.519095" level="INFO">${token} = eyJhbGciOiJIUzI1NiIsInR5cCI6IkpXVCJ9.eyJ1c2VyX2lkIjozMywidXNlcm5hbWUiOiJNZWlBZG1pbiIsImVtYWlsIjoic3Bvc3RpQHRlc3RpLmZpIiwiY3JlYXRlZF9hdCI6IjIwMjQtMDMtMDFUMDc6MDA6MDAuMDAwWiIsInVzZXJfbGV2ZWwiOiJhZG1pbiI...</msg>
<var>${token}</var>
<arg>${response.json()}[token]</arg>
<doc>Returns the given values which can then be assigned to a variables.</doc>
<status status="PASS" start="2025-04-21T20:23:04.519095" elapsed="0.000000"/>
</kw>
<kw name="Log" owner="BuiltIn">
<msg time="2025-04-21T20:23:04.519095" level="INFO">eyJhbGciOiJIUzI1NiIsInR5cCI6IkpXVCJ9.eyJ1c2VyX2lkIjozMywidXNlcm5hbWUiOiJNZWlBZG1pbiIsImVtYWlsIjoic3Bvc3RpQHRlc3RpLmZpIiwiY3JlYXRlZF9hdCI6IjIwMjQtMDMtMDFUMDc6MDA6MDAuMDAwWiIsInVzZXJfbGV2ZWwiOiJhZG1pbiIsImlhdCI6MTc0NTI1NjE4NCwiZXhwIjoxNzQ1MzQyNTg0fQ.cEwjxliVxMprVkFIFZw9zfgy1IBMo0LbjNA9uPltyUQ</msg>
<arg>${token}</arg>
<doc>Logs the given message with the given level.</doc>
<status status="PASS" start="2025-04-21T20:23:04.519095" elapsed="0.000000"/>
</kw>
<kw name="Set Suite Variable" owner="BuiltIn">
<msg time="2025-04-21T20:23:04.519095" level="INFO">${token} = eyJhbGciOiJIUzI1NiIsInR5cCI6IkpXVCJ9.eyJ1c2VyX2lkIjozMywidXNlcm5hbWUiOiJNZWlBZG1pbiIsImVtYWlsIjoic3Bvc3RpQHRlc3RpLmZpIiwiY3JlYXRlZF9hdCI6IjIwMjQtMDMtMDFUMDc6MDA6MDAuMDAwWiIsInVzZXJfbGV2ZWwiOiJhZG1pbiI...</msg>
<arg>${token}</arg>
<doc>Makes a variable available everywhere within the scope of the current suite.</doc>
<status status="PASS" start="2025-04-21T20:23:04.519095" elapsed="0.000000"/>
</kw>
<doc>Kirjaudutaan sisään ylläpitäjän oikeuksilla.
- Aluksi luodaan rakenne (Dictionary), joka sisältää käyttäjänimen ja salasanan
- body-rakenne annetaan POST metodille JSON-parametrina
- Palautteena tuleva JSON-rakenne tulostetaan lokitiedostoon
- JSON rakenteesta kaivetaan esiin token
- Token tulostetaan myös lokitiedostoon
- Lopuksi token tallennetaa testijoukon muuttujiin muita kutsuja varten</doc>
<status status="PASS" start="2025-04-21T20:23:02.423826" elapsed="2.095269"/>
</kw>
<test id="s1-t1" name="Get User Info" line="23">
<kw name="Create Dictionary" owner="BuiltIn">
<msg time="2025-04-21T20:23:04.519095" level="INFO">${header} = {'Authorization': 'Bearer eyJhbGciOiJIUzI1NiIsInR5cCI6IkpXVCJ9.eyJ1c2VyX2lkIjozMywidXNlcm5hbWUiOiJNZWlBZG1pbiIsImVtYWlsIjoic3Bvc3RpQHRlc3RpLmZpIiwiY3JlYXRlZF9hdCI6IjIwMjQtMDMtMDFUMDc6MDA6MDAuMDAwWiIsI...</msg>
<var>${header}</var>
<arg>Authorization=Bearer ${token}</arg>
<doc>Creates and returns a dictionary based on the given ``items``.</doc>
<status status="PASS" start="2025-04-21T20:23:04.519095" elapsed="0.000000"/>
</kw>
<kw name="GET" owner="RequestsLibrary">
<msg time="2025-04-21T20:23:06.573930" level="INFO">GET Request : url=http://localhost:3000/api/auth/me 
 path_url=/api/auth/me 
 headers={'User-Agent': 'python-requests/2.32.3', 'Accept-Encoding': 'gzip, deflate', 'Accept': '*/*', 'Connection': 'keep-alive', 'Authorization': 'Bearer eyJhbGciOiJIUzI1NiIsInR5cCI6IkpXVCJ9.eyJ1c2VyX2lkIjozMywidXNlcm5hbWUiOiJNZWlBZG1pbiIsImVtYWlsIjoic3Bvc3RpQHRlc3RpLmZpIiwiY3JlYXRlZF9hdCI6IjIwMjQtMDMtMDFUMDc6MDA6MDAuMDAwWiIsInVzZXJfbGV2ZWwiOiJhZG1pbiIsImlhdCI6MTc0NTI1NjE4NCwiZXhwIjoxNzQ1MzQyNTg0fQ.cEwjxliVxMprVkFIFZw9zfgy1IBMo0LbjNA9uPltyUQ'} 
 body=None 
 </msg>
<msg time="2025-04-21T20:23:06.573930" level="INFO">GET Response : url=http://localhost:3000/api/auth/me 
 status=200, reason=OK 
 headers={'X-Powered-By': 'Express', 'Access-Control-Allow-Origin': '*', 'Content-Type': 'application/json; charset=utf-8', 'Content-Length': '157', 'ETag': 'W/"9d-ty3+8XTd2f/pVq6e99yYq4JgwtA"', 'Date': 'Mon, 21 Apr 2025 17:23:06 GMT', 'Connection': 'keep-alive', 'Keep-Alive': 'timeout=5'} 
 body={"user_id":33,"username":"MeiAdmin","email":"sposti@testi.fi","created_at":"2024-03-01T07:00:00.000Z","user_level":"admin","iat":1745256184,"exp":1745342584} 
 </msg>
<msg time="2025-04-21T20:23:06.573930" level="INFO">${response} = &lt;Response [200]&gt;</msg>
<var>${response}</var>
<arg>url=http://localhost:3000/api/auth/me</arg>
<arg>headers=${header}</arg>
<doc>Sends a GET request.</doc>
<status status="PASS" start="2025-04-21T20:23:04.519095" elapsed="2.054835"/>
</kw>
<kw name="Log" owner="BuiltIn">
<msg time="2025-04-21T20:23:06.573930" level="INFO">{'user_id': 33, 'username': 'MeiAdmin', 'email': 'sposti@testi.fi', 'created_at': '2024-03-01T07:00:00.000Z', 'user_level': 'admin', 'iat': 1745256184, 'exp': 1745342584}</msg>
<arg>${response.json()}</arg>
<doc>Logs the given message with the given level.</doc>
<status status="PASS" start="2025-04-21T20:23:06.573930" elapsed="0.000000"/>
</kw>
<kw name="Status Should Be" owner="RequestsLibrary">
<arg>200</arg>
<arg>${response}</arg>
<doc>Fails if response status code is different than the expected.</doc>
<status status="PASS" start="2025-04-21T20:23:06.584945" elapsed="0.001015"/>
</kw>
<kw name="Should Be Equal As Numbers" owner="BuiltIn">
<msg time="2025-04-21T20:23:06.587046" level="INFO">Argument types are:
&lt;class 'int'&gt;
&lt;class 'str'&gt;</msg>
<arg>${response.json()}[user_id]</arg>
<arg>33</arg>
<doc>Fails if objects are unequal after converting them to real numbers.</doc>
<status status="PASS" start="2025-04-21T20:23:06.585960" elapsed="0.001086"/>
</kw>
<status status="PASS" start="2025-04-21T20:23:04.519095" elapsed="2.068998"/>
</test>
<test id="s1-t2" name="Post A New Entry" line="30">
<kw name="Create Dictionary" owner="BuiltIn">
<msg time="2025-04-21T20:23:06.590733" level="INFO">${header} = {'Authorization': 'Bearer eyJhbGciOiJIUzI1NiIsInR5cCI6IkpXVCJ9.eyJ1c2VyX2lkIjozMywidXNlcm5hbWUiOiJNZWlBZG1pbiIsImVtYWlsIjoic3Bvc3RpQHRlc3RpLmZpIiwiY3JlYXRlZF9hdCI6IjIwMjQtMDMtMDFUMDc6MDA6MDAuMDAwWiIsI...</msg>
<var>${header}</var>
<arg>Authorization=Bearer ${token}</arg>
<doc>Creates and returns a dictionary based on the given ``items``.</doc>
<status status="PASS" start="2025-04-21T20:23:06.589959" elapsed="0.000774"/>
</kw>
<kw name="Create Dictionary" owner="BuiltIn">
<msg time="2025-04-21T20:23:06.590733" level="INFO">${body} = {'entry_date': '2025-04-16', 'mood': 'iloinen', 'weight': '60', 'sleep_hours': '6', 'notes': 'iloinenjee'}</msg>
<var>${body}</var>
<arg>entry_date=2025-04-16</arg>
<arg>mood=iloinen</arg>
<arg>weight=60</arg>
<arg>sleep_hours=6</arg>
<arg>notes=iloinenjee</arg>
<doc>Creates and returns a dictionary based on the given ``items``.</doc>
<status status="PASS" start="2025-04-21T20:23:06.590733" elapsed="0.000000"/>
</kw>
<kw name="Log" owner="BuiltIn">
<msg time="2025-04-21T20:23:06.591768" level="INFO">{'entry_date': '2025-04-16', 'mood': 'iloinen', 'weight': '60', 'sleep_hours': '6', 'notes': 'iloinenjee'}</msg>
<arg>${body}</arg>
<doc>Logs the given message with the given level.</doc>
<status status="PASS" start="2025-04-21T20:23:06.591768" elapsed="0.000000"/>
</kw>
<kw name="POST" owner="RequestsLibrary">
<msg time="2025-04-21T20:23:08.634424" level="INFO">POST Request : url=http://localhost:3000/api/entries 
 path_url=/api/entries 
 headers={'User-Agent': 'python-requests/2.32.3', 'Accept-Encoding': 'gzip, deflate', 'Accept': '*/*', 'Connection': 'keep-alive', 'Authorization': 'Bearer eyJhbGciOiJIUzI1NiIsInR5cCI6IkpXVCJ9.eyJ1c2VyX2lkIjozMywidXNlcm5hbWUiOiJNZWlBZG1pbiIsImVtYWlsIjoic3Bvc3RpQHRlc3RpLmZpIiwiY3JlYXRlZF9hdCI6IjIwMjQtMDMtMDFUMDc6MDA6MDAuMDAwWiIsInVzZXJfbGV2ZWwiOiJhZG1pbiIsImlhdCI6MTc0NTI1NjE4NCwiZXhwIjoxNzQ1MzQyNTg0fQ.cEwjxliVxMprVkFIFZw9zfgy1IBMo0LbjNA9uPltyUQ', 'Content-Length': '106', 'Content-Type': 'application/json'} 
 body=b'{"entry_date": "2025-04-16", "mood": "iloinen", "weight": "60", "sleep_hours": "6", "notes": "iloinenjee"}' 
 </msg>
<msg time="2025-04-21T20:23:08.634424" level="INFO">POST Response : url=http://localhost:3000/api/entries 
 status=201, reason=Created 
 headers={'X-Powered-By': 'Express', 'Access-Control-Allow-Origin': '*', 'Content-Type': 'application/json; charset=utf-8', 'Content-Length': '26', 'ETag': 'W/"1a-XDNFNFrqeHHuclsYQ3uTbTzfT2A"', 'Date': 'Mon, 21 Apr 2025 17:23:08 GMT', 'Connection': 'keep-alive', 'Keep-Alive': 'timeout=5'} 
 body={"message":"Entry added."} 
 </msg>
<msg time="2025-04-21T20:23:08.634424" level="INFO">${response} = &lt;Response [201]&gt;</msg>
<var>${response}</var>
<arg>url=http://localhost:3000/api/entries</arg>
<arg>headers=${header}</arg>
<arg>json=${body}</arg>
<doc>Sends a POST request.</doc>
<status status="PASS" start="2025-04-21T20:23:06.591768" elapsed="2.042656"/>
</kw>
<kw name="Log" owner="BuiltIn">
<msg time="2025-04-21T20:23:08.636569" level="INFO">{'message': 'Entry added.'}</msg>
<arg>${response.json()}</arg>
<doc>Logs the given message with the given level.</doc>
<status status="PASS" start="2025-04-21T20:23:08.635665" elapsed="0.000904"/>
</kw>
<kw name="Status Should Be" owner="RequestsLibrary">
<arg>201</arg>
<arg>${response}</arg>
<doc>Fails if response status code is different than the expected.</doc>
<status status="PASS" start="2025-04-21T20:23:08.637472" elapsed="0.000000"/>
</kw>
<status status="PASS" start="2025-04-21T20:23:06.588962" elapsed="2.049557"/>
</test>
<test id="s1-t3" name="Get Users Entries" line="38">
<kw name="Create Dictionary" owner="BuiltIn">
<msg time="2025-04-21T20:23:08.640528" level="INFO">${header} = {'Authorization': 'Bearer eyJhbGciOiJIUzI1NiIsInR5cCI6IkpXVCJ9.eyJ1c2VyX2lkIjozMywidXNlcm5hbWUiOiJNZWlBZG1pbiIsImVtYWlsIjoic3Bvc3RpQHRlc3RpLmZpIiwiY3JlYXRlZF9hdCI6IjIwMjQtMDMtMDFUMDc6MDA6MDAuMDAwWiIsI...</msg>
<var>${header}</var>
<arg>Authorization=Bearer ${token}</arg>
<doc>Creates and returns a dictionary based on the given ``items``.</doc>
<status status="PASS" start="2025-04-21T20:23:08.640528" elapsed="0.000000"/>
</kw>
<kw name="GET" owner="RequestsLibrary">
<msg time="2025-04-21T20:23:10.657325" level="INFO">GET Request : url=http://localhost:3000/api/entries 
 path_url=/api/entries 
 headers={'User-Agent': 'python-requests/2.32.3', 'Accept-Encoding': 'gzip, deflate', 'Accept': '*/*', 'Connection': 'keep-alive', 'Authorization': 'Bearer eyJhbGciOiJIUzI1NiIsInR5cCI6IkpXVCJ9.eyJ1c2VyX2lkIjozMywidXNlcm5hbWUiOiJNZWlBZG1pbiIsImVtYWlsIjoic3Bvc3RpQHRlc3RpLmZpIiwiY3JlYXRlZF9hdCI6IjIwMjQtMDMtMDFUMDc6MDA6MDAuMDAwWiIsInVzZXJfbGV2ZWwiOiJhZG1pbiIsImlhdCI6MTc0NTI1NjE4NCwiZXhwIjoxNzQ1MzQyNTg0fQ.cEwjxliVxMprVkFIFZw9zfgy1IBMo0LbjNA9uPltyUQ'} 
 body=None 
 </msg>
<msg time="2025-04-21T20:23:10.657325" level="INFO">GET Response : url=http://localhost:3000/api/entries 
 status=200, reason=OK 
 headers={'X-Powered-By': 'Express', 'Access-Control-Allow-Origin': '*', 'Content-Type': 'application/json; charset=utf-8', 'Content-Length': '1241', 'ETag': 'W/"4d9-226IWE3Xv7ZhoUTrbVktinHZtlg"', 'Date': 'Mon, 21 Apr 2025 17:23:10 GMT', 'Connection': 'keep-alive', 'Keep-Alive': 'timeout=5'} 
 body=[{"entry_id":24,"user_id":33,"entry_date":"2025-03-10T22:00:00.000Z","mood":"okei","weight":"60.00","sleep_hours":5,"notes":"oli ok","created_at":"2025-03-10T23:21:18.000Z"},{"entry_id":25,"user_id":33,"entry_date":"2025-03-10T22:00:00.000Z","mood":"hieno","weight":"65.00","sleep_hours":8,"notes":"hyvä","created_at":"2025-03-10T23:21:53.000Z"},{"entry_id":30,"user_id":33,"entry_date":"2025-03-10T22:00:00.000Z","mood":"jee","weight":"60.00","sleep_hours":8,"notes":"jejejeje","created_at":"2025-03-11T03:27:01.000Z"},{"entry_id":44,"user_id":33,"entry_date":"2025-04-15T21:00:00.000Z","mood":"iloinen","weight":"60.00","sleep_hours":6,"notes":"iloinenjee","created_at":"2025-04-17T09:25:48.000Z"},{"entry_id":45,"user_id":33,"entry_date":"2025-04-15T21:00:00.000Z","mood":"iloinen","weight":"60.00","sleep_hours":6,"notes":"iloinenjee","created_at":"2025-04-17T09:45:04.000Z"},{"entry_id":47,"user_id":33,"entry_date":"2025-04-15T21:00:00.000Z","mood":"iloinen","weight":"60.00","sleep_hours":6,"notes":"iloinenjee","created_at":"2025-04-17T09:52:21.000Z"},{"entry_id":87,"user_id":33,"entry_date":"2025-04-15T21:00:00.000Z","mood":"iloinen","weight":"60.00","sleep_hours":6,"notes":"iloinenjee","created_at":"2025-04-21T17:23:08.000Z"}] 
 </msg>
<msg time="2025-04-21T20:23:10.669743" level="INFO">${response} = &lt;Response [200]&gt;</msg>
<var>${response}</var>
<arg>url=http://localhost:3000/api/entries</arg>
<arg>headers=${header}</arg>
<doc>Sends a GET request.</doc>
<status status="PASS" start="2025-04-21T20:23:08.641681" elapsed="2.028062"/>
</kw>
<kw name="Create List" owner="BuiltIn">
<msg time="2025-04-21T20:23:10.670758" level="INFO">${entries_id} = []</msg>
<var>${entries_id}</var>
<doc>Returns a list containing given items.</doc>
<status status="PASS" start="2025-04-21T20:23:10.669743" elapsed="0.001015"/>
</kw>
<for flavor="IN">
<iter>
<kw name="Set Variable" owner="BuiltIn">
<msg time="2025-04-21T20:23:10.671840" level="INFO">${entry_id} = 24</msg>
<var>${entry_id}</var>
<arg>${entry}[entry_id]</arg>
<doc>Returns the given values which can then be assigned to a variables.</doc>
<status status="PASS" start="2025-04-21T20:23:10.671840" elapsed="0.000000"/>
</kw>
<kw name="Append To List" owner="Collections">
<arg>${entries_id}</arg>
<arg>${entry_id}</arg>
<doc>Adds ``values`` to the end of ``list``.</doc>
<status status="PASS" start="2025-04-21T20:23:10.671840" elapsed="0.001005"/>
</kw>
<var name="${entry}">{'entry_id': 24, 'user_id': 33, 'entry_date': '2025-03-10T22:00:00.000Z', 'mood': 'okei', 'weight': '60.00', 'sleep_hours': 5, 'notes': 'oli ok', 'created_at': '2025-03-10T23:21:18.000Z'}</var>
<status status="PASS" start="2025-04-21T20:23:10.671840" elapsed="0.001005"/>
</iter>
<iter>
<kw name="Set Variable" owner="BuiltIn">
<msg time="2025-04-21T20:23:10.672845" level="INFO">${entry_id} = 25</msg>
<var>${entry_id}</var>
<arg>${entry}[entry_id]</arg>
<doc>Returns the given values which can then be assigned to a variables.</doc>
<status status="PASS" start="2025-04-21T20:23:10.672845" elapsed="0.000000"/>
</kw>
<kw name="Append To List" owner="Collections">
<arg>${entries_id}</arg>
<arg>${entry_id}</arg>
<doc>Adds ``values`` to the end of ``list``.</doc>
<status status="PASS" start="2025-04-21T20:23:10.672845" elapsed="0.000992"/>
</kw>
<var name="${entry}">{'entry_id': 25, 'user_id': 33, 'entry_date': '2025-03-10T22:00:00.000Z', 'mood': 'hieno', 'weight': '65.00', 'sleep_hours': 8, 'notes': 'hyvä', 'created_at': '2025-03-10T23:21:53.000Z'}</var>
<status status="PASS" start="2025-04-21T20:23:10.672845" elapsed="0.000992"/>
</iter>
<iter>
<kw name="Set Variable" owner="BuiltIn">
<msg time="2025-04-21T20:23:10.673837" level="INFO">${entry_id} = 30</msg>
<var>${entry_id}</var>
<arg>${entry}[entry_id]</arg>
<doc>Returns the given values which can then be assigned to a variables.</doc>
<status status="PASS" start="2025-04-21T20:23:10.673837" elapsed="0.000000"/>
</kw>
<kw name="Append To List" owner="Collections">
<arg>${entries_id}</arg>
<arg>${entry_id}</arg>
<doc>Adds ``values`` to the end of ``list``.</doc>
<status status="PASS" start="2025-04-21T20:23:10.673837" elapsed="0.000000"/>
</kw>
<var name="${entry}">{'entry_id': 30, 'user_id': 33, 'entry_date': '2025-03-10T22:00:00.000Z', 'mood': 'jee', 'weight': '60.00', 'sleep_hours': 8, 'notes': 'jejejeje', 'created_at': '2025-03-11T03:27:01.000Z'}</var>
<status status="PASS" start="2025-04-21T20:23:10.673837" elapsed="0.000000"/>
</iter>
<iter>
<kw name="Set Variable" owner="BuiltIn">
<msg time="2025-04-21T20:23:10.674835" level="INFO">${entry_id} = 44</msg>
<var>${entry_id}</var>
<arg>${entry}[entry_id]</arg>
<doc>Returns the given values which can then be assigned to a variables.</doc>
<status status="PASS" start="2025-04-21T20:23:10.674835" elapsed="0.000000"/>
</kw>
<kw name="Append To List" owner="Collections">
<arg>${entries_id}</arg>
<arg>${entry_id}</arg>
<doc>Adds ``values`` to the end of ``list``.</doc>
<status status="PASS" start="2025-04-21T20:23:10.674835" elapsed="0.000000"/>
</kw>
<var name="${entry}">{'entry_id': 44, 'user_id': 33, 'entry_date': '2025-04-15T21:00:00.000Z', 'mood': 'iloinen', 'weight': '60.00', 'sleep_hours': 6, 'notes': 'iloinenjee', 'created_at': '2025-04-17T09:25:48.000Z'}</var>
<status status="PASS" start="2025-04-21T20:23:10.673837" elapsed="0.000998"/>
</iter>
<iter>
<kw name="Set Variable" owner="BuiltIn">
<msg time="2025-04-21T20:23:10.675756" level="INFO">${entry_id} = 45</msg>
<var>${entry_id}</var>
<arg>${entry}[entry_id]</arg>
<doc>Returns the given values which can then be assigned to a variables.</doc>
<status status="PASS" start="2025-04-21T20:23:10.675756" elapsed="0.000000"/>
</kw>
<kw name="Append To List" owner="Collections">
<arg>${entries_id}</arg>
<arg>${entry_id}</arg>
<doc>Adds ``values`` to the end of ``list``.</doc>
<status status="PASS" start="2025-04-21T20:23:10.675756" elapsed="0.000000"/>
</kw>
<var name="${entry}">{'entry_id': 45, 'user_id': 33, 'entry_date': '2025-04-15T21:00:00.000Z', 'mood': 'iloinen', 'weight': '60.00', 'sleep_hours': 6, 'notes': 'iloinenjee', 'created_at': '2025-04-17T09:45:04.000Z'}</var>
<status status="PASS" start="2025-04-21T20:23:10.675756" elapsed="0.000000"/>
</iter>
<iter>
<kw name="Set Variable" owner="BuiltIn">
<msg time="2025-04-21T20:23:10.675756" level="INFO">${entry_id} = 47</msg>
<var>${entry_id}</var>
<arg>${entry}[entry_id]</arg>
<doc>Returns the given values which can then be assigned to a variables.</doc>
<status status="PASS" start="2025-04-21T20:23:10.675756" elapsed="0.000000"/>
</kw>
<kw name="Append To List" owner="Collections">
<arg>${entries_id}</arg>
<arg>${entry_id}</arg>
<doc>Adds ``values`` to the end of ``list``.</doc>
<status status="PASS" start="2025-04-21T20:23:10.675756" elapsed="0.000000"/>
</kw>
<var name="${entry}">{'entry_id': 47, 'user_id': 33, 'entry_date': '2025-04-15T21:00:00.000Z', 'mood': 'iloinen', 'weight': '60.00', 'sleep_hours': 6, 'notes': 'iloinenjee', 'created_at': '2025-04-17T09:52:21.000Z'}</var>
<status status="PASS" start="2025-04-21T20:23:10.675756" elapsed="0.000000"/>
</iter>
<iter>
<kw name="Set Variable" owner="BuiltIn">
<msg time="2025-04-21T20:23:10.675756" level="INFO">${entry_id} = 87</msg>
<var>${entry_id}</var>
<arg>${entry}[entry_id]</arg>
<doc>Returns the given values which can then be assigned to a variables.</doc>
<status status="PASS" start="2025-04-21T20:23:10.675756" elapsed="0.000000"/>
</kw>
<kw name="Append To List" owner="Collections">
<arg>${entries_id}</arg>
<arg>${entry_id}</arg>
<doc>Adds ``values`` to the end of ``list``.</doc>
<status status="PASS" start="2025-04-21T20:23:10.676838" elapsed="0.000000"/>
</kw>
<var name="${entry}">{'entry_id': 87, 'user_id': 33, 'entry_date': '2025-04-15T21:00:00.000Z', 'mood': 'iloinen', 'weight': '60.00', 'sleep_hours': 6, 'notes': 'iloinenjee', 'created_at': '2025-04-21T17:23:08.000Z'}</var>
<status status="PASS" start="2025-04-21T20:23:10.675756" elapsed="0.001082"/>
</iter>
<var>${entry}</var>
<value>@{response.json()}</value>
<status status="PASS" start="2025-04-21T20:23:10.670758" elapsed="0.006080"/>
</for>
<kw name="Log" owner="BuiltIn">
<msg time="2025-04-21T20:23:10.677215" level="INFO">[{'entry_id': 24, 'user_id': 33, 'entry_date': '2025-03-10T22:00:00.000Z', 'mood': 'okei', 'weight': '60.00', 'sleep_hours': 5, 'notes': 'oli ok', 'created_at': '2025-03-10T23:21:18.000Z'}, {'entry_id': 25, 'user_id': 33, 'entry_date': '2025-03-10T22:00:00.000Z', 'mood': 'hieno', 'weight': '65.00', 'sleep_hours': 8, 'notes': 'hyvä', 'created_at': '2025-03-10T23:21:53.000Z'}, {'entry_id': 30, 'user_id': 33, 'entry_date': '2025-03-10T22:00:00.000Z', 'mood': 'jee', 'weight': '60.00', 'sleep_hours': 8, 'notes': 'jejejeje', 'created_at': '2025-03-11T03:27:01.000Z'}, {'entry_id': 44, 'user_id': 33, 'entry_date': '2025-04-15T21:00:00.000Z', 'mood': 'iloinen', 'weight': '60.00', 'sleep_hours': 6, 'notes': 'iloinenjee', 'created_at': '2025-04-17T09:25:48.000Z'}, {'entry_id': 45, 'user_id': 33, 'entry_date': '2025-04-15T21:00:00.000Z', 'mood': 'iloinen', 'weight': '60.00', 'sleep_hours': 6, 'notes': 'iloinenjee', 'created_at': '2025-04-17T09:45:04.000Z'}, {'entry_id': 47, 'user_id': 33, 'entry_date': '2025-04-15T21:00:00.000Z', 'mood': 'iloinen', 'weight': '60.00', 'sleep_hours': 6, 'notes': 'iloinenjee', 'created_at': '2025-04-17T09:52:21.000Z'}, {'entry_id': 87, 'user_id': 33, 'entry_date': '2025-04-15T21:00:00.000Z', 'mood': 'iloinen', 'weight': '60.00', 'sleep_hours': 6, 'notes': 'iloinenjee', 'created_at': '2025-04-21T17:23:08.000Z'}]</msg>
<arg>${response.json()}</arg>
<doc>Logs the given message with the given level.</doc>
<status status="PASS" start="2025-04-21T20:23:10.677215" elapsed="0.000000"/>
</kw>
<kw name="Log" owner="BuiltIn">
<msg time="2025-04-21T20:23:10.677895" level="INFO">[24, 25, 30, 44, 45, 47, 87]</msg>
<arg>${entries_id}</arg>
<doc>Logs the given message with the given level.</doc>
<status status="PASS" start="2025-04-21T20:23:10.677895" elapsed="0.000000"/>
</kw>
<kw name="Set Suite Variable" owner="BuiltIn">
<msg time="2025-04-21T20:23:10.677895" level="INFO">${entries_id} = [24, 25, 30, 44, 45, 47, 87]</msg>
<arg>${entries_id}</arg>
<doc>Makes a variable available everywhere within the scope of the current suite.</doc>
<status status="PASS" start="2025-04-21T20:23:10.677895" elapsed="0.000000"/>
</kw>
<kw name="Status Should Be" owner="RequestsLibrary">
<arg>200</arg>
<arg>${response}</arg>
<doc>Fails if response status code is different than the expected.</doc>
<status status="PASS" start="2025-04-21T20:23:10.678901" elapsed="0.000000"/>
</kw>
<status status="PASS" start="2025-04-21T20:23:08.639485" elapsed="2.039416"/>
</test>
<test id="s1-t4" name="Edit The New Entry" line="51">
<kw name="Create Dictionary" owner="BuiltIn">
<msg time="2025-04-21T20:23:10.680634" level="INFO">${header} = {'Authorization': 'Bearer eyJhbGciOiJIUzI1NiIsInR5cCI6IkpXVCJ9.eyJ1c2VyX2lkIjozMywidXNlcm5hbWUiOiJNZWlBZG1pbiIsImVtYWlsIjoic3Bvc3RpQHRlc3RpLmZpIiwiY3JlYXRlZF9hdCI6IjIwMjQtMDMtMDFUMDc6MDA6MDAuMDAwWiIsI...</msg>
<var>${header}</var>
<arg>Authorization=Bearer ${token}</arg>
<doc>Creates and returns a dictionary based on the given ``items``.</doc>
<status status="PASS" start="2025-04-21T20:23:10.680634" elapsed="0.000000"/>
</kw>
<kw name="Create Dictionary" owner="BuiltIn">
<msg time="2025-04-21T20:23:10.680634" level="INFO">${body} = {'entry_date': '2025-04-16', 'mood': 'hyvä', 'weight': '60', 'sleep_hours': '6', 'notes': 'iloinenjee'}</msg>
<var>${body}</var>
<arg>entry_date=2025-04-16</arg>
<arg>mood=hyvä</arg>
<arg>weight=60</arg>
<arg>sleep_hours=6</arg>
<arg>notes=iloinenjee</arg>
<doc>Creates and returns a dictionary based on the given ``items``.</doc>
<status status="PASS" start="2025-04-21T20:23:10.680634" elapsed="0.000000"/>
</kw>
<kw name="Log" owner="BuiltIn">
<msg time="2025-04-21T20:23:10.681682" level="INFO">{'entry_date': '2025-04-16', 'mood': 'hyvä', 'weight': '60', 'sleep_hours': '6', 'notes': 'iloinenjee'}</msg>
<arg>${body}</arg>
<doc>Logs the given message with the given level.</doc>
<status status="PASS" start="2025-04-21T20:23:10.681682" elapsed="0.000000"/>
</kw>
<kw name="Get From List" owner="Collections">
<msg time="2025-04-21T20:23:10.681682" level="INFO">${entry_id} = 87</msg>
<var>${entry_id}</var>
<arg>${entries_id}</arg>
<arg>-1</arg>
<doc>Returns the value specified with an ``index`` from ``list``.</doc>
<status status="PASS" start="2025-04-21T20:23:10.681682" elapsed="0.000000"/>
</kw>
<kw name="PUT" owner="RequestsLibrary">
<msg time="2025-04-21T20:23:12.716855" level="INFO">PUT Request : url=http://localhost:3000/api/entries/87 
 path_url=/api/entries/87 
 headers={'User-Agent': 'python-requests/2.32.3', 'Accept-Encoding': 'gzip, deflate', 'Accept': '*/*', 'Connection': 'keep-alive', 'Authorization': 'Bearer eyJhbGciOiJIUzI1NiIsInR5cCI6IkpXVCJ9.eyJ1c2VyX2lkIjozMywidXNlcm5hbWUiOiJNZWlBZG1pbiIsImVtYWlsIjoic3Bvc3RpQHRlc3RpLmZpIiwiY3JlYXRlZF9hdCI6IjIwMjQtMDMtMDFUMDc6MDA6MDAuMDAwWiIsInVzZXJfbGV2ZWwiOiJhZG1pbiIsImlhdCI6MTc0NTI1NjE4NCwiZXhwIjoxNzQ1MzQyNTg0fQ.cEwjxliVxMprVkFIFZw9zfgy1IBMo0LbjNA9uPltyUQ', 'Content-Length': '108', 'Content-Type': 'application/json'} 
 body=b'{"entry_date": "2025-04-16", "mood": "hyv\\u00e4", "weight": "60", "sleep_hours": "6", "notes": "iloinenjee"}' 
 </msg>
<msg time="2025-04-21T20:23:12.716855" level="INFO">PUT Response : url=http://localhost:3000/api/entries/87 
 status=200, reason=OK 
 headers={'X-Powered-By': 'Express', 'Access-Control-Allow-Origin': '*', 'Content-Type': 'application/json; charset=utf-8', 'Content-Length': '33', 'ETag': 'W/"21-RdWPxMCuEILQxVLY05zMUqnxcZQ"', 'Date': 'Mon, 21 Apr 2025 17:23:12 GMT', 'Connection': 'keep-alive', 'Keep-Alive': 'timeout=5'} 
 body={"message":"Entry updated: true"} 
 </msg>
<msg time="2025-04-21T20:23:12.716855" level="INFO">${response} = &lt;Response [200]&gt;</msg>
<var>${response}</var>
<arg>url=http://localhost:3000/api/entries/${entry_id}</arg>
<arg>headers=${header}</arg>
<arg>json=${body}</arg>
<doc>Sends a PUT request.</doc>
<status status="PASS" start="2025-04-21T20:23:10.682679" elapsed="2.034176"/>
</kw>
<kw name="Log" owner="BuiltIn">
<msg time="2025-04-21T20:23:12.719112" level="INFO">{'message': 'Entry updated: true'}</msg>
<arg>${response.json()}</arg>
<doc>Logs the given message with the given level.</doc>
<status status="PASS" start="2025-04-21T20:23:12.718058" elapsed="0.001054"/>
</kw>
<kw name="Status Should Be" owner="RequestsLibrary">
<arg>200</arg>
<arg>${response}</arg>
<doc>Fails if response status code is different than the expected.</doc>
<status status="PASS" start="2025-04-21T20:23:12.720057" elapsed="0.000000"/>
</kw>
<kw name="Should Contain" owner="BuiltIn">
<arg>${response.json()}[message]</arg>
<arg>true</arg>
<doc>Fails if ``container`` does not contain ``item`` one or more times.</doc>
<status status="PASS" start="2025-04-21T20:23:12.721103" elapsed="0.000805"/>
</kw>
<status status="PASS" start="2025-04-21T20:23:10.679904" elapsed="2.042004"/>
</test>
<test id="s1-t5" name="Delete An Entry" line="61">
<kw name="Create Dictionary" owner="BuiltIn">
<msg time="2025-04-21T20:23:12.724586" level="INFO">${header} = {'Authorization': 'Bearer eyJhbGciOiJIUzI1NiIsInR5cCI6IkpXVCJ9.eyJ1c2VyX2lkIjozMywidXNlcm5hbWUiOiJNZWlBZG1pbiIsImVtYWlsIjoic3Bvc3RpQHRlc3RpLmZpIiwiY3JlYXRlZF9hdCI6IjIwMjQtMDMtMDFUMDc6MDA6MDAuMDAwWiIsI...</msg>
<var>${header}</var>
<arg>Authorization=Bearer ${token}</arg>
<doc>Creates and returns a dictionary based on the given ``items``.</doc>
<status status="PASS" start="2025-04-21T20:23:12.724586" elapsed="0.000000"/>
</kw>
<kw name="Get From List" owner="Collections">
<msg time="2025-04-21T20:23:12.725160" level="INFO">${entry_id} = 87</msg>
<var>${entry_id}</var>
<arg>${entries_id}</arg>
<arg>-1</arg>
<doc>Returns the value specified with an ``index`` from ``list``.</doc>
<status status="PASS" start="2025-04-21T20:23:12.725160" elapsed="0.000000"/>
</kw>
<kw name="DELETE" owner="RequestsLibrary">
<msg time="2025-04-21T20:23:14.739293" level="INFO">DELETE Request : url=http://localhost:3000/api/entries/87 
 path_url=/api/entries/87 
 headers={'User-Agent': 'python-requests/2.32.3', 'Accept-Encoding': 'gzip, deflate', 'Accept': '*/*', 'Connection': 'keep-alive', 'Authorization': 'Bearer eyJhbGciOiJIUzI1NiIsInR5cCI6IkpXVCJ9.eyJ1c2VyX2lkIjozMywidXNlcm5hbWUiOiJNZWlBZG1pbiIsImVtYWlsIjoic3Bvc3RpQHRlc3RpLmZpIiwiY3JlYXRlZF9hdCI6IjIwMjQtMDMtMDFUMDc6MDA6MDAuMDAwWiIsInVzZXJfbGV2ZWwiOiJhZG1pbiIsImlhdCI6MTc0NTI1NjE4NCwiZXhwIjoxNzQ1MzQyNTg0fQ.cEwjxliVxMprVkFIFZw9zfgy1IBMo0LbjNA9uPltyUQ', 'Content-Length': '0'} 
 body=None 
 </msg>
<msg time="2025-04-21T20:23:14.739293" level="INFO">DELETE Response : url=http://localhost:3000/api/entries/87 
 status=200, reason=OK 
 headers={'X-Powered-By': 'Express', 'Access-Control-Allow-Origin': '*', 'Content-Type': 'application/json; charset=utf-8', 'Content-Length': '33', 'ETag': 'W/"21-DudIw+XlTMhaadmDd+BF6RiW9Mk"', 'Date': 'Mon, 21 Apr 2025 17:23:14 GMT', 'Connection': 'keep-alive', 'Keep-Alive': 'timeout=5'} 
 body={"message":"Entry deleted: true"} 
 </msg>
<msg time="2025-04-21T20:23:14.751231" level="INFO">${response} = &lt;Response [200]&gt;</msg>
<var>${response}</var>
<arg>url=http://localhost:3000/api/entries/${entry_id}</arg>
<arg>headers=${header}</arg>
<doc>Sends a DELETE request.</doc>
<status status="PASS" start="2025-04-21T20:23:12.725160" elapsed="2.026071"/>
</kw>
<kw name="Log" owner="BuiltIn">
<msg time="2025-04-21T20:23:14.752255" level="INFO">{'message': 'Entry deleted: true'}</msg>
<arg>${response.json()}</arg>
<doc>Logs the given message with the given level.</doc>
<status status="PASS" start="2025-04-21T20:23:14.751231" elapsed="0.001024"/>
</kw>
<kw name="Status Should Be" owner="RequestsLibrary">
<arg>200</arg>
<arg>${response}</arg>
<doc>Fails if response status code is different than the expected.</doc>
<status status="PASS" start="2025-04-21T20:23:14.753339" elapsed="0.001013"/>
</kw>
<status status="PASS" start="2025-04-21T20:23:12.723110" elapsed="2.031242"/>
</test>
<test id="s1-t6" name="Create A New User" line="68">
<kw name="Create Dictionary" owner="BuiltIn">
<msg time="2025-04-21T20:23:14.756349" level="INFO">${body} = {'username': 'robot', 'password': 'robot_salasana', 'email': 'robot@testitili.robot'}</msg>
<var>${body}</var>
<arg>username=robot</arg>
<arg>password=robot_salasana</arg>
<arg>email=robot@testitili.robot</arg>
<doc>Creates and returns a dictionary based on the given ``items``.</doc>
<status status="PASS" start="2025-04-21T20:23:14.756349" elapsed="0.000000"/>
</kw>
<kw name="Log" owner="BuiltIn">
<msg time="2025-04-21T20:23:14.757349" level="INFO">{'username': 'robot', 'password': 'robot_salasana', 'email': 'robot@testitili.robot'}</msg>
<arg>${body}</arg>
<doc>Logs the given message with the given level.</doc>
<status status="PASS" start="2025-04-21T20:23:14.756349" elapsed="0.001000"/>
</kw>
<kw name="POST" owner="RequestsLibrary">
<msg time="2025-04-21T20:23:16.855036" level="INFO">POST Request : url=http://localhost:3000/api/users 
 path_url=/api/users 
 headers={'User-Agent': 'python-requests/2.32.3', 'Accept-Encoding': 'gzip, deflate', 'Accept': '*/*', 'Connection': 'keep-alive', 'Content-Length': '85', 'Content-Type': 'application/json'} 
 body=b'{"username": "robot", "password": "robot_salasana", "email": "robot@testitili.robot"}' 
 </msg>
<msg time="2025-04-21T20:23:16.855036" level="INFO">POST Response : url=http://localhost:3000/api/users 
 status=201, reason=Created 
 headers={'X-Powered-By': 'Express', 'Access-Control-Allow-Origin': '*', 'Content-Type': 'application/json; charset=utf-8', 'Content-Length': '32', 'ETag': 'W/"20-l8k7qI/h1e0gytfCPkWivGLizO0"', 'Date': 'Mon, 21 Apr 2025 17:23:16 GMT', 'Connection': 'keep-alive', 'Keep-Alive': 'timeout=5'} 
 body={"message":"User added. id: 83"} 
 </msg>
<msg time="2025-04-21T20:23:16.855036" level="INFO">${response} = &lt;Response [201]&gt;</msg>
<var>${response}</var>
<arg>url=http://localhost:3000/api/users</arg>
<arg>json=${body}</arg>
<doc>Sends a POST request.</doc>
<status status="PASS" start="2025-04-21T20:23:14.757750" elapsed="2.097286"/>
</kw>
<kw name="Log" owner="BuiltIn">
<msg time="2025-04-21T20:23:16.855036" level="INFO">{'message': 'User added. id: 83'}</msg>
<arg>${response.json()}</arg>
<doc>Logs the given message with the given level.</doc>
<status status="PASS" start="2025-04-21T20:23:16.855036" elapsed="0.000000"/>
</kw>
<kw name="Status Should Be" owner="RequestsLibrary">
<arg>201</arg>
<arg>${response}</arg>
<doc>Fails if response status code is different than the expected.</doc>
<status status="PASS" start="2025-04-21T20:23:16.855036" elapsed="0.000000"/>
</kw>
<status status="PASS" start="2025-04-21T20:23:14.755351" elapsed="2.099685"/>
</test>
<test id="s1-t7" name="Get All Users" line="75">
<kw name="Create Dictionary" owner="BuiltIn">
<msg time="2025-04-21T20:23:16.855036" level="INFO">${header} = {'Authorization': 'Bearer eyJhbGciOiJIUzI1NiIsInR5cCI6IkpXVCJ9.eyJ1c2VyX2lkIjozMywidXNlcm5hbWUiOiJNZWlBZG1pbiIsImVtYWlsIjoic3Bvc3RpQHRlc3RpLmZpIiwiY3JlYXRlZF9hdCI6IjIwMjQtMDMtMDFUMDc6MDA6MDAuMDAwWiIsI...</msg>
<var>${header}</var>
<arg>Authorization=Bearer ${token}</arg>
<doc>Creates and returns a dictionary based on the given ``items``.</doc>
<status status="PASS" start="2025-04-21T20:23:16.855036" elapsed="0.000000"/>
</kw>
<kw name="GET" owner="RequestsLibrary">
<msg time="2025-04-21T20:23:18.886054" level="INFO">GET Request : url=http://localhost:3000/api/users 
 path_url=/api/users 
 headers={'User-Agent': 'python-requests/2.32.3', 'Accept-Encoding': 'gzip, deflate', 'Accept': '*/*', 'Connection': 'keep-alive', 'Authorization': 'Bearer eyJhbGciOiJIUzI1NiIsInR5cCI6IkpXVCJ9.eyJ1c2VyX2lkIjozMywidXNlcm5hbWUiOiJNZWlBZG1pbiIsImVtYWlsIjoic3Bvc3RpQHRlc3RpLmZpIiwiY3JlYXRlZF9hdCI6IjIwMjQtMDMtMDFUMDc6MDA6MDAuMDAwWiIsInVzZXJfbGV2ZWwiOiJhZG1pbiIsImlhdCI6MTc0NTI1NjE4NCwiZXhwIjoxNzQ1MzQyNTg0fQ.cEwjxliVxMprVkFIFZw9zfgy1IBMo0LbjNA9uPltyUQ'} 
 body=None 
 </msg>
<msg time="2025-04-21T20:23:18.886054" level="INFO">GET Response : url=http://localhost:3000/api/users 
 status=200, reason=OK 
 headers={'X-Powered-By': 'Express', 'Access-Control-Allow-Origin': '*', 'Content-Type': 'application/json; charset=utf-8', 'Content-Length': '2334', 'ETag': 'W/"91e-Y+J3k/nkMjHyCX7Pn8gGT2PTgsU"', 'Date': 'Mon, 21 Apr 2025 17:23:18 GMT', 'Connection': 'keep-alive', 'Keep-Alive': 'timeout=5'} 
 body=[{"user_id":1,"username":"johndoe","email":"johndoe@example.com","created_at":"2024-01-01T07:00:00.000Z","user_level":"regular"},{"user_id":2,"username":"janedoe","email":"janedoe@example.com","created_at":"2024-01-02T08:00:00.000Z","user_level":"admin"},{"user_id":3,"username":"alice_jones","email":"alice@example.com","created_at":"2024-01-04T06:30:00.000Z","user_level":"regular"},{"user_id":4,"username":"bob_brown","email":"bob@example.com","created_at":"2024-01-05T05:45:00.000Z","user_level":"regular"},{"user_id":6,"username":"editedname","email":"editedmail@example.com","created_at":"2025-02-23T18:46:44.000Z","user_level":"regular"},{"user_id":7,"username":"editedabcd","email":"editedabcd@example.com","created_at":"2025-03-03T12:12:03.000Z","user_level":"regular"},{"user_id":12,"username":"Testi","email":"testi@salakala.fi","created_at":"2025-03-09T17:14:21.000Z","user_level":"regular"},{"user_id":16,"username":"asdasdasdw","email":"testi@salsakala.fi","created_at":"2025-03-10T15:15:22.000Z","user_level":"regular"},{"user_id":26,"username":"uusinimi","email":"testi@saladsgsdgskala.fi","created_at":"2025-03-10T15:58:24.000Z","user_level":"regular"},{"user_id":30,"username":"uusiknimi","email":"testi@uusiknimi.fi","created_at":"2025-03-10T16:46:09.000Z","user_level":"regular"},{"user_id":32,"username":"Mei","email":"mei@example.com","created_at":"2024-03-01T07:00:00.000Z","user_level":"admin"},{"user_id":33,"username":"MeiAdmin","email":"sposti@testi.fi","created_at":"2024-03-01T07:00:00.000Z","user_level":"admin"},{"user_id":41,"username":"aapeli1","email":"tesaati@salaskala.fi","created_at":"2025-03-11T01:36:23.000Z","user_level":"regular"},{"user_id":42,"username":"dhddg","email":"salakala@sala.mi","created_at":"2025-03-11T07:55:15.000Z","user_level":"regular"},{"user_id":43,"username":"testi30","email":"testi@salaska70.fi","created_at":"2025-03-11T07:58:07.000Z","user_level":"regular"},{"user_id":44,"username":"meitesti","email":"mei@testi.fi","created_at":"2025-03-11T08:20:51.000Z","user_level":"regular"},{"user_id":45,"username":"mei.keskitalo@metropolia.fi","email":"mei.keskitalo@metropolia.fi","created_at":"2025-04-05T12:10:09.000Z","user_level":"regular"},{"user_id":83,"username":"robot","email":"robot@testitili.robot","created_at":"2025-04-21T17:23:16.000Z","user_level":"regular"}] 
 </msg>
<msg time="2025-04-21T20:23:18.886054" level="INFO">${response} = &lt;Response [200]&gt;</msg>
<var>${response}</var>
<arg>url=http://localhost:3000/api/users</arg>
<arg>headers=${header}</arg>
<doc>Sends a GET request.</doc>
<status status="PASS" start="2025-04-21T20:23:16.855036" elapsed="2.031018"/>
</kw>
<kw name="Log" owner="BuiltIn">
<msg time="2025-04-21T20:23:18.895659" level="INFO">[{'user_id': 1, 'username': 'johndoe', 'email': 'johndoe@example.com', 'created_at': '2024-01-01T07:00:00.000Z', 'user_level': 'regular'}, {'user_id': 2, 'username': 'janedoe', 'email': 'janedoe@example.com', 'created_at': '2024-01-02T08:00:00.000Z', 'user_level': 'admin'}, {'user_id': 3, 'username': 'alice_jones', 'email': 'alice@example.com', 'created_at': '2024-01-04T06:30:00.000Z', 'user_level': 'regular'}, {'user_id': 4, 'username': 'bob_brown', 'email': 'bob@example.com', 'created_at': '2024-01-05T05:45:00.000Z', 'user_level': 'regular'}, {'user_id': 6, 'username': 'editedname', 'email': 'editedmail@example.com', 'created_at': '2025-02-23T18:46:44.000Z', 'user_level': 'regular'}, {'user_id': 7, 'username': 'editedabcd', 'email': 'editedabcd@example.com', 'created_at': '2025-03-03T12:12:03.000Z', 'user_level': 'regular'}, {'user_id': 12, 'username': 'Testi', 'email': 'testi@salakala.fi', 'created_at': '2025-03-09T17:14:21.000Z', 'user_level': 'regular'}, {'user_id': 16, 'username': 'asdasdasdw', 'email': 'testi@salsakala.fi', 'created_at': '2025-03-10T15:15:22.000Z', 'user_level': 'regular'}, {'user_id': 26, 'username': 'uusinimi', 'email': 'testi@saladsgsdgskala.fi', 'created_at': '2025-03-10T15:58:24.000Z', 'user_level': 'regular'}, {'user_id': 30, 'username': 'uusiknimi', 'email': 'testi@uusiknimi.fi', 'created_at': '2025-03-10T16:46:09.000Z', 'user_level': 'regular'}, {'user_id': 32, 'username': 'Mei', 'email': 'mei@example.com', 'created_at': '2024-03-01T07:00:00.000Z', 'user_level': 'admin'}, {'user_id': 33, 'username': 'MeiAdmin', 'email': 'sposti@testi.fi', 'created_at': '2024-03-01T07:00:00.000Z', 'user_level': 'admin'}, {'user_id': 41, 'username': 'aapeli1', 'email': 'tesaati@salaskala.fi', 'created_at': '2025-03-11T01:36:23.000Z', 'user_level': 'regular'}, {'user_id': 42, 'username': 'dhddg', 'email': 'salakala@sala.mi', 'created_at': '2025-03-11T07:55:15.000Z', 'user_level': 'regular'}, {'user_id': 43, 'username': 'testi30', 'email': 'testi@salaska70.fi', 'created_at': '2025-03-11T07:58:07.000Z', 'user_level': 'regular'}, {'user_id': 44, 'username': 'meitesti', 'email': 'mei@testi.fi', 'created_at': '2025-03-11T08:20:51.000Z', 'user_level': 'regular'}, {'user_id': 45, 'username': 'mei.keskitalo@metropolia.fi', 'email': 'mei.keskitalo@metropolia.fi', 'created_at': '2025-04-05T12:10:09.000Z', 'user_level': 'regular'}, {'user_id': 83, 'username': 'robot', 'email': 'robot@testitili.robot', 'created_at': '2025-04-21T17:23:16.000Z', 'user_level': 'regular'}]</msg>
<arg>${response.json()}</arg>
<doc>Logs the given message with the given level.</doc>
<status status="PASS" start="2025-04-21T20:23:18.894722" elapsed="0.000937"/>
</kw>
<kw name="Status Should Be" owner="RequestsLibrary">
<arg>200</arg>
<arg>${response}</arg>
<doc>Fails if response status code is different than the expected.</doc>
<status status="PASS" start="2025-04-21T20:23:18.896898" elapsed="0.000000"/>
</kw>
<kw name="Create List" owner="BuiltIn">
<msg time="2025-04-21T20:23:18.897691" level="INFO">${users_id} = []</msg>
<var>${users_id}</var>
<doc>Returns a list containing given items.</doc>
<status status="PASS" start="2025-04-21T20:23:18.897691" elapsed="0.000000"/>
</kw>
<for flavor="IN">
<iter>
<kw name="Set Variable" owner="BuiltIn">
<msg time="2025-04-21T20:23:18.898317" level="INFO">${user_id} = 1</msg>
<var>${user_id}</var>
<arg>${user}[user_id]</arg>
<doc>Returns the given values which can then be assigned to a variables.</doc>
<status status="PASS" start="2025-04-21T20:23:18.898317" elapsed="0.000000"/>
</kw>
<kw name="Append To List" owner="Collections">
<arg>${users_id}</arg>
<arg>${user_id}</arg>
<doc>Adds ``values`` to the end of ``list``.</doc>
<status status="PASS" start="2025-04-21T20:23:18.898317" elapsed="0.001441"/>
</kw>
<var name="${user}">{'user_id': 1, 'username': 'johndoe', 'email': 'johndoe@example.com', 'created_at': '2024-01-01T07:00:00.000Z', 'user_level': 'regular'}</var>
<status status="PASS" start="2025-04-21T20:23:18.898317" elapsed="0.001441"/>
</iter>
<iter>
<kw name="Set Variable" owner="BuiltIn">
<msg time="2025-04-21T20:23:18.899758" level="INFO">${user_id} = 2</msg>
<var>${user_id}</var>
<arg>${user}[user_id]</arg>
<doc>Returns the given values which can then be assigned to a variables.</doc>
<status status="PASS" start="2025-04-21T20:23:18.899758" elapsed="0.000000"/>
</kw>
<kw name="Append To List" owner="Collections">
<arg>${users_id}</arg>
<arg>${user_id}</arg>
<doc>Adds ``values`` to the end of ``list``.</doc>
<status status="PASS" start="2025-04-21T20:23:18.899758" elapsed="0.000000"/>
</kw>
<var name="${user}">{'user_id': 2, 'username': 'janedoe', 'email': 'janedoe@example.com', 'created_at': '2024-01-02T08:00:00.000Z', 'user_level': 'admin'}</var>
<status status="PASS" start="2025-04-21T20:23:18.899758" elapsed="0.000000"/>
</iter>
<iter>
<kw name="Set Variable" owner="BuiltIn">
<msg time="2025-04-21T20:23:18.899758" level="INFO">${user_id} = 3</msg>
<var>${user_id}</var>
<arg>${user}[user_id]</arg>
<doc>Returns the given values which can then be assigned to a variables.</doc>
<status status="PASS" start="2025-04-21T20:23:18.899758" elapsed="0.000000"/>
</kw>
<kw name="Append To List" owner="Collections">
<arg>${users_id}</arg>
<arg>${user_id}</arg>
<doc>Adds ``values`` to the end of ``list``.</doc>
<status status="PASS" start="2025-04-21T20:23:18.899758" elapsed="0.000000"/>
</kw>
<var name="${user}">{'user_id': 3, 'username': 'alice_jones', 'email': 'alice@example.com', 'created_at': '2024-01-04T06:30:00.000Z', 'user_level': 'regular'}</var>
<status status="PASS" start="2025-04-21T20:23:18.899758" elapsed="0.000000"/>
</iter>
<iter>
<kw name="Set Variable" owner="BuiltIn">
<msg time="2025-04-21T20:23:18.899758" level="INFO">${user_id} = 4</msg>
<var>${user_id}</var>
<arg>${user}[user_id]</arg>
<doc>Returns the given values which can then be assigned to a variables.</doc>
<status status="PASS" start="2025-04-21T20:23:18.899758" elapsed="0.000000"/>
</kw>
<kw name="Append To List" owner="Collections">
<arg>${users_id}</arg>
<arg>${user_id}</arg>
<doc>Adds ``values`` to the end of ``list``.</doc>
<status status="PASS" start="2025-04-21T20:23:18.899758" elapsed="0.000000"/>
</kw>
<var name="${user}">{'user_id': 4, 'username': 'bob_brown', 'email': 'bob@example.com', 'created_at': '2024-01-05T05:45:00.000Z', 'user_level': 'regular'}</var>
<status status="PASS" start="2025-04-21T20:23:18.899758" elapsed="0.000000"/>
</iter>
<iter>
<kw name="Set Variable" owner="BuiltIn">
<msg time="2025-04-21T20:23:18.899758" level="INFO">${user_id} = 6</msg>
<var>${user_id}</var>
<arg>${user}[user_id]</arg>
<doc>Returns the given values which can then be assigned to a variables.</doc>
<status status="PASS" start="2025-04-21T20:23:18.899758" elapsed="0.000000"/>
</kw>
<kw name="Append To List" owner="Collections">
<arg>${users_id}</arg>
<arg>${user_id}</arg>
<doc>Adds ``values`` to the end of ``list``.</doc>
<status status="PASS" start="2025-04-21T20:23:18.899758" elapsed="0.002586"/>
</kw>
<var name="${user}">{'user_id': 6, 'username': 'editedname', 'email': 'editedmail@example.com', 'created_at': '2025-02-23T18:46:44.000Z', 'user_level': 'regular'}</var>
<status status="PASS" start="2025-04-21T20:23:18.899758" elapsed="0.002586"/>
</iter>
<iter>
<kw name="Set Variable" owner="BuiltIn">
<msg time="2025-04-21T20:23:18.902680" level="INFO">${user_id} = 7</msg>
<var>${user_id}</var>
<arg>${user}[user_id]</arg>
<doc>Returns the given values which can then be assigned to a variables.</doc>
<status status="PASS" start="2025-04-21T20:23:18.902680" elapsed="0.000000"/>
</kw>
<kw name="Append To List" owner="Collections">
<arg>${users_id}</arg>
<arg>${user_id}</arg>
<doc>Adds ``values`` to the end of ``list``.</doc>
<status status="PASS" start="2025-04-21T20:23:18.903200" elapsed="0.000000"/>
</kw>
<var name="${user}">{'user_id': 7, 'username': 'editedabcd', 'email': 'editedabcd@example.com', 'created_at': '2025-03-03T12:12:03.000Z', 'user_level': 'regular'}</var>
<status status="PASS" start="2025-04-21T20:23:18.902680" elapsed="0.000520"/>
</iter>
<iter>
<kw name="Set Variable" owner="BuiltIn">
<msg time="2025-04-21T20:23:18.903200" level="INFO">${user_id} = 12</msg>
<var>${user_id}</var>
<arg>${user}[user_id]</arg>
<doc>Returns the given values which can then be assigned to a variables.</doc>
<status status="PASS" start="2025-04-21T20:23:18.903200" elapsed="0.000000"/>
</kw>
<kw name="Append To List" owner="Collections">
<arg>${users_id}</arg>
<arg>${user_id}</arg>
<doc>Adds ``values`` to the end of ``list``.</doc>
<status status="PASS" start="2025-04-21T20:23:18.903200" elapsed="0.000000"/>
</kw>
<var name="${user}">{'user_id': 12, 'username': 'Testi', 'email': 'testi@salakala.fi', 'created_at': '2025-03-09T17:14:21.000Z', 'user_level': 'regular'}</var>
<status status="PASS" start="2025-04-21T20:23:18.903200" elapsed="0.000000"/>
</iter>
<iter>
<kw name="Set Variable" owner="BuiltIn">
<msg time="2025-04-21T20:23:18.903200" level="INFO">${user_id} = 16</msg>
<var>${user_id}</var>
<arg>${user}[user_id]</arg>
<doc>Returns the given values which can then be assigned to a variables.</doc>
<status status="PASS" start="2025-04-21T20:23:18.903200" elapsed="0.000000"/>
</kw>
<kw name="Append To List" owner="Collections">
<arg>${users_id}</arg>
<arg>${user_id}</arg>
<doc>Adds ``values`` to the end of ``list``.</doc>
<status status="PASS" start="2025-04-21T20:23:18.904309" elapsed="0.000000"/>
</kw>
<var name="${user}">{'user_id': 16, 'username': 'asdasdasdw', 'email': 'testi@salsakala.fi', 'created_at': '2025-03-10T15:15:22.000Z', 'user_level': 'regular'}</var>
<status status="PASS" start="2025-04-21T20:23:18.903200" elapsed="0.001109"/>
</iter>
<iter>
<kw name="Set Variable" owner="BuiltIn">
<msg time="2025-04-21T20:23:18.904309" level="INFO">${user_id} = 26</msg>
<var>${user_id}</var>
<arg>${user}[user_id]</arg>
<doc>Returns the given values which can then be assigned to a variables.</doc>
<status status="PASS" start="2025-04-21T20:23:18.904309" elapsed="0.000000"/>
</kw>
<kw name="Append To List" owner="Collections">
<arg>${users_id}</arg>
<arg>${user_id}</arg>
<doc>Adds ``values`` to the end of ``list``.</doc>
<status status="PASS" start="2025-04-21T20:23:18.904309" elapsed="0.000000"/>
</kw>
<var name="${user}">{'user_id': 26, 'username': 'uusinimi', 'email': 'testi@saladsgsdgskala.fi', 'created_at': '2025-03-10T15:58:24.000Z', 'user_level': 'regular'}</var>
<status status="PASS" start="2025-04-21T20:23:18.904309" elapsed="0.000000"/>
</iter>
<iter>
<kw name="Set Variable" owner="BuiltIn">
<msg time="2025-04-21T20:23:18.904309" level="INFO">${user_id} = 30</msg>
<var>${user_id}</var>
<arg>${user}[user_id]</arg>
<doc>Returns the given values which can then be assigned to a variables.</doc>
<status status="PASS" start="2025-04-21T20:23:18.904309" elapsed="0.000000"/>
</kw>
<kw name="Append To List" owner="Collections">
<arg>${users_id}</arg>
<arg>${user_id}</arg>
<doc>Adds ``values`` to the end of ``list``.</doc>
<status status="PASS" start="2025-04-21T20:23:18.904309" elapsed="0.000000"/>
</kw>
<var name="${user}">{'user_id': 30, 'username': 'uusiknimi', 'email': 'testi@uusiknimi.fi', 'created_at': '2025-03-10T16:46:09.000Z', 'user_level': 'regular'}</var>
<status status="PASS" start="2025-04-21T20:23:18.904309" elapsed="0.000000"/>
</iter>
<iter>
<kw name="Set Variable" owner="BuiltIn">
<msg time="2025-04-21T20:23:18.905338" level="INFO">${user_id} = 32</msg>
<var>${user_id}</var>
<arg>${user}[user_id]</arg>
<doc>Returns the given values which can then be assigned to a variables.</doc>
<status status="PASS" start="2025-04-21T20:23:18.905338" elapsed="0.000000"/>
</kw>
<kw name="Append To List" owner="Collections">
<arg>${users_id}</arg>
<arg>${user_id}</arg>
<doc>Adds ``values`` to the end of ``list``.</doc>
<status status="PASS" start="2025-04-21T20:23:18.905338" elapsed="0.000000"/>
</kw>
<var name="${user}">{'user_id': 32, 'username': 'Mei', 'email': 'mei@example.com', 'created_at': '2024-03-01T07:00:00.000Z', 'user_level': 'admin'}</var>
<status status="PASS" start="2025-04-21T20:23:18.905338" elapsed="0.000000"/>
</iter>
<iter>
<kw name="Set Variable" owner="BuiltIn">
<msg time="2025-04-21T20:23:18.905338" level="INFO">${user_id} = 33</msg>
<var>${user_id}</var>
<arg>${user}[user_id]</arg>
<doc>Returns the given values which can then be assigned to a variables.</doc>
<status status="PASS" start="2025-04-21T20:23:18.905338" elapsed="0.000000"/>
</kw>
<kw name="Append To List" owner="Collections">
<arg>${users_id}</arg>
<arg>${user_id}</arg>
<doc>Adds ``values`` to the end of ``list``.</doc>
<status status="PASS" start="2025-04-21T20:23:18.905338" elapsed="0.000000"/>
</kw>
<var name="${user}">{'user_id': 33, 'username': 'MeiAdmin', 'email': 'sposti@testi.fi', 'created_at': '2024-03-01T07:00:00.000Z', 'user_level': 'admin'}</var>
<status status="PASS" start="2025-04-21T20:23:18.905338" elapsed="0.000000"/>
</iter>
<iter>
<kw name="Set Variable" owner="BuiltIn">
<msg time="2025-04-21T20:23:18.905338" level="INFO">${user_id} = 41</msg>
<var>${user_id}</var>
<arg>${user}[user_id]</arg>
<doc>Returns the given values which can then be assigned to a variables.</doc>
<status status="PASS" start="2025-04-21T20:23:18.905338" elapsed="0.000000"/>
</kw>
<kw name="Append To List" owner="Collections">
<arg>${users_id}</arg>
<arg>${user_id}</arg>
<doc>Adds ``values`` to the end of ``list``.</doc>
<status status="PASS" start="2025-04-21T20:23:18.906315" elapsed="0.000000"/>
</kw>
<var name="${user}">{'user_id': 41, 'username': 'aapeli1', 'email': 'tesaati@salaskala.fi', 'created_at': '2025-03-11T01:36:23.000Z', 'user_level': 'regular'}</var>
<status status="PASS" start="2025-04-21T20:23:18.905338" elapsed="0.000977"/>
</iter>
<iter>
<kw name="Set Variable" owner="BuiltIn">
<msg time="2025-04-21T20:23:18.906315" level="INFO">${user_id} = 42</msg>
<var>${user_id}</var>
<arg>${user}[user_id]</arg>
<doc>Returns the given values which can then be assigned to a variables.</doc>
<status status="PASS" start="2025-04-21T20:23:18.906315" elapsed="0.000000"/>
</kw>
<kw name="Append To List" owner="Collections">
<arg>${users_id}</arg>
<arg>${user_id}</arg>
<doc>Adds ``values`` to the end of ``list``.</doc>
<status status="PASS" start="2025-04-21T20:23:18.906315" elapsed="0.000000"/>
</kw>
<var name="${user}">{'user_id': 42, 'username': 'dhddg', 'email': 'salakala@sala.mi', 'created_at': '2025-03-11T07:55:15.000Z', 'user_level': 'regular'}</var>
<status status="PASS" start="2025-04-21T20:23:18.906315" elapsed="0.000000"/>
</iter>
<iter>
<kw name="Set Variable" owner="BuiltIn">
<msg time="2025-04-21T20:23:18.906315" level="INFO">${user_id} = 43</msg>
<var>${user_id}</var>
<arg>${user}[user_id]</arg>
<doc>Returns the given values which can then be assigned to a variables.</doc>
<status status="PASS" start="2025-04-21T20:23:18.906315" elapsed="0.000000"/>
</kw>
<kw name="Append To List" owner="Collections">
<arg>${users_id}</arg>
<arg>${user_id}</arg>
<doc>Adds ``values`` to the end of ``list``.</doc>
<status status="PASS" start="2025-04-21T20:23:18.906315" elapsed="0.000000"/>
</kw>
<var name="${user}">{'user_id': 43, 'username': 'testi30', 'email': 'testi@salaska70.fi', 'created_at': '2025-03-11T07:58:07.000Z', 'user_level': 'regular'}</var>
<status status="PASS" start="2025-04-21T20:23:18.906315" elapsed="0.000000"/>
</iter>
<iter>
<kw name="Set Variable" owner="BuiltIn">
<msg time="2025-04-21T20:23:18.907326" level="INFO">${user_id} = 44</msg>
<var>${user_id}</var>
<arg>${user}[user_id]</arg>
<doc>Returns the given values which can then be assigned to a variables.</doc>
<status status="PASS" start="2025-04-21T20:23:18.906315" elapsed="0.001011"/>
</kw>
<kw name="Append To List" owner="Collections">
<arg>${users_id}</arg>
<arg>${user_id}</arg>
<doc>Adds ``values`` to the end of ``list``.</doc>
<status status="PASS" start="2025-04-21T20:23:18.907326" elapsed="0.000000"/>
</kw>
<var name="${user}">{'user_id': 44, 'username': 'meitesti', 'email': 'mei@testi.fi', 'created_at': '2025-03-11T08:20:51.000Z', 'user_level': 'regular'}</var>
<status status="PASS" start="2025-04-21T20:23:18.906315" elapsed="0.001011"/>
</iter>
<iter>
<kw name="Set Variable" owner="BuiltIn">
<msg time="2025-04-21T20:23:18.907326" level="INFO">${user_id} = 45</msg>
<var>${user_id}</var>
<arg>${user}[user_id]</arg>
<doc>Returns the given values which can then be assigned to a variables.</doc>
<status status="PASS" start="2025-04-21T20:23:18.907326" elapsed="0.000000"/>
</kw>
<kw name="Append To List" owner="Collections">
<arg>${users_id}</arg>
<arg>${user_id}</arg>
<doc>Adds ``values`` to the end of ``list``.</doc>
<status status="PASS" start="2025-04-21T20:23:18.907326" elapsed="0.000000"/>
</kw>
<var name="${user}">{'user_id': 45, 'username': 'mei.keskitalo@metropolia.fi', 'email': 'mei.keskitalo@metropolia.fi', 'created_at': '2025-04-05T12:10:09.000Z', 'user_level': 'regular'}</var>
<status status="PASS" start="2025-04-21T20:23:18.907326" elapsed="0.000000"/>
</iter>
<iter>
<kw name="Set Variable" owner="BuiltIn">
<msg time="2025-04-21T20:23:18.907326" level="INFO">${user_id} = 83</msg>
<var>${user_id}</var>
<arg>${user}[user_id]</arg>
<doc>Returns the given values which can then be assigned to a variables.</doc>
<status status="PASS" start="2025-04-21T20:23:18.907326" elapsed="0.000000"/>
</kw>
<kw name="Append To List" owner="Collections">
<arg>${users_id}</arg>
<arg>${user_id}</arg>
<doc>Adds ``values`` to the end of ``list``.</doc>
<status status="PASS" start="2025-04-21T20:23:18.907326" elapsed="0.000987"/>
</kw>
<var name="${user}">{'user_id': 83, 'username': 'robot', 'email': 'robot@testitili.robot', 'created_at': '2025-04-21T17:23:16.000Z', 'user_level': 'regular'}</var>
<status status="PASS" start="2025-04-21T20:23:18.907326" elapsed="0.000987"/>
</iter>
<var>${user}</var>
<value>@{response.json()}</value>
<status status="PASS" start="2025-04-21T20:23:18.898317" elapsed="0.009996"/>
</for>
<kw name="Log" owner="BuiltIn">
<msg time="2025-04-21T20:23:18.908313" level="INFO">[1, 2, 3, 4, 6, 7, 12, 16, 26, 30, 32, 33, 41, 42, 43, 44, 45, 83]</msg>
<arg>${users_id}</arg>
<doc>Logs the given message with the given level.</doc>
<status status="PASS" start="2025-04-21T20:23:18.908313" elapsed="0.000000"/>
</kw>
<kw name="Set Suite Variable" owner="BuiltIn">
<msg time="2025-04-21T20:23:18.909225" level="INFO">${users_id} = [1, 2, 3, 4, 6, 7, 12, 16, 26, 30, 32, 33, 41, 42, 43, 44, 45, 83]</msg>
<arg>${users_id}</arg>
<doc>Makes a variable available everywhere within the scope of the current suite.</doc>
<status status="PASS" start="2025-04-21T20:23:18.908313" elapsed="0.000912"/>
</kw>
<status status="PASS" start="2025-04-21T20:23:16.855036" elapsed="2.054189"/>
</test>
<test id="s1-t8" name="Edit The New User" line="88">
<kw name="Create Dictionary" owner="BuiltIn">
<msg time="2025-04-21T20:23:18.910235" level="INFO">${header} = {'Authorization': 'Bearer eyJhbGciOiJIUzI1NiIsInR5cCI6IkpXVCJ9.eyJ1c2VyX2lkIjozMywidXNlcm5hbWUiOiJNZWlBZG1pbiIsImVtYWlsIjoic3Bvc3RpQHRlc3RpLmZpIiwiY3JlYXRlZF9hdCI6IjIwMjQtMDMtMDFUMDc6MDA6MDAuMDAwWiIsI...</msg>
<var>${header}</var>
<arg>Authorization=Bearer ${token}</arg>
<doc>Creates and returns a dictionary based on the given ``items``.</doc>
<status status="PASS" start="2025-04-21T20:23:18.910235" elapsed="0.000000"/>
</kw>
<kw name="Get From List" owner="Collections">
<msg time="2025-04-21T20:23:18.911224" level="INFO">${created_user_id} = 83</msg>
<var>${created_user_id}</var>
<arg>${users_id}</arg>
<arg>-1</arg>
<doc>Returns the value specified with an ``index`` from ``list``.</doc>
<status status="PASS" start="2025-04-21T20:23:18.911224" elapsed="0.000000"/>
</kw>
<kw name="Create Dictionary" owner="BuiltIn">
<msg time="2025-04-21T20:23:18.911224" level="INFO">${body} = {'username': 'robot', 'password': 'robot_salasana_uusi', 'email': 'robot@testitili.robot'}</msg>
<var>${body}</var>
<arg>username=robot</arg>
<arg>password=robot_salasana_uusi</arg>
<arg>email=robot@testitili.robot</arg>
<doc>Creates and returns a dictionary based on the given ``items``.</doc>
<status status="PASS" start="2025-04-21T20:23:18.911224" elapsed="0.000000"/>
</kw>
<kw name="Log" owner="BuiltIn">
<msg time="2025-04-21T20:23:18.912256" level="INFO">{'username': 'robot', 'password': 'robot_salasana_uusi', 'email': 'robot@testitili.robot'}</msg>
<arg>${body}</arg>
<doc>Logs the given message with the given level.</doc>
<status status="PASS" start="2025-04-21T20:23:18.911224" elapsed="0.001032"/>
</kw>
<kw name="PUT" owner="RequestsLibrary">
<msg time="2025-04-21T20:23:21.013414" level="INFO">PUT Request : url=http://localhost:3000/api/users/83 
 path_url=/api/users/83 
 headers={'User-Agent': 'python-requests/2.32.3', 'Accept-Encoding': 'gzip, deflate', 'Accept': '*/*', 'Connection': 'keep-alive', 'Authorization': 'Bearer eyJhbGciOiJIUzI1NiIsInR5cCI6IkpXVCJ9.eyJ1c2VyX2lkIjozMywidXNlcm5hbWUiOiJNZWlBZG1pbiIsImVtYWlsIjoic3Bvc3RpQHRlc3RpLmZpIiwiY3JlYXRlZF9hdCI6IjIwMjQtMDMtMDFUMDc6MDA6MDAuMDAwWiIsInVzZXJfbGV2ZWwiOiJhZG1pbiIsImlhdCI6MTc0NTI1NjE4NCwiZXhwIjoxNzQ1MzQyNTg0fQ.cEwjxliVxMprVkFIFZw9zfgy1IBMo0LbjNA9uPltyUQ', 'Content-Length': '90', 'Content-Type': 'application/json'} 
 body=b'{"username": "robot", "password": "robot_salasana_uusi", "email": "robot@testitili.robot"}' 
 </msg>
<msg time="2025-04-21T20:23:21.018190" level="INFO">PUT Response : url=http://localhost:3000/api/users/83 
 status=200, reason=OK 
 headers={'X-Powered-By': 'Express', 'Access-Control-Allow-Origin': '*', 'Content-Type': 'application/json; charset=utf-8', 'Content-Length': '32', 'ETag': 'W/"20-cXITRz1Nc99bbXyY/dpfLBTHEoU"', 'Date': 'Mon, 21 Apr 2025 17:23:21 GMT', 'Connection': 'keep-alive', 'Keep-Alive': 'timeout=5'} 
 body={"message":"User updated: true"} 
 </msg>
<msg time="2025-04-21T20:23:21.018190" level="INFO">${response} = &lt;Response [200]&gt;</msg>
<var>${response}</var>
<arg>url=http://localhost:3000/api/users/${created_user_id}</arg>
<arg>json=${body}</arg>
<arg>headers=${header}</arg>
<doc>Sends a PUT request.</doc>
<status status="PASS" start="2025-04-21T20:23:18.912256" elapsed="2.105934"/>
</kw>
<kw name="Log" owner="BuiltIn">
<msg time="2025-04-21T20:23:21.018566" level="INFO">{'message': 'User updated: true'}</msg>
<arg>${response.json()}</arg>
<doc>Logs the given message with the given level.</doc>
<status status="PASS" start="2025-04-21T20:23:21.018566" elapsed="0.000000"/>
</kw>
<kw name="Status Should Be" owner="RequestsLibrary">
<arg>200</arg>
<arg>${response}</arg>
<doc>Fails if response status code is different than the expected.</doc>
<status status="PASS" start="2025-04-21T20:23:21.019301" elapsed="0.000000"/>
</kw>
<kw name="Should Contain" owner="BuiltIn">
<arg>${response.json()}[message]</arg>
<arg>true</arg>
<doc>Fails if ``container`` does not contain ``item`` one or more times.</doc>
<status status="PASS" start="2025-04-21T20:23:21.019680" elapsed="0.000000"/>
</kw>
<status status="PASS" start="2025-04-21T20:23:18.910235" elapsed="2.109445"/>
</test>
<test id="s1-t9" name="Delete An User By User ID" line="99">
<kw name="Create Dictionary" owner="BuiltIn">
<msg time="2025-04-21T20:23:21.021686" level="INFO">${header} = {'Authorization': 'Bearer eyJhbGciOiJIUzI1NiIsInR5cCI6IkpXVCJ9.eyJ1c2VyX2lkIjozMywidXNlcm5hbWUiOiJNZWlBZG1pbiIsImVtYWlsIjoic3Bvc3RpQHRlc3RpLmZpIiwiY3JlYXRlZF9hdCI6IjIwMjQtMDMtMDFUMDc6MDA6MDAuMDAwWiIsI...</msg>
<var>${header}</var>
<arg>Authorization=Bearer ${token}</arg>
<doc>Creates and returns a dictionary based on the given ``items``.</doc>
<status status="PASS" start="2025-04-21T20:23:21.021686" elapsed="0.000000"/>
</kw>
<kw name="Get From List" owner="Collections">
<msg time="2025-04-21T20:23:21.021686" level="INFO">${created_user_id} = 83</msg>
<var>${created_user_id}</var>
<arg>${users_id}</arg>
<arg>-1</arg>
<doc>Returns the value specified with an ``index`` from ``list``.</doc>
<status status="PASS" start="2025-04-21T20:23:21.021686" elapsed="0.000000"/>
</kw>
<kw name="DELETE" owner="RequestsLibrary">
<msg time="2025-04-21T20:23:23.045687" level="INFO">DELETE Request : url=http://localhost:3000/api/users/83 
 path_url=/api/users/83 
 headers={'User-Agent': 'python-requests/2.32.3', 'Accept-Encoding': 'gzip, deflate', 'Accept': '*/*', 'Connection': 'keep-alive', 'Authorization': 'Bearer eyJhbGciOiJIUzI1NiIsInR5cCI6IkpXVCJ9.eyJ1c2VyX2lkIjozMywidXNlcm5hbWUiOiJNZWlBZG1pbiIsImVtYWlsIjoic3Bvc3RpQHRlc3RpLmZpIiwiY3JlYXRlZF9hdCI6IjIwMjQtMDMtMDFUMDc6MDA6MDAuMDAwWiIsInVzZXJfbGV2ZWwiOiJhZG1pbiIsImlhdCI6MTc0NTI1NjE4NCwiZXhwIjoxNzQ1MzQyNTg0fQ.cEwjxliVxMprVkFIFZw9zfgy1IBMo0LbjNA9uPltyUQ', 'Content-Length': '0'} 
 body=None 
 </msg>
<msg time="2025-04-21T20:23:23.050547" level="INFO">DELETE Response : url=http://localhost:3000/api/users/83 
 status=200, reason=OK 
 headers={'X-Powered-By': 'Express', 'Access-Control-Allow-Origin': '*', 'Content-Type': 'application/json; charset=utf-8', 'Content-Length': '32', 'ETag': 'W/"20-OLkN9MpbK+jqpd843pkFIp41DBc"', 'Date': 'Mon, 21 Apr 2025 17:23:23 GMT', 'Connection': 'keep-alive', 'Keep-Alive': 'timeout=5'} 
 body={"message":"User deleted: true"} 
 </msg>
<msg time="2025-04-21T20:23:23.050547" level="INFO">${response} = &lt;Response [200]&gt;</msg>
<var>${response}</var>
<arg>url=http://localhost:3000/api/users/${created_user_id}</arg>
<arg>headers=${header}</arg>
<doc>Sends a DELETE request.</doc>
<status status="PASS" start="2025-04-21T20:23:21.021686" elapsed="2.028861"/>
</kw>
<kw name="Log" owner="BuiltIn">
<msg time="2025-04-21T20:23:23.051621" level="INFO">{'message': 'User deleted: true'}</msg>
<arg>${response.json()}</arg>
<doc>Logs the given message with the given level.</doc>
<status status="PASS" start="2025-04-21T20:23:23.050547" elapsed="0.001074"/>
</kw>
<kw name="Status Should Be" owner="RequestsLibrary">
<arg>200</arg>
<arg>${response}</arg>
<doc>Fails if response status code is different than the expected.</doc>
<status status="PASS" start="2025-04-21T20:23:23.052558" elapsed="0.000000"/>
</kw>
<kw name="Should Contain" owner="BuiltIn">
<arg>${response.json()}[message]</arg>
<arg>true</arg>
<doc>Fails if ``container`` does not contain ``item`` one or more times.</doc>
<status status="PASS" start="2025-04-21T20:23:23.052558" elapsed="0.000998"/>
</kw>
<status status="PASS" start="2025-04-21T20:23:21.020687" elapsed="2.032869"/>
</test>
<status status="PASS" start="2025-04-21T20:23:02.299507" elapsed="20.756052"/>
</suite>
<statistics>
<total>
<stat pass="9" fail="0" skip="0">All Tests</stat>
</total>
<tag>
</tag>
<suite>
<stat name="Robot-Test-Requests" id="s1" pass="9" fail="0" skip="0">Robot-Test-Requests</stat>
</suite>
</statistics>
<errors>
</errors>
</robot>
