<?xml version="1.0" encoding="UTF-8"?>
<robot generator="Robot 7.2.2 (Python 3.9.13 on win32)" generated="2025-04-17T14:16:44.158060" rpa="false" schemaversion="5">
<suite id="s1" name="Robot-Test-Requests" source="C:\Users\Mei\Documents\Hyte-web-sovelluskehitys-projekti\Hyte-BE\test\robot-test-requests.robot">
<kw name="Authenticate as Admin" type="SETUP">
<kw name="Create Dictionary" owner="BuiltIn">
<msg time="2025-04-17T14:16:44.271403" level="INFO">${body} = {'username': 'meiadmin', 'password': 'salasana'}</msg>
<var>${body}</var>
<arg>username=meiadmin</arg>
<arg>password=salasana</arg>
<doc>Creates and returns a dictionary based on the given ``items``.</doc>
<status status="PASS" start="2025-04-17T14:16:44.271403" elapsed="0.000000"/>
</kw>
<kw name="POST" owner="RequestsLibrary">
<msg time="2025-04-17T14:16:46.425516" level="INFO">POST Request : url=http://localhost:3000/api/auth/login 
 path_url=/api/auth/login 
 headers={'User-Agent': 'python-requests/2.32.3', 'Accept-Encoding': 'gzip, deflate', 'Accept': '*/*', 'Connection': 'keep-alive', 'Content-Length': '48', 'Content-Type': 'application/json'} 
 body=b'{"username": "meiadmin", "password": "salasana"}' 
 </msg>
<msg time="2025-04-17T14:16:46.425516" level="INFO">POST Response : url=http://localhost:3000/api/auth/login 
 status=200, reason=OK 
 headers={'X-Powered-By': 'Express', 'Access-Control-Allow-Origin': '*', 'Content-Type': 'application/json; charset=utf-8', 'Content-Length': '455', 'ETag': 'W/"1c7-sfn0WwJyBP16hEOmD0Il7U0RJ9M"', 'Date': 'Thu, 17 Apr 2025 11:16:46 GMT', 'Connection': 'keep-alive', 'Keep-Alive': 'timeout=5'} 
 body={"message":"login ok","user":{"user_id":33,"username":"MeiAdmin","email":"sposti@testi.fi","created_at":"2024-03-01T07:00:00.000Z","user_level":"admin"},"token":"eyJhbGciOiJIUzI1NiIsInR5cCI6IkpXVCJ9.eyJ1c2VyX2lkIjozMywidXNlcm5hbWUiOiJNZWlBZG1pbiIsImVtYWlsIjoic3Bvc3RpQHRlc3RpLmZpIiwiY3JlYXRlZF9hdCI6IjIwMjQtMDMtMDFUMDc6MDA6MDAuMDAwWiIsInVzZXJfbGV2ZWwiOiJhZG1pbiIsImlhdCI6MTc0NDg4ODYwNiwiZXhwIjoxNzQ0OTc1MDA2fQ.jsVeS_tGKu17QZ4LS5IKOKHBhQu9jC-9my87sG_rv94"} 
 </msg>
<msg time="2025-04-17T14:16:46.425516" level="INFO">${response} = &lt;Response [200]&gt;</msg>
<var>${response}</var>
<arg>url=http://localhost:3000/api/auth/login</arg>
<arg>json=${body}</arg>
<doc>Sends a POST request.</doc>
<status status="PASS" start="2025-04-17T14:16:44.271403" elapsed="2.154113"/>
</kw>
<kw name="Log" owner="BuiltIn">
<msg time="2025-04-17T14:16:46.425516" level="INFO">{'message': 'login ok', 'user': {'user_id': 33, 'username': 'MeiAdmin', 'email': 'sposti@testi.fi', 'created_at': '2024-03-01T07:00:00.000Z', 'user_level': 'admin'}, 'token': 'eyJhbGciOiJIUzI1NiIsInR5cCI6IkpXVCJ9.eyJ1c2VyX2lkIjozMywidXNlcm5hbWUiOiJNZWlBZG1pbiIsImVtYWlsIjoic3Bvc3RpQHRlc3RpLmZpIiwiY3JlYXRlZF9hdCI6IjIwMjQtMDMtMDFUMDc6MDA6MDAuMDAwWiIsInVzZXJfbGV2ZWwiOiJhZG1pbiIsImlhdCI6MTc0NDg4ODYwNiwiZXhwIjoxNzQ0OTc1MDA2fQ.jsVeS_tGKu17QZ4LS5IKOKHBhQu9jC-9my87sG_rv94'}</msg>
<arg>${response.json()}</arg>
<doc>Logs the given message with the given level.</doc>
<status status="PASS" start="2025-04-17T14:16:46.425516" elapsed="0.000000"/>
</kw>
<kw name="Set Variable" owner="BuiltIn">
<msg time="2025-04-17T14:16:46.425516" level="INFO">${token} = eyJhbGciOiJIUzI1NiIsInR5cCI6IkpXVCJ9.eyJ1c2VyX2lkIjozMywidXNlcm5hbWUiOiJNZWlBZG1pbiIsImVtYWlsIjoic3Bvc3RpQHRlc3RpLmZpIiwiY3JlYXRlZF9hdCI6IjIwMjQtMDMtMDFUMDc6MDA6MDAuMDAwWiIsInVzZXJfbGV2ZWwiOiJhZG1pbiI...</msg>
<var>${token}</var>
<arg>${response.json()}[token]</arg>
<doc>Returns the given values which can then be assigned to a variables.</doc>
<status status="PASS" start="2025-04-17T14:16:46.425516" elapsed="0.000000"/>
</kw>
<kw name="Log" owner="BuiltIn">
<msg time="2025-04-17T14:16:46.427123" level="INFO">eyJhbGciOiJIUzI1NiIsInR5cCI6IkpXVCJ9.eyJ1c2VyX2lkIjozMywidXNlcm5hbWUiOiJNZWlBZG1pbiIsImVtYWlsIjoic3Bvc3RpQHRlc3RpLmZpIiwiY3JlYXRlZF9hdCI6IjIwMjQtMDMtMDFUMDc6MDA6MDAuMDAwWiIsInVzZXJfbGV2ZWwiOiJhZG1pbiIsImlhdCI6MTc0NDg4ODYwNiwiZXhwIjoxNzQ0OTc1MDA2fQ.jsVeS_tGKu17QZ4LS5IKOKHBhQu9jC-9my87sG_rv94</msg>
<arg>${token}</arg>
<doc>Logs the given message with the given level.</doc>
<status status="PASS" start="2025-04-17T14:16:46.425516" elapsed="0.001607"/>
</kw>
<kw name="Set Suite Variable" owner="BuiltIn">
<msg time="2025-04-17T14:16:46.427123" level="INFO">${token} = eyJhbGciOiJIUzI1NiIsInR5cCI6IkpXVCJ9.eyJ1c2VyX2lkIjozMywidXNlcm5hbWUiOiJNZWlBZG1pbiIsImVtYWlsIjoic3Bvc3RpQHRlc3RpLmZpIiwiY3JlYXRlZF9hdCI6IjIwMjQtMDMtMDFUMDc6MDA6MDAuMDAwWiIsInVzZXJfbGV2ZWwiOiJhZG1pbiI...</msg>
<arg>${token}</arg>
<doc>Makes a variable available everywhere within the scope of the current suite.</doc>
<status status="PASS" start="2025-04-17T14:16:46.427123" elapsed="0.000000"/>
</kw>
<doc>Kirjaudutaan sisään ylläpitäjän oikeuksilla.
- Aluksi luodaan rakenne (Dictionary), joka sisältää käyttäjänimen ja salasanan
- body-rakenne annetaan POST metodille JSON-parametrina
- Palautteena tuleva JSON-rakenne tulostetaan lokitiedostoon
- JSON rakenteesta kaivetaan esiin token
- Token tulostetaan myös lokitiedostoon
- Lopuksi token tallennetaa testijoukon muuttujiin muita kutsuja varten</doc>
<status status="PASS" start="2025-04-17T14:16:44.270357" elapsed="2.156766"/>
</kw>
<test id="s1-t1" name="Get User Info" line="23">
<kw name="Create Dictionary" owner="BuiltIn">
<msg time="2025-04-17T14:16:46.428137" level="INFO">${header} = {'Authorization': 'Bearer eyJhbGciOiJIUzI1NiIsInR5cCI6IkpXVCJ9.eyJ1c2VyX2lkIjozMywidXNlcm5hbWUiOiJNZWlBZG1pbiIsImVtYWlsIjoic3Bvc3RpQHRlc3RpLmZpIiwiY3JlYXRlZF9hdCI6IjIwMjQtMDMtMDFUMDc6MDA6MDAuMDAwWiIsI...</msg>
<var>${header}</var>
<arg>Authorization=Bearer ${token}</arg>
<doc>Creates and returns a dictionary based on the given ``items``.</doc>
<status status="PASS" start="2025-04-17T14:16:46.427123" elapsed="0.001014"/>
</kw>
<kw name="GET" owner="RequestsLibrary">
<msg time="2025-04-17T14:16:48.469639" level="INFO">GET Request : url=http://localhost:3000/api/auth/me 
 path_url=/api/auth/me 
 headers={'User-Agent': 'python-requests/2.32.3', 'Accept-Encoding': 'gzip, deflate', 'Accept': '*/*', 'Connection': 'keep-alive', 'Authorization': 'Bearer eyJhbGciOiJIUzI1NiIsInR5cCI6IkpXVCJ9.eyJ1c2VyX2lkIjozMywidXNlcm5hbWUiOiJNZWlBZG1pbiIsImVtYWlsIjoic3Bvc3RpQHRlc3RpLmZpIiwiY3JlYXRlZF9hdCI6IjIwMjQtMDMtMDFUMDc6MDA6MDAuMDAwWiIsInVzZXJfbGV2ZWwiOiJhZG1pbiIsImlhdCI6MTc0NDg4ODYwNiwiZXhwIjoxNzQ0OTc1MDA2fQ.jsVeS_tGKu17QZ4LS5IKOKHBhQu9jC-9my87sG_rv94'} 
 body=None 
 </msg>
<msg time="2025-04-17T14:16:48.470186" level="INFO">GET Response : url=http://localhost:3000/api/auth/me 
 status=200, reason=OK 
 headers={'X-Powered-By': 'Express', 'Access-Control-Allow-Origin': '*', 'Content-Type': 'application/json; charset=utf-8', 'Content-Length': '157', 'ETag': 'W/"9d-Ba1lv9q8DCAGeEdOeEBTh4krL9c"', 'Date': 'Thu, 17 Apr 2025 11:16:48 GMT', 'Connection': 'keep-alive', 'Keep-Alive': 'timeout=5'} 
 body={"user_id":33,"username":"MeiAdmin","email":"sposti@testi.fi","created_at":"2024-03-01T07:00:00.000Z","user_level":"admin","iat":1744888606,"exp":1744975006} 
 </msg>
<msg time="2025-04-17T14:16:48.470186" level="INFO">${response} = &lt;Response [200]&gt;</msg>
<var>${response}</var>
<arg>url=http://localhost:3000/api/auth/me</arg>
<arg>headers=${header}</arg>
<doc>Sends a GET request.</doc>
<status status="PASS" start="2025-04-17T14:16:46.428137" elapsed="2.042049"/>
</kw>
<kw name="Log" owner="BuiltIn">
<msg time="2025-04-17T14:16:48.471193" level="INFO">{'user_id': 33, 'username': 'MeiAdmin', 'email': 'sposti@testi.fi', 'created_at': '2024-03-01T07:00:00.000Z', 'user_level': 'admin', 'iat': 1744888606, 'exp': 1744975006}</msg>
<arg>${response.json()}</arg>
<doc>Logs the given message with the given level.</doc>
<status status="PASS" start="2025-04-17T14:16:48.470186" elapsed="0.001007"/>
</kw>
<kw name="Status Should Be" owner="RequestsLibrary">
<arg>200</arg>
<arg>${response}</arg>
<doc>Fails if response status code is different than the expected.</doc>
<status status="PASS" start="2025-04-17T14:16:48.471193" elapsed="0.000000"/>
</kw>
<kw name="Should Be Equal As Numbers" owner="BuiltIn">
<msg time="2025-04-17T14:16:48.472207" level="INFO">Argument types are:
&lt;class 'int'&gt;
&lt;class 'str'&gt;</msg>
<arg>${response.json()}[user_id]</arg>
<arg>33</arg>
<doc>Fails if objects are unequal after converting them to real numbers.</doc>
<status status="PASS" start="2025-04-17T14:16:48.472207" elapsed="0.000000"/>
</kw>
<status status="PASS" start="2025-04-17T14:16:46.427123" elapsed="2.045936"/>
</test>
<test id="s1-t2" name="Post A New Entry" line="30">
<kw name="Create Dictionary" owner="BuiltIn">
<msg time="2025-04-17T14:16:48.474318" level="INFO">${header} = {'Authorization': 'Bearer eyJhbGciOiJIUzI1NiIsInR5cCI6IkpXVCJ9.eyJ1c2VyX2lkIjozMywidXNlcm5hbWUiOiJNZWlBZG1pbiIsImVtYWlsIjoic3Bvc3RpQHRlc3RpLmZpIiwiY3JlYXRlZF9hdCI6IjIwMjQtMDMtMDFUMDc6MDA6MDAuMDAwWiIsI...</msg>
<var>${header}</var>
<arg>Authorization=Bearer ${token}</arg>
<doc>Creates and returns a dictionary based on the given ``items``.</doc>
<status status="PASS" start="2025-04-17T14:16:48.474318" elapsed="0.000000"/>
</kw>
<kw name="Create Dictionary" owner="BuiltIn">
<msg time="2025-04-17T14:16:48.474318" level="INFO">${body} = {'entry_date': '2025-04-16', 'mood': 'iloinen', 'weight': '60', 'sleep_hours': '6', 'notes': 'iloinenjee'}</msg>
<var>${body}</var>
<arg>entry_date=2025-04-16</arg>
<arg>mood=iloinen</arg>
<arg>weight=60</arg>
<arg>sleep_hours=6</arg>
<arg>notes=iloinenjee</arg>
<doc>Creates and returns a dictionary based on the given ``items``.</doc>
<status status="PASS" start="2025-04-17T14:16:48.474318" elapsed="0.000000"/>
</kw>
<kw name="Log" owner="BuiltIn">
<msg time="2025-04-17T14:16:48.475351" level="INFO">{'entry_date': '2025-04-16', 'mood': 'iloinen', 'weight': '60', 'sleep_hours': '6', 'notes': 'iloinenjee'}</msg>
<arg>${body}</arg>
<doc>Logs the given message with the given level.</doc>
<status status="PASS" start="2025-04-17T14:16:48.475351" elapsed="0.000000"/>
</kw>
<kw name="POST" owner="RequestsLibrary">
<msg time="2025-04-17T14:16:50.541033" level="INFO">POST Request : url=http://localhost:3000/api/entries 
 path_url=/api/entries 
 headers={'User-Agent': 'python-requests/2.32.3', 'Accept-Encoding': 'gzip, deflate', 'Accept': '*/*', 'Connection': 'keep-alive', 'Authorization': 'Bearer eyJhbGciOiJIUzI1NiIsInR5cCI6IkpXVCJ9.eyJ1c2VyX2lkIjozMywidXNlcm5hbWUiOiJNZWlBZG1pbiIsImVtYWlsIjoic3Bvc3RpQHRlc3RpLmZpIiwiY3JlYXRlZF9hdCI6IjIwMjQtMDMtMDFUMDc6MDA6MDAuMDAwWiIsInVzZXJfbGV2ZWwiOiJhZG1pbiIsImlhdCI6MTc0NDg4ODYwNiwiZXhwIjoxNzQ0OTc1MDA2fQ.jsVeS_tGKu17QZ4LS5IKOKHBhQu9jC-9my87sG_rv94', 'Content-Length': '106', 'Content-Type': 'application/json'} 
 body=b'{"entry_date": "2025-04-16", "mood": "iloinen", "weight": "60", "sleep_hours": "6", "notes": "iloinenjee"}' 
 </msg>
<msg time="2025-04-17T14:16:50.542127" level="INFO">POST Response : url=http://localhost:3000/api/entries 
 status=201, reason=Created 
 headers={'X-Powered-By': 'Express', 'Access-Control-Allow-Origin': '*', 'Content-Type': 'application/json; charset=utf-8', 'Content-Length': '26', 'ETag': 'W/"1a-XDNFNFrqeHHuclsYQ3uTbTzfT2A"', 'Date': 'Thu, 17 Apr 2025 11:16:50 GMT', 'Connection': 'keep-alive', 'Keep-Alive': 'timeout=5'} 
 body={"message":"Entry added."} 
 </msg>
<msg time="2025-04-17T14:16:50.542127" level="INFO">${response} = &lt;Response [201]&gt;</msg>
<var>${response}</var>
<arg>url=http://localhost:3000/api/entries</arg>
<arg>headers=${header}</arg>
<arg>json=${body}</arg>
<doc>Sends a POST request.</doc>
<status status="PASS" start="2025-04-17T14:16:48.475351" elapsed="2.066776"/>
</kw>
<kw name="Log" owner="BuiltIn">
<msg time="2025-04-17T14:16:50.543037" level="INFO">{'message': 'Entry added.'}</msg>
<arg>${response.json()}</arg>
<doc>Logs the given message with the given level.</doc>
<status status="PASS" start="2025-04-17T14:16:50.542127" elapsed="0.000910"/>
</kw>
<kw name="Status Should Be" owner="RequestsLibrary">
<arg>201</arg>
<arg>${response}</arg>
<doc>Fails if response status code is different than the expected.</doc>
<status status="PASS" start="2025-04-17T14:16:50.543037" elapsed="0.000000"/>
</kw>
<status status="PASS" start="2025-04-17T14:16:48.473251" elapsed="2.069786"/>
</test>
<test id="s1-t3" name="Get Users Entries" line="38">
<kw name="Create Dictionary" owner="BuiltIn">
<msg time="2025-04-17T14:16:50.545179" level="INFO">${header} = {'Authorization': 'Bearer eyJhbGciOiJIUzI1NiIsInR5cCI6IkpXVCJ9.eyJ1c2VyX2lkIjozMywidXNlcm5hbWUiOiJNZWlBZG1pbiIsImVtYWlsIjoic3Bvc3RpQHRlc3RpLmZpIiwiY3JlYXRlZF9hdCI6IjIwMjQtMDMtMDFUMDc6MDA6MDAuMDAwWiIsI...</msg>
<var>${header}</var>
<arg>Authorization=Bearer ${token}</arg>
<doc>Creates and returns a dictionary based on the given ``items``.</doc>
<status status="PASS" start="2025-04-17T14:16:50.545179" elapsed="0.000000"/>
</kw>
<kw name="GET" owner="RequestsLibrary">
<msg time="2025-04-17T14:16:52.598227" level="INFO">GET Request : url=http://localhost:3000/api/entries 
 path_url=/api/entries 
 headers={'User-Agent': 'python-requests/2.32.3', 'Accept-Encoding': 'gzip, deflate', 'Accept': '*/*', 'Connection': 'keep-alive', 'Authorization': 'Bearer eyJhbGciOiJIUzI1NiIsInR5cCI6IkpXVCJ9.eyJ1c2VyX2lkIjozMywidXNlcm5hbWUiOiJNZWlBZG1pbiIsImVtYWlsIjoic3Bvc3RpQHRlc3RpLmZpIiwiY3JlYXRlZF9hdCI6IjIwMjQtMDMtMDFUMDc6MDA6MDAuMDAwWiIsInVzZXJfbGV2ZWwiOiJhZG1pbiIsImlhdCI6MTc0NDg4ODYwNiwiZXhwIjoxNzQ0OTc1MDA2fQ.jsVeS_tGKu17QZ4LS5IKOKHBhQu9jC-9my87sG_rv94'} 
 body=None 
 </msg>
<msg time="2025-04-17T14:16:52.598227" level="INFO">GET Response : url=http://localhost:3000/api/entries 
 status=200, reason=OK 
 headers={'X-Powered-By': 'Express', 'Access-Control-Allow-Origin': '*', 'Content-Type': 'application/json; charset=utf-8', 'Content-Length': '1241', 'ETag': 'W/"4d9-l5vgfqN5i6VpHMm9Si2cletYgqc"', 'Date': 'Thu, 17 Apr 2025 11:16:52 GMT', 'Connection': 'keep-alive', 'Keep-Alive': 'timeout=5'} 
 body=[{"entry_id":24,"user_id":33,"entry_date":"2025-03-10T22:00:00.000Z","mood":"okei","weight":"60.00","sleep_hours":5,"notes":"oli ok","created_at":"2025-03-10T23:21:18.000Z"},{"entry_id":25,"user_id":33,"entry_date":"2025-03-10T22:00:00.000Z","mood":"hieno","weight":"65.00","sleep_hours":8,"notes":"hyvä","created_at":"2025-03-10T23:21:53.000Z"},{"entry_id":30,"user_id":33,"entry_date":"2025-03-10T22:00:00.000Z","mood":"jee","weight":"60.00","sleep_hours":8,"notes":"jejejeje","created_at":"2025-03-11T03:27:01.000Z"},{"entry_id":44,"user_id":33,"entry_date":"2025-04-15T21:00:00.000Z","mood":"iloinen","weight":"60.00","sleep_hours":6,"notes":"iloinenjee","created_at":"2025-04-17T09:25:48.000Z"},{"entry_id":45,"user_id":33,"entry_date":"2025-04-15T21:00:00.000Z","mood":"iloinen","weight":"60.00","sleep_hours":6,"notes":"iloinenjee","created_at":"2025-04-17T09:45:04.000Z"},{"entry_id":47,"user_id":33,"entry_date":"2025-04-15T21:00:00.000Z","mood":"iloinen","weight":"60.00","sleep_hours":6,"notes":"iloinenjee","created_at":"2025-04-17T09:52:21.000Z"},{"entry_id":76,"user_id":33,"entry_date":"2025-04-15T21:00:00.000Z","mood":"iloinen","weight":"60.00","sleep_hours":6,"notes":"iloinenjee","created_at":"2025-04-17T11:16:50.000Z"}] 
 </msg>
<msg time="2025-04-17T14:16:52.598227" level="INFO">${response} = &lt;Response [200]&gt;</msg>
<var>${response}</var>
<arg>url=http://localhost:3000/api/entries</arg>
<arg>headers=${header}</arg>
<doc>Sends a GET request.</doc>
<status status="PASS" start="2025-04-17T14:16:50.545179" elapsed="2.053048"/>
</kw>
<kw name="Create List" owner="BuiltIn">
<msg time="2025-04-17T14:16:52.599227" level="INFO">${entries_id} = []</msg>
<var>${entries_id}</var>
<doc>Returns a list containing given items.</doc>
<status status="PASS" start="2025-04-17T14:16:52.599227" elapsed="0.000504"/>
</kw>
<for flavor="IN">
<iter>
<kw name="Set Variable" owner="BuiltIn">
<msg time="2025-04-17T14:16:52.600738" level="INFO">${entry_id} = 24</msg>
<var>${entry_id}</var>
<arg>${entry}[entry_id]</arg>
<doc>Returns the given values which can then be assigned to a variables.</doc>
<status status="PASS" start="2025-04-17T14:16:52.599731" elapsed="0.001007"/>
</kw>
<kw name="Append To List" owner="Collections">
<arg>${entries_id}</arg>
<arg>${entry_id}</arg>
<doc>Adds ``values`` to the end of ``list``.</doc>
<status status="PASS" start="2025-04-17T14:16:52.600738" elapsed="0.000000"/>
</kw>
<var name="${entry}">{'entry_id': 24, 'user_id': 33, 'entry_date': '2025-03-10T22:00:00.000Z', 'mood': 'okei', 'weight': '60.00', 'sleep_hours': 5, 'notes': 'oli ok', 'created_at': '2025-03-10T23:21:18.000Z'}</var>
<status status="PASS" start="2025-04-17T14:16:52.599731" elapsed="0.001007"/>
</iter>
<iter>
<kw name="Set Variable" owner="BuiltIn">
<msg time="2025-04-17T14:16:52.600738" level="INFO">${entry_id} = 25</msg>
<var>${entry_id}</var>
<arg>${entry}[entry_id]</arg>
<doc>Returns the given values which can then be assigned to a variables.</doc>
<status status="PASS" start="2025-04-17T14:16:52.600738" elapsed="0.000000"/>
</kw>
<kw name="Append To List" owner="Collections">
<arg>${entries_id}</arg>
<arg>${entry_id}</arg>
<doc>Adds ``values`` to the end of ``list``.</doc>
<status status="PASS" start="2025-04-17T14:16:52.600738" elapsed="0.000000"/>
</kw>
<var name="${entry}">{'entry_id': 25, 'user_id': 33, 'entry_date': '2025-03-10T22:00:00.000Z', 'mood': 'hieno', 'weight': '65.00', 'sleep_hours': 8, 'notes': 'hyvä', 'created_at': '2025-03-10T23:21:53.000Z'}</var>
<status status="PASS" start="2025-04-17T14:16:52.600738" elapsed="0.000000"/>
</iter>
<iter>
<kw name="Set Variable" owner="BuiltIn">
<msg time="2025-04-17T14:16:52.601819" level="INFO">${entry_id} = 30</msg>
<var>${entry_id}</var>
<arg>${entry}[entry_id]</arg>
<doc>Returns the given values which can then be assigned to a variables.</doc>
<status status="PASS" start="2025-04-17T14:16:52.601819" elapsed="0.000000"/>
</kw>
<kw name="Append To List" owner="Collections">
<arg>${entries_id}</arg>
<arg>${entry_id}</arg>
<doc>Adds ``values`` to the end of ``list``.</doc>
<status status="PASS" start="2025-04-17T14:16:52.601819" elapsed="0.000000"/>
</kw>
<var name="${entry}">{'entry_id': 30, 'user_id': 33, 'entry_date': '2025-03-10T22:00:00.000Z', 'mood': 'jee', 'weight': '60.00', 'sleep_hours': 8, 'notes': 'jejejeje', 'created_at': '2025-03-11T03:27:01.000Z'}</var>
<status status="PASS" start="2025-04-17T14:16:52.601819" elapsed="0.000000"/>
</iter>
<iter>
<kw name="Set Variable" owner="BuiltIn">
<msg time="2025-04-17T14:16:52.601819" level="INFO">${entry_id} = 44</msg>
<var>${entry_id}</var>
<arg>${entry}[entry_id]</arg>
<doc>Returns the given values which can then be assigned to a variables.</doc>
<status status="PASS" start="2025-04-17T14:16:52.601819" elapsed="0.000000"/>
</kw>
<kw name="Append To List" owner="Collections">
<arg>${entries_id}</arg>
<arg>${entry_id}</arg>
<doc>Adds ``values`` to the end of ``list``.</doc>
<status status="PASS" start="2025-04-17T14:16:52.601819" elapsed="0.000971"/>
</kw>
<var name="${entry}">{'entry_id': 44, 'user_id': 33, 'entry_date': '2025-04-15T21:00:00.000Z', 'mood': 'iloinen', 'weight': '60.00', 'sleep_hours': 6, 'notes': 'iloinenjee', 'created_at': '2025-04-17T09:25:48.000Z'}</var>
<status status="PASS" start="2025-04-17T14:16:52.601819" elapsed="0.000971"/>
</iter>
<iter>
<kw name="Set Variable" owner="BuiltIn">
<msg time="2025-04-17T14:16:52.602790" level="INFO">${entry_id} = 45</msg>
<var>${entry_id}</var>
<arg>${entry}[entry_id]</arg>
<doc>Returns the given values which can then be assigned to a variables.</doc>
<status status="PASS" start="2025-04-17T14:16:52.602790" elapsed="0.000000"/>
</kw>
<kw name="Append To List" owner="Collections">
<arg>${entries_id}</arg>
<arg>${entry_id}</arg>
<doc>Adds ``values`` to the end of ``list``.</doc>
<status status="PASS" start="2025-04-17T14:16:52.602790" elapsed="0.000000"/>
</kw>
<var name="${entry}">{'entry_id': 45, 'user_id': 33, 'entry_date': '2025-04-15T21:00:00.000Z', 'mood': 'iloinen', 'weight': '60.00', 'sleep_hours': 6, 'notes': 'iloinenjee', 'created_at': '2025-04-17T09:45:04.000Z'}</var>
<status status="PASS" start="2025-04-17T14:16:52.602790" elapsed="0.000000"/>
</iter>
<iter>
<kw name="Set Variable" owner="BuiltIn">
<msg time="2025-04-17T14:16:52.603745" level="INFO">${entry_id} = 47</msg>
<var>${entry_id}</var>
<arg>${entry}[entry_id]</arg>
<doc>Returns the given values which can then be assigned to a variables.</doc>
<status status="PASS" start="2025-04-17T14:16:52.602790" elapsed="0.000955"/>
</kw>
<kw name="Append To List" owner="Collections">
<arg>${entries_id}</arg>
<arg>${entry_id}</arg>
<doc>Adds ``values`` to the end of ``list``.</doc>
<status status="PASS" start="2025-04-17T14:16:52.603745" elapsed="0.000000"/>
</kw>
<var name="${entry}">{'entry_id': 47, 'user_id': 33, 'entry_date': '2025-04-15T21:00:00.000Z', 'mood': 'iloinen', 'weight': '60.00', 'sleep_hours': 6, 'notes': 'iloinenjee', 'created_at': '2025-04-17T09:52:21.000Z'}</var>
<status status="PASS" start="2025-04-17T14:16:52.602790" elapsed="0.000955"/>
</iter>
<iter>
<kw name="Set Variable" owner="BuiltIn">
<msg time="2025-04-17T14:16:52.603745" level="INFO">${entry_id} = 76</msg>
<var>${entry_id}</var>
<arg>${entry}[entry_id]</arg>
<doc>Returns the given values which can then be assigned to a variables.</doc>
<status status="PASS" start="2025-04-17T14:16:52.603745" elapsed="0.000000"/>
</kw>
<kw name="Append To List" owner="Collections">
<arg>${entries_id}</arg>
<arg>${entry_id}</arg>
<doc>Adds ``values`` to the end of ``list``.</doc>
<status status="PASS" start="2025-04-17T14:16:52.603745" elapsed="0.000000"/>
</kw>
<var name="${entry}">{'entry_id': 76, 'user_id': 33, 'entry_date': '2025-04-15T21:00:00.000Z', 'mood': 'iloinen', 'weight': '60.00', 'sleep_hours': 6, 'notes': 'iloinenjee', 'created_at': '2025-04-17T11:16:50.000Z'}</var>
<status status="PASS" start="2025-04-17T14:16:52.603745" elapsed="0.000000"/>
</iter>
<var>${entry}</var>
<value>@{response.json()}</value>
<status status="PASS" start="2025-04-17T14:16:52.599731" elapsed="0.004014"/>
</for>
<kw name="Log" owner="BuiltIn">
<msg time="2025-04-17T14:16:52.604738" level="INFO">[{'entry_id': 24, 'user_id': 33, 'entry_date': '2025-03-10T22:00:00.000Z', 'mood': 'okei', 'weight': '60.00', 'sleep_hours': 5, 'notes': 'oli ok', 'created_at': '2025-03-10T23:21:18.000Z'}, {'entry_id': 25, 'user_id': 33, 'entry_date': '2025-03-10T22:00:00.000Z', 'mood': 'hieno', 'weight': '65.00', 'sleep_hours': 8, 'notes': 'hyvä', 'created_at': '2025-03-10T23:21:53.000Z'}, {'entry_id': 30, 'user_id': 33, 'entry_date': '2025-03-10T22:00:00.000Z', 'mood': 'jee', 'weight': '60.00', 'sleep_hours': 8, 'notes': 'jejejeje', 'created_at': '2025-03-11T03:27:01.000Z'}, {'entry_id': 44, 'user_id': 33, 'entry_date': '2025-04-15T21:00:00.000Z', 'mood': 'iloinen', 'weight': '60.00', 'sleep_hours': 6, 'notes': 'iloinenjee', 'created_at': '2025-04-17T09:25:48.000Z'}, {'entry_id': 45, 'user_id': 33, 'entry_date': '2025-04-15T21:00:00.000Z', 'mood': 'iloinen', 'weight': '60.00', 'sleep_hours': 6, 'notes': 'iloinenjee', 'created_at': '2025-04-17T09:45:04.000Z'}, {'entry_id': 47, 'user_id': 33, 'entry_date': '2025-04-15T21:00:00.000Z', 'mood': 'iloinen', 'weight': '60.00', 'sleep_hours': 6, 'notes': 'iloinenjee', 'created_at': '2025-04-17T09:52:21.000Z'}, {'entry_id': 76, 'user_id': 33, 'entry_date': '2025-04-15T21:00:00.000Z', 'mood': 'iloinen', 'weight': '60.00', 'sleep_hours': 6, 'notes': 'iloinenjee', 'created_at': '2025-04-17T11:16:50.000Z'}]</msg>
<arg>${response.json()}</arg>
<doc>Logs the given message with the given level.</doc>
<status status="PASS" start="2025-04-17T14:16:52.604738" elapsed="0.000000"/>
</kw>
<kw name="Log" owner="BuiltIn">
<msg time="2025-04-17T14:16:52.605741" level="INFO">[24, 25, 30, 44, 45, 47, 76]</msg>
<arg>${entries_id}</arg>
<doc>Logs the given message with the given level.</doc>
<status status="PASS" start="2025-04-17T14:16:52.604738" elapsed="0.001003"/>
</kw>
<kw name="Set Suite Variable" owner="BuiltIn">
<msg time="2025-04-17T14:16:52.606252" level="INFO">${entries_id} = [24, 25, 30, 44, 45, 47, 76]</msg>
<arg>${entries_id}</arg>
<doc>Makes a variable available everywhere within the scope of the current suite.</doc>
<status status="PASS" start="2025-04-17T14:16:52.605741" elapsed="0.000511"/>
</kw>
<kw name="Status Should Be" owner="RequestsLibrary">
<arg>200</arg>
<arg>${response}</arg>
<doc>Fails if response status code is different than the expected.</doc>
<status status="PASS" start="2025-04-17T14:16:52.606252" elapsed="0.000000"/>
</kw>
<status status="PASS" start="2025-04-17T14:16:50.544038" elapsed="2.063215"/>
</test>
<test id="s1-t4" name="Edit The New Entry" line="51">
<kw name="Create Dictionary" owner="BuiltIn">
<msg time="2025-04-17T14:16:52.608556" level="INFO">${header} = {'Authorization': 'Bearer eyJhbGciOiJIUzI1NiIsInR5cCI6IkpXVCJ9.eyJ1c2VyX2lkIjozMywidXNlcm5hbWUiOiJNZWlBZG1pbiIsImVtYWlsIjoic3Bvc3RpQHRlc3RpLmZpIiwiY3JlYXRlZF9hdCI6IjIwMjQtMDMtMDFUMDc6MDA6MDAuMDAwWiIsI...</msg>
<var>${header}</var>
<arg>Authorization=Bearer ${token}</arg>
<doc>Creates and returns a dictionary based on the given ``items``.</doc>
<status status="PASS" start="2025-04-17T14:16:52.607550" elapsed="0.001006"/>
</kw>
<kw name="Create Dictionary" owner="BuiltIn">
<msg time="2025-04-17T14:16:52.608556" level="INFO">${body} = {'entry_date': '2025-04-16', 'mood': 'hyvä', 'weight': '60', 'sleep_hours': '6', 'notes': 'iloinenjee'}</msg>
<var>${body}</var>
<arg>entry_date=2025-04-16</arg>
<arg>mood=hyvä</arg>
<arg>weight=60</arg>
<arg>sleep_hours=6</arg>
<arg>notes=iloinenjee</arg>
<doc>Creates and returns a dictionary based on the given ``items``.</doc>
<status status="PASS" start="2025-04-17T14:16:52.608556" elapsed="0.000000"/>
</kw>
<kw name="Log" owner="BuiltIn">
<msg time="2025-04-17T14:16:52.609559" level="INFO">{'entry_date': '2025-04-16', 'mood': 'hyvä', 'weight': '60', 'sleep_hours': '6', 'notes': 'iloinenjee'}</msg>
<arg>${body}</arg>
<doc>Logs the given message with the given level.</doc>
<status status="PASS" start="2025-04-17T14:16:52.608556" elapsed="0.001003"/>
</kw>
<kw name="Get From List" owner="Collections">
<msg time="2025-04-17T14:16:52.610070" level="INFO">${entry_id} = 76</msg>
<var>${entry_id}</var>
<arg>${entries_id}</arg>
<arg>-1</arg>
<doc>Returns the value specified with an ``index`` from ``list``.</doc>
<status status="PASS" start="2025-04-17T14:16:52.609559" elapsed="0.000511"/>
</kw>
<kw name="PUT" owner="RequestsLibrary">
<msg time="2025-04-17T14:16:54.663253" level="INFO">PUT Request : url=http://localhost:3000/api/entries/76 
 path_url=/api/entries/76 
 headers={'User-Agent': 'python-requests/2.32.3', 'Accept-Encoding': 'gzip, deflate', 'Accept': '*/*', 'Connection': 'keep-alive', 'Authorization': 'Bearer eyJhbGciOiJIUzI1NiIsInR5cCI6IkpXVCJ9.eyJ1c2VyX2lkIjozMywidXNlcm5hbWUiOiJNZWlBZG1pbiIsImVtYWlsIjoic3Bvc3RpQHRlc3RpLmZpIiwiY3JlYXRlZF9hdCI6IjIwMjQtMDMtMDFUMDc6MDA6MDAuMDAwWiIsInVzZXJfbGV2ZWwiOiJhZG1pbiIsImlhdCI6MTc0NDg4ODYwNiwiZXhwIjoxNzQ0OTc1MDA2fQ.jsVeS_tGKu17QZ4LS5IKOKHBhQu9jC-9my87sG_rv94', 'Content-Length': '108', 'Content-Type': 'application/json'} 
 body=b'{"entry_date": "2025-04-16", "mood": "hyv\\u00e4", "weight": "60", "sleep_hours": "6", "notes": "iloinenjee"}' 
 </msg>
<msg time="2025-04-17T14:16:54.663253" level="INFO">PUT Response : url=http://localhost:3000/api/entries/76 
 status=200, reason=OK 
 headers={'X-Powered-By': 'Express', 'Access-Control-Allow-Origin': '*', 'Content-Type': 'application/json; charset=utf-8', 'Content-Length': '33', 'ETag': 'W/"21-RdWPxMCuEILQxVLY05zMUqnxcZQ"', 'Date': 'Thu, 17 Apr 2025 11:16:54 GMT', 'Connection': 'keep-alive', 'Keep-Alive': 'timeout=5'} 
 body={"message":"Entry updated: true"} 
 </msg>
<msg time="2025-04-17T14:16:54.664251" level="INFO">${response} = &lt;Response [200]&gt;</msg>
<var>${response}</var>
<arg>url=http://localhost:3000/api/entries/${entry_id}</arg>
<arg>headers=${header}</arg>
<arg>json=${body}</arg>
<doc>Sends a PUT request.</doc>
<status status="PASS" start="2025-04-17T14:16:52.610070" elapsed="2.054181"/>
</kw>
<kw name="Log" owner="BuiltIn">
<msg time="2025-04-17T14:16:54.665244" level="INFO">{'message': 'Entry updated: true'}</msg>
<arg>${response.json()}</arg>
<doc>Logs the given message with the given level.</doc>
<status status="PASS" start="2025-04-17T14:16:54.664251" elapsed="0.000993"/>
</kw>
<kw name="Status Should Be" owner="RequestsLibrary">
<arg>200</arg>
<arg>${response}</arg>
<doc>Fails if response status code is different than the expected.</doc>
<status status="PASS" start="2025-04-17T14:16:54.666247" elapsed="0.000000"/>
</kw>
<kw name="Should Contain" owner="BuiltIn">
<arg>${response.json()}[message]</arg>
<arg>true</arg>
<doc>Fails if ``container`` does not contain ``item`` one or more times.</doc>
<status status="PASS" start="2025-04-17T14:16:54.666247" elapsed="0.000999"/>
</kw>
<status status="PASS" start="2025-04-17T14:16:52.607550" elapsed="2.059696"/>
</test>
<test id="s1-t5" name="Delete An Entry" line="61">
<kw name="Create Dictionary" owner="BuiltIn">
<msg time="2025-04-17T14:16:54.669243" level="INFO">${header} = {'Authorization': 'Bearer eyJhbGciOiJIUzI1NiIsInR5cCI6IkpXVCJ9.eyJ1c2VyX2lkIjozMywidXNlcm5hbWUiOiJNZWlBZG1pbiIsImVtYWlsIjoic3Bvc3RpQHRlc3RpLmZpIiwiY3JlYXRlZF9hdCI6IjIwMjQtMDMtMDFUMDc6MDA6MDAuMDAwWiIsI...</msg>
<var>${header}</var>
<arg>Authorization=Bearer ${token}</arg>
<doc>Creates and returns a dictionary based on the given ``items``.</doc>
<status status="PASS" start="2025-04-17T14:16:54.668248" elapsed="0.000995"/>
</kw>
<kw name="Get From List" owner="Collections">
<msg time="2025-04-17T14:16:54.669243" level="INFO">${entry_id} = 76</msg>
<var>${entry_id}</var>
<arg>${entries_id}</arg>
<arg>-1</arg>
<doc>Returns the value specified with an ``index`` from ``list``.</doc>
<status status="PASS" start="2025-04-17T14:16:54.669243" elapsed="0.000000"/>
</kw>
<kw name="DELETE" owner="RequestsLibrary">
<msg time="2025-04-17T14:16:56.722106" level="INFO">DELETE Request : url=http://localhost:3000/api/entries/76 
 path_url=/api/entries/76 
 headers={'User-Agent': 'python-requests/2.32.3', 'Accept-Encoding': 'gzip, deflate', 'Accept': '*/*', 'Connection': 'keep-alive', 'Authorization': 'Bearer eyJhbGciOiJIUzI1NiIsInR5cCI6IkpXVCJ9.eyJ1c2VyX2lkIjozMywidXNlcm5hbWUiOiJNZWlBZG1pbiIsImVtYWlsIjoic3Bvc3RpQHRlc3RpLmZpIiwiY3JlYXRlZF9hdCI6IjIwMjQtMDMtMDFUMDc6MDA6MDAuMDAwWiIsInVzZXJfbGV2ZWwiOiJhZG1pbiIsImlhdCI6MTc0NDg4ODYwNiwiZXhwIjoxNzQ0OTc1MDA2fQ.jsVeS_tGKu17QZ4LS5IKOKHBhQu9jC-9my87sG_rv94', 'Content-Length': '0'} 
 body=None 
 </msg>
<msg time="2025-04-17T14:16:56.722106" level="INFO">DELETE Response : url=http://localhost:3000/api/entries/76 
 status=200, reason=OK 
 headers={'X-Powered-By': 'Express', 'Access-Control-Allow-Origin': '*', 'Content-Type': 'application/json; charset=utf-8', 'Content-Length': '33', 'ETag': 'W/"21-DudIw+XlTMhaadmDd+BF6RiW9Mk"', 'Date': 'Thu, 17 Apr 2025 11:16:56 GMT', 'Connection': 'keep-alive', 'Keep-Alive': 'timeout=5'} 
 body={"message":"Entry deleted: true"} 
 </msg>
<msg time="2025-04-17T14:16:56.723106" level="INFO">${response} = &lt;Response [200]&gt;</msg>
<var>${response}</var>
<arg>url=http://localhost:3000/api/entries/${entry_id}</arg>
<arg>headers=${header}</arg>
<doc>Sends a DELETE request.</doc>
<status status="PASS" start="2025-04-17T14:16:54.669850" elapsed="2.053256"/>
</kw>
<kw name="Log" owner="BuiltIn">
<msg time="2025-04-17T14:16:56.724103" level="INFO">{'message': 'Entry deleted: true'}</msg>
<arg>${response.json()}</arg>
<doc>Logs the given message with the given level.</doc>
<status status="PASS" start="2025-04-17T14:16:56.723106" elapsed="0.000997"/>
</kw>
<kw name="Status Should Be" owner="RequestsLibrary">
<arg>200</arg>
<arg>${response}</arg>
<doc>Fails if response status code is different than the expected.</doc>
<status status="PASS" start="2025-04-17T14:16:56.724763" elapsed="0.000000"/>
</kw>
<status status="PASS" start="2025-04-17T14:16:54.668248" elapsed="2.057526"/>
</test>
<test id="s1-t6" name="Create A New User" line="68">
<kw name="Create Dictionary" owner="BuiltIn">
<msg time="2025-04-17T14:16:56.726787" level="INFO">${body} = {'username': 'robot', 'password': 'robot_salasana', 'email': 'robot@testitili.robot'}</msg>
<var>${body}</var>
<arg>username=robot</arg>
<arg>password=robot_salasana</arg>
<arg>email=robot@testitili.robot</arg>
<doc>Creates and returns a dictionary based on the given ``items``.</doc>
<status status="PASS" start="2025-04-17T14:16:56.726787" elapsed="0.000000"/>
</kw>
<kw name="Log" owner="BuiltIn">
<msg time="2025-04-17T14:16:56.727781" level="INFO">{'username': 'robot', 'password': 'robot_salasana', 'email': 'robot@testitili.robot'}</msg>
<arg>${body}</arg>
<doc>Logs the given message with the given level.</doc>
<status status="PASS" start="2025-04-17T14:16:56.726787" elapsed="0.000994"/>
</kw>
<kw name="POST" owner="RequestsLibrary">
<msg time="2025-04-17T14:16:58.848542" level="INFO">POST Request : url=http://localhost:3000/api/users 
 path_url=/api/users 
 headers={'User-Agent': 'python-requests/2.32.3', 'Accept-Encoding': 'gzip, deflate', 'Accept': '*/*', 'Connection': 'keep-alive', 'Content-Length': '85', 'Content-Type': 'application/json'} 
 body=b'{"username": "robot", "password": "robot_salasana", "email": "robot@testitili.robot"}' 
 </msg>
<msg time="2025-04-17T14:16:58.848542" level="INFO">POST Response : url=http://localhost:3000/api/users 
 status=201, reason=Created 
 headers={'X-Powered-By': 'Express', 'Access-Control-Allow-Origin': '*', 'Content-Type': 'application/json; charset=utf-8', 'Content-Length': '32', 'ETag': 'W/"20-mUwzYKAWfTdweXgb3qlbp8LCPPs"', 'Date': 'Thu, 17 Apr 2025 11:16:58 GMT', 'Connection': 'keep-alive', 'Keep-Alive': 'timeout=5'} 
 body={"message":"User added. id: 72"} 
 </msg>
<msg time="2025-04-17T14:16:58.848542" level="INFO">${response} = &lt;Response [201]&gt;</msg>
<var>${response}</var>
<arg>url=http://localhost:3000/api/users</arg>
<arg>json=${body}</arg>
<doc>Sends a POST request.</doc>
<status status="PASS" start="2025-04-17T14:16:56.727781" elapsed="2.120761"/>
</kw>
<kw name="Log" owner="BuiltIn">
<msg time="2025-04-17T14:16:58.849547" level="INFO">{'message': 'User added. id: 72'}</msg>
<arg>${response.json()}</arg>
<doc>Logs the given message with the given level.</doc>
<status status="PASS" start="2025-04-17T14:16:58.849547" elapsed="0.000000"/>
</kw>
<kw name="Status Should Be" owner="RequestsLibrary">
<arg>201</arg>
<arg>${response}</arg>
<doc>Fails if response status code is different than the expected.</doc>
<status status="PASS" start="2025-04-17T14:16:58.849547" elapsed="0.001048"/>
</kw>
<status status="PASS" start="2025-04-17T14:16:56.725774" elapsed="2.124821"/>
</test>
<test id="s1-t7" name="Get All Users" line="75">
<kw name="Create Dictionary" owner="BuiltIn">
<msg time="2025-04-17T14:16:58.851546" level="INFO">${header} = {'Authorization': 'Bearer eyJhbGciOiJIUzI1NiIsInR5cCI6IkpXVCJ9.eyJ1c2VyX2lkIjozMywidXNlcm5hbWUiOiJNZWlBZG1pbiIsImVtYWlsIjoic3Bvc3RpQHRlc3RpLmZpIiwiY3JlYXRlZF9hdCI6IjIwMjQtMDMtMDFUMDc6MDA6MDAuMDAwWiIsI...</msg>
<var>${header}</var>
<arg>Authorization=Bearer ${token}</arg>
<doc>Creates and returns a dictionary based on the given ``items``.</doc>
<status status="PASS" start="2025-04-17T14:16:58.851546" elapsed="0.001007"/>
</kw>
<kw name="GET" owner="RequestsLibrary">
<msg time="2025-04-17T14:17:00.908731" level="INFO">GET Request : url=http://localhost:3000/api/users 
 path_url=/api/users 
 headers={'User-Agent': 'python-requests/2.32.3', 'Accept-Encoding': 'gzip, deflate', 'Accept': '*/*', 'Connection': 'keep-alive', 'Authorization': 'Bearer eyJhbGciOiJIUzI1NiIsInR5cCI6IkpXVCJ9.eyJ1c2VyX2lkIjozMywidXNlcm5hbWUiOiJNZWlBZG1pbiIsImVtYWlsIjoic3Bvc3RpQHRlc3RpLmZpIiwiY3JlYXRlZF9hdCI6IjIwMjQtMDMtMDFUMDc6MDA6MDAuMDAwWiIsInVzZXJfbGV2ZWwiOiJhZG1pbiIsImlhdCI6MTc0NDg4ODYwNiwiZXhwIjoxNzQ0OTc1MDA2fQ.jsVeS_tGKu17QZ4LS5IKOKHBhQu9jC-9my87sG_rv94'} 
 body=None 
 </msg>
<msg time="2025-04-17T14:17:00.908731" level="INFO">GET Response : url=http://localhost:3000/api/users 
 status=200, reason=OK 
 headers={'X-Powered-By': 'Express', 'Access-Control-Allow-Origin': '*', 'Content-Type': 'application/json; charset=utf-8', 'Content-Length': '2334', 'ETag': 'W/"91e-9OBXKs7xDnZsoxbd198BVXMvgoQ"', 'Date': 'Thu, 17 Apr 2025 11:17:00 GMT', 'Connection': 'keep-alive', 'Keep-Alive': 'timeout=5'} 
 body=[{"user_id":1,"username":"johndoe","email":"johndoe@example.com","created_at":"2024-01-01T07:00:00.000Z","user_level":"regular"},{"user_id":2,"username":"janedoe","email":"janedoe@example.com","created_at":"2024-01-02T08:00:00.000Z","user_level":"admin"},{"user_id":3,"username":"alice_jones","email":"alice@example.com","created_at":"2024-01-04T06:30:00.000Z","user_level":"regular"},{"user_id":4,"username":"bob_brown","email":"bob@example.com","created_at":"2024-01-05T05:45:00.000Z","user_level":"regular"},{"user_id":6,"username":"editedname","email":"editedmail@example.com","created_at":"2025-02-23T18:46:44.000Z","user_level":"regular"},{"user_id":7,"username":"editedabcd","email":"editedabcd@example.com","created_at":"2025-03-03T12:12:03.000Z","user_level":"regular"},{"user_id":12,"username":"Testi","email":"testi@salakala.fi","created_at":"2025-03-09T17:14:21.000Z","user_level":"regular"},{"user_id":16,"username":"asdasdasdw","email":"testi@salsakala.fi","created_at":"2025-03-10T15:15:22.000Z","user_level":"regular"},{"user_id":26,"username":"uusinimi","email":"testi@saladsgsdgskala.fi","created_at":"2025-03-10T15:58:24.000Z","user_level":"regular"},{"user_id":30,"username":"uusiknimi","email":"testi@uusiknimi.fi","created_at":"2025-03-10T16:46:09.000Z","user_level":"regular"},{"user_id":32,"username":"Mei","email":"mei@example.com","created_at":"2024-03-01T07:00:00.000Z","user_level":"admin"},{"user_id":33,"username":"MeiAdmin","email":"sposti@testi.fi","created_at":"2024-03-01T07:00:00.000Z","user_level":"admin"},{"user_id":41,"username":"aapeli1","email":"tesaati@salaskala.fi","created_at":"2025-03-11T01:36:23.000Z","user_level":"regular"},{"user_id":42,"username":"dhddg","email":"salakala@sala.mi","created_at":"2025-03-11T07:55:15.000Z","user_level":"regular"},{"user_id":43,"username":"testi30","email":"testi@salaska70.fi","created_at":"2025-03-11T07:58:07.000Z","user_level":"regular"},{"user_id":44,"username":"meitesti","email":"mei@testi.fi","created_at":"2025-03-11T08:20:51.000Z","user_level":"regular"},{"user_id":45,"username":"mei.keskitalo@metropolia.fi","email":"mei.keskitalo@metropolia.fi","created_at":"2025-04-05T12:10:09.000Z","user_level":"regular"},{"user_id":72,"username":"robot","email":"robot@testitili.robot","created_at":"2025-04-17T11:16:58.000Z","user_level":"regular"}] 
 </msg>
<msg time="2025-04-17T14:17:00.908731" level="INFO">${response} = &lt;Response [200]&gt;</msg>
<var>${response}</var>
<arg>url=http://localhost:3000/api/users</arg>
<arg>headers=${header}</arg>
<doc>Sends a GET request.</doc>
<status status="PASS" start="2025-04-17T14:16:58.852553" elapsed="2.056178"/>
</kw>
<kw name="Log" owner="BuiltIn">
<msg time="2025-04-17T14:17:00.909942" level="INFO">[{'user_id': 1, 'username': 'johndoe', 'email': 'johndoe@example.com', 'created_at': '2024-01-01T07:00:00.000Z', 'user_level': 'regular'}, {'user_id': 2, 'username': 'janedoe', 'email': 'janedoe@example.com', 'created_at': '2024-01-02T08:00:00.000Z', 'user_level': 'admin'}, {'user_id': 3, 'username': 'alice_jones', 'email': 'alice@example.com', 'created_at': '2024-01-04T06:30:00.000Z', 'user_level': 'regular'}, {'user_id': 4, 'username': 'bob_brown', 'email': 'bob@example.com', 'created_at': '2024-01-05T05:45:00.000Z', 'user_level': 'regular'}, {'user_id': 6, 'username': 'editedname', 'email': 'editedmail@example.com', 'created_at': '2025-02-23T18:46:44.000Z', 'user_level': 'regular'}, {'user_id': 7, 'username': 'editedabcd', 'email': 'editedabcd@example.com', 'created_at': '2025-03-03T12:12:03.000Z', 'user_level': 'regular'}, {'user_id': 12, 'username': 'Testi', 'email': 'testi@salakala.fi', 'created_at': '2025-03-09T17:14:21.000Z', 'user_level': 'regular'}, {'user_id': 16, 'username': 'asdasdasdw', 'email': 'testi@salsakala.fi', 'created_at': '2025-03-10T15:15:22.000Z', 'user_level': 'regular'}, {'user_id': 26, 'username': 'uusinimi', 'email': 'testi@saladsgsdgskala.fi', 'created_at': '2025-03-10T15:58:24.000Z', 'user_level': 'regular'}, {'user_id': 30, 'username': 'uusiknimi', 'email': 'testi@uusiknimi.fi', 'created_at': '2025-03-10T16:46:09.000Z', 'user_level': 'regular'}, {'user_id': 32, 'username': 'Mei', 'email': 'mei@example.com', 'created_at': '2024-03-01T07:00:00.000Z', 'user_level': 'admin'}, {'user_id': 33, 'username': 'MeiAdmin', 'email': 'sposti@testi.fi', 'created_at': '2024-03-01T07:00:00.000Z', 'user_level': 'admin'}, {'user_id': 41, 'username': 'aapeli1', 'email': 'tesaati@salaskala.fi', 'created_at': '2025-03-11T01:36:23.000Z', 'user_level': 'regular'}, {'user_id': 42, 'username': 'dhddg', 'email': 'salakala@sala.mi', 'created_at': '2025-03-11T07:55:15.000Z', 'user_level': 'regular'}, {'user_id': 43, 'username': 'testi30', 'email': 'testi@salaska70.fi', 'created_at': '2025-03-11T07:58:07.000Z', 'user_level': 'regular'}, {'user_id': 44, 'username': 'meitesti', 'email': 'mei@testi.fi', 'created_at': '2025-03-11T08:20:51.000Z', 'user_level': 'regular'}, {'user_id': 45, 'username': 'mei.keskitalo@metropolia.fi', 'email': 'mei.keskitalo@metropolia.fi', 'created_at': '2025-04-05T12:10:09.000Z', 'user_level': 'regular'}, {'user_id': 72, 'username': 'robot', 'email': 'robot@testitili.robot', 'created_at': '2025-04-17T11:16:58.000Z', 'user_level': 'regular'}]</msg>
<arg>${response.json()}</arg>
<doc>Logs the given message with the given level.</doc>
<status status="PASS" start="2025-04-17T14:17:00.909942" elapsed="0.000000"/>
</kw>
<kw name="Status Should Be" owner="RequestsLibrary">
<arg>200</arg>
<arg>${response}</arg>
<doc>Fails if response status code is different than the expected.</doc>
<status status="PASS" start="2025-04-17T14:17:00.911034" elapsed="0.000000"/>
</kw>
<kw name="Create List" owner="BuiltIn">
<msg time="2025-04-17T14:17:00.911034" level="INFO">${users_id} = []</msg>
<var>${users_id}</var>
<doc>Returns a list containing given items.</doc>
<status status="PASS" start="2025-04-17T14:17:00.911034" elapsed="0.000000"/>
</kw>
<for flavor="IN">
<iter>
<kw name="Set Variable" owner="BuiltIn">
<msg time="2025-04-17T14:17:00.911941" level="INFO">${user_id} = 1</msg>
<var>${user_id}</var>
<arg>${user}[user_id]</arg>
<doc>Returns the given values which can then be assigned to a variables.</doc>
<status status="PASS" start="2025-04-17T14:17:00.911941" elapsed="0.000000"/>
</kw>
<kw name="Append To List" owner="Collections">
<arg>${users_id}</arg>
<arg>${user_id}</arg>
<doc>Adds ``values`` to the end of ``list``.</doc>
<status status="PASS" start="2025-04-17T14:17:00.911941" elapsed="0.000000"/>
</kw>
<var name="${user}">{'user_id': 1, 'username': 'johndoe', 'email': 'johndoe@example.com', 'created_at': '2024-01-01T07:00:00.000Z', 'user_level': 'regular'}</var>
<status status="PASS" start="2025-04-17T14:17:00.911941" elapsed="0.000000"/>
</iter>
<iter>
<kw name="Set Variable" owner="BuiltIn">
<msg time="2025-04-17T14:17:00.911941" level="INFO">${user_id} = 2</msg>
<var>${user_id}</var>
<arg>${user}[user_id]</arg>
<doc>Returns the given values which can then be assigned to a variables.</doc>
<status status="PASS" start="2025-04-17T14:17:00.911941" elapsed="0.000000"/>
</kw>
<kw name="Append To List" owner="Collections">
<arg>${users_id}</arg>
<arg>${user_id}</arg>
<doc>Adds ``values`` to the end of ``list``.</doc>
<status status="PASS" start="2025-04-17T14:17:00.913057" elapsed="0.000000"/>
</kw>
<var name="${user}">{'user_id': 2, 'username': 'janedoe', 'email': 'janedoe@example.com', 'created_at': '2024-01-02T08:00:00.000Z', 'user_level': 'admin'}</var>
<status status="PASS" start="2025-04-17T14:17:00.911941" elapsed="0.001116"/>
</iter>
<iter>
<kw name="Set Variable" owner="BuiltIn">
<msg time="2025-04-17T14:17:00.913057" level="INFO">${user_id} = 3</msg>
<var>${user_id}</var>
<arg>${user}[user_id]</arg>
<doc>Returns the given values which can then be assigned to a variables.</doc>
<status status="PASS" start="2025-04-17T14:17:00.913057" elapsed="0.000000"/>
</kw>
<kw name="Append To List" owner="Collections">
<arg>${users_id}</arg>
<arg>${user_id}</arg>
<doc>Adds ``values`` to the end of ``list``.</doc>
<status status="PASS" start="2025-04-17T14:17:00.913057" elapsed="0.000000"/>
</kw>
<var name="${user}">{'user_id': 3, 'username': 'alice_jones', 'email': 'alice@example.com', 'created_at': '2024-01-04T06:30:00.000Z', 'user_level': 'regular'}</var>
<status status="PASS" start="2025-04-17T14:17:00.913057" elapsed="0.000000"/>
</iter>
<iter>
<kw name="Set Variable" owner="BuiltIn">
<msg time="2025-04-17T14:17:00.913057" level="INFO">${user_id} = 4</msg>
<var>${user_id}</var>
<arg>${user}[user_id]</arg>
<doc>Returns the given values which can then be assigned to a variables.</doc>
<status status="PASS" start="2025-04-17T14:17:00.913057" elapsed="0.000000"/>
</kw>
<kw name="Append To List" owner="Collections">
<arg>${users_id}</arg>
<arg>${user_id}</arg>
<doc>Adds ``values`` to the end of ``list``.</doc>
<status status="PASS" start="2025-04-17T14:17:00.913057" elapsed="0.000000"/>
</kw>
<var name="${user}">{'user_id': 4, 'username': 'bob_brown', 'email': 'bob@example.com', 'created_at': '2024-01-05T05:45:00.000Z', 'user_level': 'regular'}</var>
<status status="PASS" start="2025-04-17T14:17:00.913057" elapsed="0.000000"/>
</iter>
<iter>
<kw name="Set Variable" owner="BuiltIn">
<msg time="2025-04-17T14:17:00.914035" level="INFO">${user_id} = 6</msg>
<var>${user_id}</var>
<arg>${user}[user_id]</arg>
<doc>Returns the given values which can then be assigned to a variables.</doc>
<status status="PASS" start="2025-04-17T14:17:00.914035" elapsed="0.000000"/>
</kw>
<kw name="Append To List" owner="Collections">
<arg>${users_id}</arg>
<arg>${user_id}</arg>
<doc>Adds ``values`` to the end of ``list``.</doc>
<status status="PASS" start="2025-04-17T14:17:00.914035" elapsed="0.000000"/>
</kw>
<var name="${user}">{'user_id': 6, 'username': 'editedname', 'email': 'editedmail@example.com', 'created_at': '2025-02-23T18:46:44.000Z', 'user_level': 'regular'}</var>
<status status="PASS" start="2025-04-17T14:17:00.914035" elapsed="0.000000"/>
</iter>
<iter>
<kw name="Set Variable" owner="BuiltIn">
<msg time="2025-04-17T14:17:00.914035" level="INFO">${user_id} = 7</msg>
<var>${user_id}</var>
<arg>${user}[user_id]</arg>
<doc>Returns the given values which can then be assigned to a variables.</doc>
<status status="PASS" start="2025-04-17T14:17:00.914035" elapsed="0.000000"/>
</kw>
<kw name="Append To List" owner="Collections">
<arg>${users_id}</arg>
<arg>${user_id}</arg>
<doc>Adds ``values`` to the end of ``list``.</doc>
<status status="PASS" start="2025-04-17T14:17:00.914035" elapsed="0.000000"/>
</kw>
<var name="${user}">{'user_id': 7, 'username': 'editedabcd', 'email': 'editedabcd@example.com', 'created_at': '2025-03-03T12:12:03.000Z', 'user_level': 'regular'}</var>
<status status="PASS" start="2025-04-17T14:17:00.914035" elapsed="0.000000"/>
</iter>
<iter>
<kw name="Set Variable" owner="BuiltIn">
<msg time="2025-04-17T14:17:00.914035" level="INFO">${user_id} = 12</msg>
<var>${user_id}</var>
<arg>${user}[user_id]</arg>
<doc>Returns the given values which can then be assigned to a variables.</doc>
<status status="PASS" start="2025-04-17T14:17:00.914035" elapsed="0.000000"/>
</kw>
<kw name="Append To List" owner="Collections">
<arg>${users_id}</arg>
<arg>${user_id}</arg>
<doc>Adds ``values`` to the end of ``list``.</doc>
<status status="PASS" start="2025-04-17T14:17:00.914035" elapsed="0.001597"/>
</kw>
<var name="${user}">{'user_id': 12, 'username': 'Testi', 'email': 'testi@salakala.fi', 'created_at': '2025-03-09T17:14:21.000Z', 'user_level': 'regular'}</var>
<status status="PASS" start="2025-04-17T14:17:00.914035" elapsed="0.001597"/>
</iter>
<iter>
<kw name="Set Variable" owner="BuiltIn">
<msg time="2025-04-17T14:17:00.915632" level="INFO">${user_id} = 16</msg>
<var>${user_id}</var>
<arg>${user}[user_id]</arg>
<doc>Returns the given values which can then be assigned to a variables.</doc>
<status status="PASS" start="2025-04-17T14:17:00.915632" elapsed="0.000000"/>
</kw>
<kw name="Append To List" owner="Collections">
<arg>${users_id}</arg>
<arg>${user_id}</arg>
<doc>Adds ``values`` to the end of ``list``.</doc>
<status status="PASS" start="2025-04-17T14:17:00.915632" elapsed="0.000000"/>
</kw>
<var name="${user}">{'user_id': 16, 'username': 'asdasdasdw', 'email': 'testi@salsakala.fi', 'created_at': '2025-03-10T15:15:22.000Z', 'user_level': 'regular'}</var>
<status status="PASS" start="2025-04-17T14:17:00.915632" elapsed="0.000000"/>
</iter>
<iter>
<kw name="Set Variable" owner="BuiltIn">
<msg time="2025-04-17T14:17:00.916639" level="INFO">${user_id} = 26</msg>
<var>${user_id}</var>
<arg>${user}[user_id]</arg>
<doc>Returns the given values which can then be assigned to a variables.</doc>
<status status="PASS" start="2025-04-17T14:17:00.916639" elapsed="0.000000"/>
</kw>
<kw name="Append To List" owner="Collections">
<arg>${users_id}</arg>
<arg>${user_id}</arg>
<doc>Adds ``values`` to the end of ``list``.</doc>
<status status="PASS" start="2025-04-17T14:17:00.916639" elapsed="0.000000"/>
</kw>
<var name="${user}">{'user_id': 26, 'username': 'uusinimi', 'email': 'testi@saladsgsdgskala.fi', 'created_at': '2025-03-10T15:58:24.000Z', 'user_level': 'regular'}</var>
<status status="PASS" start="2025-04-17T14:17:00.915632" elapsed="0.001007"/>
</iter>
<iter>
<kw name="Set Variable" owner="BuiltIn">
<msg time="2025-04-17T14:17:00.916639" level="INFO">${user_id} = 30</msg>
<var>${user_id}</var>
<arg>${user}[user_id]</arg>
<doc>Returns the given values which can then be assigned to a variables.</doc>
<status status="PASS" start="2025-04-17T14:17:00.916639" elapsed="0.000000"/>
</kw>
<kw name="Append To List" owner="Collections">
<arg>${users_id}</arg>
<arg>${user_id}</arg>
<doc>Adds ``values`` to the end of ``list``.</doc>
<status status="PASS" start="2025-04-17T14:17:00.916639" elapsed="0.000000"/>
</kw>
<var name="${user}">{'user_id': 30, 'username': 'uusiknimi', 'email': 'testi@uusiknimi.fi', 'created_at': '2025-03-10T16:46:09.000Z', 'user_level': 'regular'}</var>
<status status="PASS" start="2025-04-17T14:17:00.916639" elapsed="0.000000"/>
</iter>
<iter>
<kw name="Set Variable" owner="BuiltIn">
<msg time="2025-04-17T14:17:00.916639" level="INFO">${user_id} = 32</msg>
<var>${user_id}</var>
<arg>${user}[user_id]</arg>
<doc>Returns the given values which can then be assigned to a variables.</doc>
<status status="PASS" start="2025-04-17T14:17:00.916639" elapsed="0.000000"/>
</kw>
<kw name="Append To List" owner="Collections">
<arg>${users_id}</arg>
<arg>${user_id}</arg>
<doc>Adds ``values`` to the end of ``list``.</doc>
<status status="PASS" start="2025-04-17T14:17:00.917637" elapsed="0.000000"/>
</kw>
<var name="${user}">{'user_id': 32, 'username': 'Mei', 'email': 'mei@example.com', 'created_at': '2024-03-01T07:00:00.000Z', 'user_level': 'admin'}</var>
<status status="PASS" start="2025-04-17T14:17:00.916639" elapsed="0.000998"/>
</iter>
<iter>
<kw name="Set Variable" owner="BuiltIn">
<msg time="2025-04-17T14:17:00.917637" level="INFO">${user_id} = 33</msg>
<var>${user_id}</var>
<arg>${user}[user_id]</arg>
<doc>Returns the given values which can then be assigned to a variables.</doc>
<status status="PASS" start="2025-04-17T14:17:00.917637" elapsed="0.000000"/>
</kw>
<kw name="Append To List" owner="Collections">
<arg>${users_id}</arg>
<arg>${user_id}</arg>
<doc>Adds ``values`` to the end of ``list``.</doc>
<status status="PASS" start="2025-04-17T14:17:00.917637" elapsed="0.000000"/>
</kw>
<var name="${user}">{'user_id': 33, 'username': 'MeiAdmin', 'email': 'sposti@testi.fi', 'created_at': '2024-03-01T07:00:00.000Z', 'user_level': 'admin'}</var>
<status status="PASS" start="2025-04-17T14:17:00.917637" elapsed="0.000000"/>
</iter>
<iter>
<kw name="Set Variable" owner="BuiltIn">
<msg time="2025-04-17T14:17:00.917637" level="INFO">${user_id} = 41</msg>
<var>${user_id}</var>
<arg>${user}[user_id]</arg>
<doc>Returns the given values which can then be assigned to a variables.</doc>
<status status="PASS" start="2025-04-17T14:17:00.917637" elapsed="0.000000"/>
</kw>
<kw name="Append To List" owner="Collections">
<arg>${users_id}</arg>
<arg>${user_id}</arg>
<doc>Adds ``values`` to the end of ``list``.</doc>
<status status="PASS" start="2025-04-17T14:17:00.917637" elapsed="0.000000"/>
</kw>
<var name="${user}">{'user_id': 41, 'username': 'aapeli1', 'email': 'tesaati@salaskala.fi', 'created_at': '2025-03-11T01:36:23.000Z', 'user_level': 'regular'}</var>
<status status="PASS" start="2025-04-17T14:17:00.917637" elapsed="0.000000"/>
</iter>
<iter>
<kw name="Set Variable" owner="BuiltIn">
<msg time="2025-04-17T14:17:00.918730" level="INFO">${user_id} = 42</msg>
<var>${user_id}</var>
<arg>${user}[user_id]</arg>
<doc>Returns the given values which can then be assigned to a variables.</doc>
<status status="PASS" start="2025-04-17T14:17:00.917637" elapsed="0.001093"/>
</kw>
<kw name="Append To List" owner="Collections">
<arg>${users_id}</arg>
<arg>${user_id}</arg>
<doc>Adds ``values`` to the end of ``list``.</doc>
<status status="PASS" start="2025-04-17T14:17:00.918730" elapsed="0.000000"/>
</kw>
<var name="${user}">{'user_id': 42, 'username': 'dhddg', 'email': 'salakala@sala.mi', 'created_at': '2025-03-11T07:55:15.000Z', 'user_level': 'regular'}</var>
<status status="PASS" start="2025-04-17T14:17:00.917637" elapsed="0.001093"/>
</iter>
<iter>
<kw name="Set Variable" owner="BuiltIn">
<msg time="2025-04-17T14:17:00.918730" level="INFO">${user_id} = 43</msg>
<var>${user_id}</var>
<arg>${user}[user_id]</arg>
<doc>Returns the given values which can then be assigned to a variables.</doc>
<status status="PASS" start="2025-04-17T14:17:00.918730" elapsed="0.000000"/>
</kw>
<kw name="Append To List" owner="Collections">
<arg>${users_id}</arg>
<arg>${user_id}</arg>
<doc>Adds ``values`` to the end of ``list``.</doc>
<status status="PASS" start="2025-04-17T14:17:00.918730" elapsed="0.000593"/>
</kw>
<var name="${user}">{'user_id': 43, 'username': 'testi30', 'email': 'testi@salaska70.fi', 'created_at': '2025-03-11T07:58:07.000Z', 'user_level': 'regular'}</var>
<status status="PASS" start="2025-04-17T14:17:00.918730" elapsed="0.000593"/>
</iter>
<iter>
<kw name="Set Variable" owner="BuiltIn">
<msg time="2025-04-17T14:17:00.919323" level="INFO">${user_id} = 44</msg>
<var>${user_id}</var>
<arg>${user}[user_id]</arg>
<doc>Returns the given values which can then be assigned to a variables.</doc>
<status status="PASS" start="2025-04-17T14:17:00.919323" elapsed="0.000000"/>
</kw>
<kw name="Append To List" owner="Collections">
<arg>${users_id}</arg>
<arg>${user_id}</arg>
<doc>Adds ``values`` to the end of ``list``.</doc>
<status status="PASS" start="2025-04-17T14:17:00.919323" elapsed="0.000000"/>
</kw>
<var name="${user}">{'user_id': 44, 'username': 'meitesti', 'email': 'mei@testi.fi', 'created_at': '2025-03-11T08:20:51.000Z', 'user_level': 'regular'}</var>
<status status="PASS" start="2025-04-17T14:17:00.919323" elapsed="0.000000"/>
</iter>
<iter>
<kw name="Set Variable" owner="BuiltIn">
<msg time="2025-04-17T14:17:00.919323" level="INFO">${user_id} = 45</msg>
<var>${user_id}</var>
<arg>${user}[user_id]</arg>
<doc>Returns the given values which can then be assigned to a variables.</doc>
<status status="PASS" start="2025-04-17T14:17:00.919323" elapsed="0.000000"/>
</kw>
<kw name="Append To List" owner="Collections">
<arg>${users_id}</arg>
<arg>${user_id}</arg>
<doc>Adds ``values`` to the end of ``list``.</doc>
<status status="PASS" start="2025-04-17T14:17:00.919323" elapsed="0.000000"/>
</kw>
<var name="${user}">{'user_id': 45, 'username': 'mei.keskitalo@metropolia.fi', 'email': 'mei.keskitalo@metropolia.fi', 'created_at': '2025-04-05T12:10:09.000Z', 'user_level': 'regular'}</var>
<status status="PASS" start="2025-04-17T14:17:00.919323" elapsed="0.000000"/>
</iter>
<iter>
<kw name="Set Variable" owner="BuiltIn">
<msg time="2025-04-17T14:17:00.919323" level="INFO">${user_id} = 72</msg>
<var>${user_id}</var>
<arg>${user}[user_id]</arg>
<doc>Returns the given values which can then be assigned to a variables.</doc>
<status status="PASS" start="2025-04-17T14:17:00.919323" elapsed="0.001121"/>
</kw>
<kw name="Append To List" owner="Collections">
<arg>${users_id}</arg>
<arg>${user_id}</arg>
<doc>Adds ``values`` to the end of ``list``.</doc>
<status status="PASS" start="2025-04-17T14:17:00.920444" elapsed="0.000000"/>
</kw>
<var name="${user}">{'user_id': 72, 'username': 'robot', 'email': 'robot@testitili.robot', 'created_at': '2025-04-17T11:16:58.000Z', 'user_level': 'regular'}</var>
<status status="PASS" start="2025-04-17T14:17:00.919323" elapsed="0.001121"/>
</iter>
<var>${user}</var>
<value>@{response.json()}</value>
<status status="PASS" start="2025-04-17T14:17:00.911941" elapsed="0.008503"/>
</for>
<kw name="Log" owner="BuiltIn">
<msg time="2025-04-17T14:17:00.920444" level="INFO">[1, 2, 3, 4, 6, 7, 12, 16, 26, 30, 32, 33, 41, 42, 43, 44, 45, 72]</msg>
<arg>${users_id}</arg>
<doc>Logs the given message with the given level.</doc>
<status status="PASS" start="2025-04-17T14:17:00.920444" elapsed="0.000000"/>
</kw>
<kw name="Set Suite Variable" owner="BuiltIn">
<msg time="2025-04-17T14:17:00.921325" level="INFO">${users_id} = [1, 2, 3, 4, 6, 7, 12, 16, 26, 30, 32, 33, 41, 42, 43, 44, 45, 72]</msg>
<arg>${users_id}</arg>
<doc>Makes a variable available everywhere within the scope of the current suite.</doc>
<status status="PASS" start="2025-04-17T14:17:00.921325" elapsed="0.000000"/>
</kw>
<status status="PASS" start="2025-04-17T14:16:58.851546" elapsed="2.069779"/>
</test>
<test id="s1-t8" name="Edit The New User" line="88">
<kw name="Create Dictionary" owner="BuiltIn">
<msg time="2025-04-17T14:17:00.922346" level="INFO">${body} = {'username': 'robot', 'password': 'robot_salasana_uusi', 'email': 'robot@testitili.robot'}</msg>
<var>${body}</var>
<arg>username=robot</arg>
<arg>password=robot_salasana_uusi</arg>
<arg>email=robot@testitili.robot</arg>
<doc>Creates and returns a dictionary based on the given ``items``.</doc>
<status status="PASS" start="2025-04-17T14:17:00.922346" elapsed="0.000000"/>
</kw>
<kw name="Log" owner="BuiltIn">
<msg time="2025-04-17T14:17:00.923324" level="INFO">{'username': 'robot', 'password': 'robot_salasana_uusi', 'email': 'robot@testitili.robot'}</msg>
<arg>${body}</arg>
<doc>Logs the given message with the given level.</doc>
<status status="PASS" start="2025-04-17T14:17:00.923324" elapsed="0.000000"/>
</kw>
<kw name="PUT" owner="RequestsLibrary">
<msg time="2025-04-17T14:17:02.988396" level="INFO">PUT Request : url=http://localhost:3000/api/users 
 path_url=/api/users 
 headers={'User-Agent': 'python-requests/2.32.3', 'Accept-Encoding': 'gzip, deflate', 'Accept': '*/*', 'Connection': 'keep-alive', 'Content-Length': '90', 'Content-Type': 'application/json'} 
 body=b'{"username": "robot", "password": "robot_salasana_uusi", "email": "robot@testitili.robot"}' 
 </msg>
<msg time="2025-04-17T14:17:02.988396" level="INFO">PUT Response : url=http://localhost:3000/api/users 
 status=401, reason=Unauthorized 
 headers={'X-Powered-By': 'Express', 'Access-Control-Allow-Origin': '*', 'Content-Type': 'text/plain; charset=utf-8', 'Content-Length': '12', 'ETag': 'W/"c-dAuDFQrdjS3hezqxDTNgW7AOlYk"', 'Date': 'Thu, 17 Apr 2025 11:17:02 GMT', 'Connection': 'keep-alive', 'Keep-Alive': 'timeout=5'} 
 body=Unauthorized 
 </msg>
<msg time="2025-04-17T14:17:02.988396" level="FAIL">HTTPError: 401 Client Error: Unauthorized for url: http://localhost:3000/api/users</msg>
<var>${response}</var>
<arg>url=http://localhost:3000/api/users</arg>
<arg>json=${body}</arg>
<doc>Sends a PUT request.</doc>
<status status="FAIL" start="2025-04-17T14:17:00.923324" elapsed="2.067255">HTTPError: 401 Client Error: Unauthorized for url: http://localhost:3000/api/users</status>
</kw>
<kw name="Log" owner="BuiltIn">
<arg>${response.json()}</arg>
<doc>Logs the given message with the given level.</doc>
<status status="NOT RUN" start="2025-04-17T14:17:02.991117" elapsed="0.000000"/>
</kw>
<kw name="Status Should Be" owner="RequestsLibrary">
<arg>201</arg>
<arg>${response}</arg>
<doc>Fails if response status code is different than the expected.</doc>
<status status="NOT RUN" start="2025-04-17T14:17:02.991117" elapsed="0.000000"/>
</kw>
<kw name="Should Contain" owner="BuiltIn">
<arg>${response.json()}[message]</arg>
<arg>true</arg>
<doc>Fails if ``container`` does not contain ``item`` one or more times.</doc>
<status status="NOT RUN" start="2025-04-17T14:17:02.992311" elapsed="0.000000"/>
</kw>
<status status="FAIL" start="2025-04-17T14:17:00.922346" elapsed="2.069965">HTTPError: 401 Client Error: Unauthorized for url: http://localhost:3000/api/users</status>
</test>
<test id="s1-t9" name="Delete An User By User ID" line="97">
<kw name="Create Dictionary" owner="BuiltIn">
<msg time="2025-04-17T14:17:02.994320" level="INFO">${header} = {'Authorization': 'Bearer eyJhbGciOiJIUzI1NiIsInR5cCI6IkpXVCJ9.eyJ1c2VyX2lkIjozMywidXNlcm5hbWUiOiJNZWlBZG1pbiIsImVtYWlsIjoic3Bvc3RpQHRlc3RpLmZpIiwiY3JlYXRlZF9hdCI6IjIwMjQtMDMtMDFUMDc6MDA6MDAuMDAwWiIsI...</msg>
<var>${header}</var>
<arg>Authorization=Bearer ${token}</arg>
<doc>Creates and returns a dictionary based on the given ``items``.</doc>
<status status="PASS" start="2025-04-17T14:17:02.994320" elapsed="0.001004"/>
</kw>
<kw name="Get From List" owner="Collections">
<msg time="2025-04-17T14:17:02.995324" level="INFO">${created_user_id} = 72</msg>
<var>${created_user_id}</var>
<arg>${users_id}</arg>
<arg>-1</arg>
<doc>Returns the value specified with an ``index`` from ``list``.</doc>
<status status="PASS" start="2025-04-17T14:17:02.995324" elapsed="0.000000"/>
</kw>
<kw name="DELETE" owner="RequestsLibrary">
<msg time="2025-04-17T14:17:05.046204" level="INFO">DELETE Request : url=http://localhost:3000/api/users/72 
 path_url=/api/users/72 
 headers={'User-Agent': 'python-requests/2.32.3', 'Accept-Encoding': 'gzip, deflate', 'Accept': '*/*', 'Connection': 'keep-alive', 'Authorization': 'Bearer eyJhbGciOiJIUzI1NiIsInR5cCI6IkpXVCJ9.eyJ1c2VyX2lkIjozMywidXNlcm5hbWUiOiJNZWlBZG1pbiIsImVtYWlsIjoic3Bvc3RpQHRlc3RpLmZpIiwiY3JlYXRlZF9hdCI6IjIwMjQtMDMtMDFUMDc6MDA6MDAuMDAwWiIsInVzZXJfbGV2ZWwiOiJhZG1pbiIsImlhdCI6MTc0NDg4ODYwNiwiZXhwIjoxNzQ0OTc1MDA2fQ.jsVeS_tGKu17QZ4LS5IKOKHBhQu9jC-9my87sG_rv94', 'Content-Length': '0'} 
 body=None 
 </msg>
<msg time="2025-04-17T14:17:05.046204" level="INFO">DELETE Response : url=http://localhost:3000/api/users/72 
 status=200, reason=OK 
 headers={'X-Powered-By': 'Express', 'Access-Control-Allow-Origin': '*', 'Content-Type': 'application/json; charset=utf-8', 'Content-Length': '32', 'ETag': 'W/"20-OLkN9MpbK+jqpd843pkFIp41DBc"', 'Date': 'Thu, 17 Apr 2025 11:17:05 GMT', 'Connection': 'keep-alive', 'Keep-Alive': 'timeout=5'} 
 body={"message":"User deleted: true"} 
 </msg>
<msg time="2025-04-17T14:17:05.047204" level="INFO">${response} = &lt;Response [200]&gt;</msg>
<var>${response}</var>
<arg>url=http://localhost:3000/api/users/${created_user_id}</arg>
<arg>headers=${header}</arg>
<doc>Sends a DELETE request.</doc>
<status status="PASS" start="2025-04-17T14:17:02.996321" elapsed="2.050883"/>
</kw>
<kw name="Log" owner="BuiltIn">
<msg time="2025-04-17T14:17:05.048222" level="INFO">{'message': 'User deleted: true'}</msg>
<arg>${response.json()}</arg>
<doc>Logs the given message with the given level.</doc>
<status status="PASS" start="2025-04-17T14:17:05.047204" elapsed="0.001018"/>
</kw>
<kw name="Status Should Be" owner="RequestsLibrary">
<arg>200</arg>
<arg>${response}</arg>
<doc>Fails if response status code is different than the expected.</doc>
<status status="PASS" start="2025-04-17T14:17:05.049476" elapsed="0.000000"/>
</kw>
<kw name="Should Contain" owner="BuiltIn">
<arg>${response.json()}[message]</arg>
<arg>true</arg>
<doc>Fails if ``container`` does not contain ``item`` one or more times.</doc>
<status status="PASS" start="2025-04-17T14:17:05.049476" elapsed="0.001000"/>
</kw>
<status status="PASS" start="2025-04-17T14:17:02.994320" elapsed="2.056156"/>
</test>
<test id="s1-t10" name="Get Bookings from Restful Booker" line="108">
<kw name="Create Dictionary" owner="BuiltIn">
<msg time="2025-04-17T14:17:05.052474" level="INFO">${body} = {'firstname': 'John'}</msg>
<var>${body}</var>
<arg>firstname=John</arg>
<doc>Creates and returns a dictionary based on the given ``items``.</doc>
<status status="PASS" start="2025-04-17T14:17:05.052474" elapsed="0.000000"/>
</kw>
<kw name="GET" owner="RequestsLibrary">
<msg time="2025-04-17T14:17:05.653804" level="INFO">GET Request : url=https://restful-booker.herokuapp.com/booking?firstname=John 
 path_url=/booking?firstname=John 
 headers={'User-Agent': 'python-requests/2.32.3', 'Accept-Encoding': 'gzip, deflate', 'Accept': '*/*', 'Connection': 'keep-alive'} 
 body=None 
 </msg>
<msg time="2025-04-17T14:17:05.653804" level="INFO">GET Response : url=https://restful-booker.herokuapp.com/booking?firstname=John 
 status=200, reason=OK 
 headers={'Server': 'Cowboy', 'Report-To': '{"group":"heroku-nel","max_age":3600,"endpoints":[{"url":"https://nel.heroku.com/reports?ts=1744888628&amp;sid=c46efe9b-d3d2-4a0c-8c76-bfafa16c5add&amp;s=sNyF1l%2Fvko8RwtweEdC5z2Twb31KHPNNIGhOYq02Mr8%3D"}]}', 'Reporting-Endpoints': 'heroku-nel=https://nel.heroku.com/reports?ts=1744888628&amp;sid=c46efe9b-d3d2-4a0c-8c76-bfafa16c5add&amp;s=sNyF1l%2Fvko8RwtweEdC5z2Twb31KHPNNIGhOYq02Mr8%3D', 'Nel': '{"report_to":"heroku-nel","max_age":3600,"success_fraction":0.005,"failure_fraction":0.05,"response_headers":["Via"]}', 'Connection': 'keep-alive', 'X-Powered-By': 'Express', 'Content-Type': 'application/json; charset=utf-8', 'Content-Length': '17343', 'Etag': 'W/"43bf-9fglZ6hW65IF0nkg7n67JU/Kkyw"', 'Date': 'Thu, 17 Apr 2025 11:17:08 GMT', 'Via': '1.1 vegur'} 
 body=[{"bookingid":1905},{"bookingid":1812},{"bookingid":1595},{"bookingid":841},{"bookingid":2961},{"bookingid":463},{"bookingid":1061},{"bookingid":1179},{"bookingid":2531},{"bookingid":2379},{"bookingid":1051},{"bookingid":2476},{"bookingid":2100},{"bookingid":1215},{"bookingid":2662},{"bookingid":288},{"bookingid":1053},{"bookingid":717},{"bookingid":370},{"bookingid":1578},{"bookingid":2110},{"bookingid":264},{"bookingid":1854},{"bookingid":1961},{"bookingid":2505},{"bookingid":2473},{"bookingid":1386},{"bookingid":2291},{"bookingid":1103},{"bookingid":2784},{"bookingid":1710},{"bookingid":88},{"bookingid":730},{"bookingid":921},{"bookingid":833},{"bookingid":789},{"bookingid":2046},{"bookingid":1112},{"bookingid":200},{"bookingid":2832},{"bookingid":1675},{"bookingid":2079},{"bookingid":2748},{"bookingid":733},{"bookingid":2853},{"bookingid":2759},{"bookingid":824},{"bookingid":2638},{"bookingid":143},{"bookingid":847},{"bookingid":626},{"bookingid":2625},{"bookingid":2700},{"bookingid":2402},{"bookingid":856},{"bookingid":185},{"bookingid":30},{"bookingid":1247},{"bookingid":471},{"bookingid":1883},{"bookingid":1184},{"bookingid":1285},{"bookingid":1040},{"bookingid":2039},{"bookingid":314},{"bookingid":492},{"bookingid":1802},{"bookingid":827},{"bookingid":2292},{"bookingid":931},{"bookingid":197},{"bookingid":172},{"bookingid":577},{"bookingid":1711},{"bookingid":387},{"bookingid":61},{"bookingid":2059},{"bookingid":1390},{"bookingid":2463},{"bookingid":1926},{"bookingid":1698},{"bookingid":2435},{"bookingid":94},{"bookingid":1286},{"bookingid":2929},{"bookingid":1275},{"bookingid":2631},{"bookingid":653},{"bookingid":2882},{"bookingid":2320},{"bookingid":390},{"bookingid":2363},{"bookingid":2680},{"bookingid":1877},{"bookingid":2111},{"bookingid":2926},{"bookingid":1387},{"bookingid":2553},{"bookingid":528},{"bookingid":2578},{"bookingid":2840},{"bookingid":1243},{"bookingid":2710},{"bookingid":158},{"bookingid":2389},{"bookingid":1282},{"bookingid":1106},{"bookingid":2890},{"bookingid":2155},{"bookingid":2483},{"bookingid":2179},{"bookingid":116},{"bookingid":294},{"bookingid":701},{"bookingid":50},{"bookingid":2555},{"bookingid":1025},{"bookingid":2382},{"bookingid":350},{"bookingid":1206},{"bookingid":2301},{"bookingid":489},{"bookingid":2197},{"bookingid":953},{"bookingid":2214},{"bookingid":2150},{"bookingid":1973},{"bookingid":1773},{"bookingid":180},{"bookingid":169},{"bookingid":2492},{"bookingid":797},{"bookingid":1030},{"bookingid":540},{"bookingid":2545},{"bookingid":1037},{"bookingid":2669},{"bookingid":1381},{"bookingid":1304},{"bookingid":444},{"bookingid":1067},{"bookingid":1436},{"bookingid":1131},{"bookingid":2290},{"bookingid":2299},{"bookingid":1865},{"bookingid":483},{"bookingid":2436},{"bookingid":1726},{"bookingid":1843},{"bookingid":743},{"bookingid":2814},{"bookingid":1722},{"bookingid":2049},{"bookingid":640},{"bookingid":206},{"bookingid":2055},{"bookingid":403},{"bookingid":2815},{"bookingid":2458},{"bookingid":3050},{"bookingid":1848},{"bookingid":2481},{"bookingid":2550},{"bookingid":895},{"bookingid":353},{"bookingid":2091},{"bookingid":2913},{"bookingid":411},{"bookingid":427},{"bookingid":2444},{"bookingid":1021},{"bookingid":715},{"bookingid":1899},{"bookingid":2033},{"bookingid":302},{"bookingid":318},{"bookingid":2802},{"bookingid":1611},{"bookingid":1770},{"bookingid":2773},{"bookingid":1459},{"bookingid":498},{"bookingid":2822},{"bookingid":367},{"bookingid":1299},{"bookingid":234},{"bookingid":3021},{"bookingid":477},{"bookingid":2571},{"bookingid":1417},{"bookingid":1625},{"bookingid":2276},{"bookingid":274},{"bookingid":2967},{"bookingid":2897},{"bookingid":1589},{"bookingid":2889},{"bookingid":1538},{"bookingid":2790},{"bookingid":2315},{"bookingid":2066},{"bookingid":1640},{"bookingid":2650},{"bookingid":2741},{"bookingid":2590},{"bookingid":1570},{"bookingid":770},{"bookingid":381},{"bookingid":1524},{"bookingid":1513},{"bookingid":516},{"bookingid":128},{"bookingid":2579},{"bookingid":1049},{"bookingid":2122},{"bookingid":493},{"bookingid":1564},{"bookingid":1046},{"bookingid":939},{"bookingid":544},{"bookingid":690},{"bookingid":2980},{"bookingid":1350},{"bookingid":766},{"bookingid":995},{"bookingid":123},{"bookingid":2324},{"bookingid":2377},{"bookingid":1584},{"bookingid":2305},{"bookingid":1076},{"bookingid":1669},{"bookingid":1978},{"bookingid":1198},{"bookingid":587},{"bookingid":1870},{"bookingid":1779},{"bookingid":915},{"bookingid":1143},{"bookingid":1422},{"bookingid":586},{"bookingid":84},{"bookingid":2272},{"bookingid":1864},{"bookingid":746},{"bookingid":1686},{"bookingid":1757},{"bookingid":2585},{"bookingid":2073},{"bookingid":2065},{"bookingid":1518},{"bookingid":2123},{"bookingid":671},{"bookingid":2411},{"bookingid":1171},{"bookingid":862},{"bookingid":1894},{"bookingid":141},{"bookingid":1454},{"bookingid":739},{"bookingid":522},{"bookingid":1791},{"bookingid":557},{"bookingid":876},{"bookingid":1014},{"bookingid":1842},{"bookingid":1908},{"bookingid":509},{"bookingid":1191},{"bookingid":2130},{"bookingid":129},{"bookingid":2188},{"bookingid":1763},{"bookingid":2637},{"bookingid":2496},{"bookingid":2793},{"bookingid":769},{"bookingid":2539},{"bookingid":676},{"bookingid":1028},{"bookingid":2185},{"bookingid":1006},{"bookingid":2722},{"bookingid":985},{"bookingid":2311},{"bookingid":754},{"bookingid":926},{"bookingid":1241},{"bookingid":433},{"bookingid":1510},{"bookingid":1446},{"bookingid":253},{"bookingid":1292},{"bookingid":2524},{"bookingid":122},{"bookingid":2017},{"bookingid":2327},{"bookingid":536},{"bookingid":2512},{"bookingid":848},{"bookingid":2738},{"bookingid":65},{"bookingid":2221},{"bookingid":2719},{"bookingid":2104},{"bookingid":2368},{"bookingid":2716},{"bookingid":1875},{"bookingid":2694},{"bookingid":2497},{"bookingid":2724},{"bookingid":2168},{"bookingid":2028},{"bookingid":2333},{"bookingid":785},{"bookingid":1910},{"bookingid":534},{"bookingid":2222},{"bookingid":249},{"bookingid":3039},{"bookingid":2922},{"bookingid":2883},{"bookingid":1192},{"bookingid":954},{"bookingid":872},{"bookingid":3045},{"bookingid":2212},{"bookingid":171},{"bookingid":89},{"bookingid":2591},{"bookingid":2062},{"bookingid":2918},{"bookingid":2117},{"bookingid":680},{"bookingid":2969},{"bookingid":511},{"bookingid":710},{"bookingid":1674},{"bookingid":673},{"bookingid":1598},{"bookingid":2454},{"bookingid":2536},{"bookingid":2339},{"bookingid":1071},{"bookingid":1298},{"bookingid":2992},{"bookingid":1354},{"bookingid":2879},{"bookingid":2907},{"bookingid":2234},{"bookingid":1818},{"bookingid":2518},{"bookingid":2620},{"bookingid":2415},{"bookingid":1309},{"bookingid":775},{"bookingid":55},{"bookingid":901},{"bookingid":2146},{"bookingid":571},{"bookingid":375},{"bookingid":475},{"bookingid":2706},{"bookingid":875},{"bookingid":1125},{"bookingid":1521},{"bookingid":1788},{"bookingid":1550},{"bookingid":1751},{"bookingid":1197},{"bookingid":1991},{"bookingid":1092},{"bookingid":838},{"bookingid":1149},{"bookingid":2757},{"bookingid":152},{"bookingid":845},{"bookingid":2679},{"bookingid":2362},{"bookingid":1831},{"bookingid":2423},{"bookingid":778},{"bookingid":1394},{"bookingid":1569},{"bookingid":1248},{"bookingid":1083},{"bookingid":1559},{"bookingid":2820},{"bookingid":1134},{"bookingid":1556},{"bookingid":188},{"bookingid":1224},{"bookingid":42},{"bookingid":2901},{"bookingid":2020},{"bookingid":2730},{"bookingid":2829},{"bookingid":2345},{"bookingid":2948},{"bookingid":2259},{"bookingid":222},{"bookingid":245},{"bookingid":1016},{"bookingid":300},{"bookingid":361},{"bookingid":662},{"bookingid":1872},{"bookingid":1503},{"bookingid":1094},{"bookingid":2449},{"bookingid":3034},{"bookingid":414},{"bookingid":434},{"bookingid":1806},{"bookingid":2766},{"bookingid":794},{"bookingid":1371},{"bookingid":2205},{"bookingid":2191},{"bookingid":2194},{"bookingid":338},{"bookingid":1632},{"bookingid":2502},{"bookingid":408},{"bookingid":1088},{"bookingid":2714},{"bookingid":2453},{"bookingid":1903},{"bookingid":2557},{"bookingid":1967},{"bookingid":2941},{"bookingid":2071},{"bookingid":1561},{"bookingid":1367},{"bookingid":485},{"bookingid":3007},{"bookingid":2429},{"bookingid":2665},{"bookingid":282},{"bookingid":1547},{"bookingid":2652},{"bookingid":1837},{"bookingid":1655},{"bookingid":2547},{"bookingid":2778},{"bookingid":1325},{"bookingid":1654},{"bookingid":620},{"bookingid":1663},{"bookingid":2203},{"bookingid":3046},{"bookingid":1441},{"bookingid":1990},{"bookingid":2865},{"bookingid":160},{"bookingid":312},{"bookingid":566},{"bookingid":1568},{"bookingid":1256},{"bookingid":1601},{"bookingid":2955},{"bookingid":1098},{"bookingid":1164},{"bookingid":2010},{"bookingid":1590},{"bookingid":1331},{"bookingid":541},{"bookingid":2599},{"bookingid":549},{"bookingid":1645},{"bookingid":505},{"bookingid":820},{"bookingid":1822},{"bookingid":749},{"bookingid":1477},{"bookingid":574},{"bookingid":983},{"bookingid":944},{"bookingid":2606},{"bookingid":194},{"bookingid":616},{"bookingid":2569},{"bookingid":2227},{"bookingid":3053},{"bookingid":323},{"bookingid":2407},{"bookingid":1998},{"bookingid":2806},{"bookingid":1295},{"bookingid":2946},{"bookingid":2268},{"bookingid":1851},{"bookingid":704},{"bookingid":344},{"bookingid":2758},{"bookingid":632},{"bookingid":1136},{"bookingid":606},{"bookingid":400},{"bookingid":2107},{"bookingid":1013},{"bookingid":593},{"bookingid":889},{"bookingid":2174},{"bookingid":1443},{"bookingid":619},{"bookingid":223},{"bookingid":231},{"bookingid":1725},{"bookingid":1401},{"bookingid":2280},{"bookingid":1491},{"bookingid":2074},{"bookingid":705},{"bookingid":2893},{"bookingid":2563},{"bookingid":2846},{"bookingid":3014},{"bookingid":2859},{"bookingid":1956},{"bookingid":866},{"bookingid":965},{"bookingid":405},{"bookingid":2004},{"bookingid":1732},{"bookingid":830},{"bookingid":159},{"bookingid":1965},{"bookingid":111},{"bookingid":1631},{"bookingid":1917},{"bookingid":2519},{"bookingid":2974},{"bookingid":1731},{"bookingid"... (set the log level to DEBUG or TRACE to see the full content) 
 </msg>
<msg time="2025-04-17T14:17:05.655312" level="INFO">${response} = &lt;Response [200]&gt;</msg>
<var>${response}</var>
<arg>https://restful-booker.herokuapp.com/booking</arg>
<arg>${body}</arg>
<doc>Sends a GET request.</doc>
<status status="PASS" start="2025-04-17T14:17:05.053507" elapsed="0.601805"/>
</kw>
<kw name="Status Should Be" owner="RequestsLibrary">
<arg>200</arg>
<doc>Fails if response status code is different than the expected.</doc>
<status status="PASS" start="2025-04-17T14:17:05.656330" elapsed="0.000000"/>
</kw>
<kw name="Log List" owner="Collections">
<msg time="2025-04-17T14:17:05.660028" level="INFO">List length is 930 and it contains following items:
0: {'bookingid': 1905}
1: {'bookingid': 1812}
2: {'bookingid': 1595}
3: {'bookingid': 841}
4: {'bookingid': 2961}
5: {'bookingid': 463}
6: {'bookingid': 1061}
7: {'bookingid': 1179}
8: {'bookingid': 2531}
9: {'bookingid': 2379}
10: {'bookingid': 1051}
11: {'bookingid': 2476}
12: {'bookingid': 2100}
13: {'bookingid': 1215}
14: {'bookingid': 2662}
15: {'bookingid': 288}
16: {'bookingid': 1053}
17: {'bookingid': 717}
18: {'bookingid': 370}
19: {'bookingid': 1578}
20: {'bookingid': 2110}
21: {'bookingid': 264}
22: {'bookingid': 1854}
23: {'bookingid': 1961}
24: {'bookingid': 2505}
25: {'bookingid': 2473}
26: {'bookingid': 1386}
27: {'bookingid': 2291}
28: {'bookingid': 1103}
29: {'bookingid': 2784}
30: {'bookingid': 1710}
31: {'bookingid': 88}
32: {'bookingid': 730}
33: {'bookingid': 921}
34: {'bookingid': 833}
35: {'bookingid': 789}
36: {'bookingid': 2046}
37: {'bookingid': 1112}
38: {'bookingid': 200}
39: {'bookingid': 2832}
40: {'bookingid': 1675}
41: {'bookingid': 2079}
42: {'bookingid': 2748}
43: {'bookingid': 733}
44: {'bookingid': 2853}
45: {'bookingid': 2759}
46: {'bookingid': 824}
47: {'bookingid': 2638}
48: {'bookingid': 143}
49: {'bookingid': 847}
50: {'bookingid': 626}
51: {'bookingid': 2625}
52: {'bookingid': 2700}
53: {'bookingid': 2402}
54: {'bookingid': 856}
55: {'bookingid': 185}
56: {'bookingid': 30}
57: {'bookingid': 1247}
58: {'bookingid': 471}
59: {'bookingid': 1883}
60: {'bookingid': 1184}
61: {'bookingid': 1285}
62: {'bookingid': 1040}
63: {'bookingid': 2039}
64: {'bookingid': 314}
65: {'bookingid': 492}
66: {'bookingid': 1802}
67: {'bookingid': 827}
68: {'bookingid': 2292}
69: {'bookingid': 931}
70: {'bookingid': 197}
71: {'bookingid': 172}
72: {'bookingid': 577}
73: {'bookingid': 1711}
74: {'bookingid': 387}
75: {'bookingid': 61}
76: {'bookingid': 2059}
77: {'bookingid': 1390}
78: {'bookingid': 2463}
79: {'bookingid': 1926}
80: {'bookingid': 1698}
81: {'bookingid': 2435}
82: {'bookingid': 94}
83: {'bookingid': 1286}
84: {'bookingid': 2929}
85: {'bookingid': 1275}
86: {'bookingid': 2631}
87: {'bookingid': 653}
88: {'bookingid': 2882}
89: {'bookingid': 2320}
90: {'bookingid': 390}
91: {'bookingid': 2363}
92: {'bookingid': 2680}
93: {'bookingid': 1877}
94: {'bookingid': 2111}
95: {'bookingid': 2926}
96: {'bookingid': 1387}
97: {'bookingid': 2553}
98: {'bookingid': 528}
99: {'bookingid': 2578}
100: {'bookingid': 2840}
101: {'bookingid': 1243}
102: {'bookingid': 2710}
103: {'bookingid': 158}
104: {'bookingid': 2389}
105: {'bookingid': 1282}
106: {'bookingid': 1106}
107: {'bookingid': 2890}
108: {'bookingid': 2155}
109: {'bookingid': 2483}
110: {'bookingid': 2179}
111: {'bookingid': 116}
112: {'bookingid': 294}
113: {'bookingid': 701}
114: {'bookingid': 50}
115: {'bookingid': 2555}
116: {'bookingid': 1025}
117: {'bookingid': 2382}
118: {'bookingid': 350}
119: {'bookingid': 1206}
120: {'bookingid': 2301}
121: {'bookingid': 489}
122: {'bookingid': 2197}
123: {'bookingid': 953}
124: {'bookingid': 2214}
125: {'bookingid': 2150}
126: {'bookingid': 1973}
127: {'bookingid': 1773}
128: {'bookingid': 180}
129: {'bookingid': 169}
130: {'bookingid': 2492}
131: {'bookingid': 797}
132: {'bookingid': 1030}
133: {'bookingid': 540}
134: {'bookingid': 2545}
[...]
 body={"firstname":"John","lastname":"Smith","totalprice":111,"depositpaid":true,"bookingdates":{"checkin":"2018-01-01","checkout":"2019-01-01"},"additionalneeds":"Breakfast"} 
 </msg>
<msg time="2025-04-17T14:17:08.987997" level="INFO">${response} = &lt;Response [200]&gt;</msg>
<var>${response}</var>
<arg>https://restful-booker.herokuapp.com/booking/${booking}[bookingid]</arg>
<doc>Sends a GET request.</doc>
<status status="PASS" start="2025-04-17T14:17:08.432104" elapsed="0.555893"/>
</kw>
<try>
<branch type="TRY">
<kw name="Log" owner="BuiltIn">
<msg time="2025-04-17T14:17:08.988537" level="INFO">{'firstname': 'John', 'lastname': 'Smith', 'totalprice': 111, 'depositpaid': True, 'bookingdates': {'checkin': '2018-01-01', 'checkout': '2019-01-01'}, 'additionalneeds': 'Breakfast'}</msg>
<arg>${response.json()}</arg>
<doc>Logs the given message with the given level.</doc>
<status status="PASS" start="2025-04-17T14:17:08.988537" elapsed="0.000000"/>
</kw>
<status status="PASS" start="2025-04-17T14:17:08.988537" elapsed="0.001089"/>
</branch>
<branch type="EXCEPT">
<kw name="Log" owner="BuiltIn">
<arg>Cannot retrieve JSON due to invalid data</arg>
<doc>Logs the given message with the given level.</doc>
<status status="NOT RUN" start="2025-04-17T14:17:08.989626" elapsed="0.000000"/>
</kw>
<status status="NOT RUN" start="2025-04-17T14:17:08.989626" elapsed="0.000000"/>
</branch>
<status status="PASS" start="2025-04-17T14:17:08.988537" elapsed="0.001089"/>
</try>
<var name="${booking}">{'bookingid': 463}</var>
<status status="PASS" start="2025-04-17T14:17:08.432104" elapsed="0.557522"/>
</iter>
<iter>
<kw name="GET" owner="RequestsLibrary">
<msg time="2025-04-17T14:17:09.545908" level="INFO">GET Request : url=https://restful-booker.herokuapp.com/booking/1061 
 path_url=/booking/1061 
 headers={'User-Agent': 'python-requests/2.32.3', 'Accept-Encoding': 'gzip, deflate', 'Accept': '*/*', 'Connection': 'keep-alive'} 
 body=None 
 </msg>
<msg time="2025-04-17T14:17:09.546921" level="INFO">GET Response : url=https://restful-booker.herokuapp.com/booking/1061 
 status=200, reason=OK 
 headers={'Server': 'Cowboy', 'Report-To': '{"group":"heroku-nel","max_age":3600,"endpoints":[{"url":"https://nel.heroku.com/reports?ts=1744888632&amp;sid=c46efe9b-d3d2-4a0c-8c76-bfafa16c5add&amp;s=X%2FK48QzR0qGfYHLoP9uXbPpuxoSknQjuq987w4AvXak%3D"}]}', 'Reporting-Endpoints': 'heroku-nel=https://nel.heroku.com/reports?ts=1744888632&amp;sid=c46efe9b-d3d2-4a0c-8c76-bfafa16c5add&amp;s=X%2FK48QzR0qGfYHLoP9uXbPpuxoSknQjuq987w4AvXak%3D', 'Nel': '{"report_to":"heroku-nel","max_age":3600,"success_fraction":0.005,"failure_fraction":0.05,"response_headers":["Via"]}', 'Connection': 'keep-alive', 'X-Powered-By': 'Express', 'Content-Type': 'application/json; charset=utf-8', 'Content-Length': '169', 'Etag': 'W/"a9-pLno4M4jARCCH8k0BsLT0ALMqUE"', 'Date': 'Thu, 17 Apr 2025 11:17:12 GMT', 'Via': '1.1 vegur'} 
 body={"firstname":"John","lastname":"Smith","totalprice":111,"depositpaid":true,"bookingdates":{"checkin":"2018-01-01","checkout":"2019-01-01"},"additionalneeds":"Breakfast"} 
 </msg>
<msg time="2025-04-17T14:17:09.546921" level="INFO">${response} = &lt;Response [200]&gt;</msg>
<var>${response}</var>
<arg>https://restful-booker.herokuapp.com/booking/${booking}[bookingid]</arg>
<doc>Sends a GET request.</doc>
<status status="PASS" start="2025-04-17T14:17:08.989626" elapsed="0.557295"/>
</kw>
<try>
<branch type="TRY">
<kw name="Log" owner="BuiltIn">
<msg time="2025-04-17T14:17:09.548005" level="INFO">{'firstname': 'John', 'lastname': 'Smith', 'totalprice': 111, 'depositpaid': True, 'bookingdates': {'checkin': '2018-01-01', 'checkout': '2019-01-01'}, 'additionalneeds': 'Breakfast'}</msg>
<arg>${response.json()}</arg>
<doc>Logs the given message with the given level.</doc>
<status status="PASS" start="2025-04-17T14:17:09.546921" elapsed="0.001084"/>
</kw>
<status status="PASS" start="2025-04-17T14:17:09.546921" elapsed="0.001084"/>
</branch>
<branch type="EXCEPT">
<kw name="Log" owner="BuiltIn">
<arg>Cannot retrieve JSON due to invalid data</arg>
<doc>Logs the given message with the given level.</doc>
<status status="NOT RUN" start="2025-04-17T14:17:09.548005" elapsed="0.000000"/>
</kw>
<status status="NOT RUN" start="2025-04-17T14:17:09.548005" elapsed="0.000000"/>
</branch>
<status status="PASS" start="2025-04-17T14:17:09.546921" elapsed="0.001084"/>
</try>
<var name="${booking}">{'bookingid': 1061}</var>
<status status="PASS" start="2025-04-17T14:17:08.989626" elapsed="0.558379"/>
</iter>
<iter>
<kw name="GET" owner="RequestsLibrary">
<msg time="2025-04-17T14:17:10.121092" level="INFO">GET Request : url=https://restful-booker.herokuapp.com/booking/1179 
 path_url=/booking/1179 
 headers={'User-Agent': 'python-requests/2.32.3', 'Accept-Encoding': 'gzip, deflate', 'Accept': '*/*', 'Connection': 'keep-alive'} 
 body=None 
 </msg>
<msg time="2025-04-17T14:17:10.121092" level="INFO">GET Response : url=https://restful-booker.herokuapp.com/booking/1179 
 status=200, reason=OK 
 headers={'Server': 'Cowboy', 'Report-To': '{"group":"heroku-nel","max_age":3600,"endpoints":[{"url":"https://nel.heroku.com/reports?ts=1744888633&amp;sid=c46efe9b-d3d2-4a0c-8c76-bfafa16c5add&amp;s=e6YA%2BEFmiyFkxE06%2BWxpBDGe5DP5vmYs8Alj6iLn3%2F0%3D"}]}', 'Reporting-Endpoints': 'heroku-nel=https://nel.heroku.com/reports?ts=1744888633&amp;sid=c46efe9b-d3d2-4a0c-8c76-bfafa16c5add&amp;s=e6YA%2BEFmiyFkxE06%2BWxpBDGe5DP5vmYs8Alj6iLn3%2F0%3D', 'Nel': '{"report_to":"heroku-nel","max_age":3600,"success_fraction":0.005,"failure_fraction":0.05,"response_headers":["Via"]}', 'Connection': 'keep-alive', 'X-Powered-By': 'Express', 'Content-Type': 'application/json; charset=utf-8', 'Content-Length': '169', 'Etag': 'W/"a9-pLno4M4jARCCH8k0BsLT0ALMqUE"', 'Date': 'Thu, 17 Apr 2025 11:17:13 GMT', 'Via': '1.1 vegur'} 
 body={"firstname":"John","lastname":"Smith","totalprice":111,"depositpaid":true,"bookingdates":{"checkin":"2018-01-01","checkout":"2019-01-01"},"additionalneeds":"Breakfast"} 
 </msg>
<msg time="2025-04-17T14:17:10.121904" level="INFO">${response} = &lt;Response [200]&gt;</msg>
<var>${response}</var>
<arg>https://restful-booker.herokuapp.com/booking/${booking}[bookingid]</arg>
<doc>Sends a GET request.</doc>
<status status="PASS" start="2025-04-17T14:17:09.548005" elapsed="0.573899"/>
</kw>
<try>
<branch type="TRY">
<kw name="Log" owner="BuiltIn">
<msg time="2025-04-17T14:17:10.121904" level="INFO">{'firstname': 'John', 'lastname': 'Smith', 'totalprice': 111, 'depositpaid': True, 'bookingdates': {'checkin': '2018-01-01', 'checkout': '2019-01-01'}, 'additionalneeds': 'Breakfast'}</msg>
<arg>${response.json()}</arg>
<doc>Logs the given message with the given level.</doc>
<status status="PASS" start="2025-04-17T14:17:10.121904" elapsed="0.000000"/>
</kw>
<status status="PASS" start="2025-04-17T14:17:10.121904" elapsed="0.000000"/>
</branch>
<branch type="EXCEPT">
<kw name="Log" owner="BuiltIn">
<arg>Cannot retrieve JSON due to invalid data</arg>
<doc>Logs the given message with the given level.</doc>
<status status="NOT RUN" start="2025-04-17T14:17:10.121904" elapsed="0.000000"/>
</kw>
<status status="NOT RUN" start="2025-04-17T14:17:10.121904" elapsed="0.000999"/>
</branch>
<status status="PASS" start="2025-04-17T14:17:10.121904" elapsed="0.000999"/>
</try>
<var name="${booking}">{'bookingid': 1179}</var>
<status status="PASS" start="2025-04-17T14:17:09.548005" elapsed="0.574898"/>
</iter>
<iter>
<kw name="GET" owner="RequestsLibrary">
<msg time="2025-04-17T14:17:10.668181" level="INFO">GET Request : url=https://restful-booker.herokuapp.com/booking/2531 
 path_url=/booking/2531 
 headers={'User-Agent': 'python-requests/2.32.3', 'Accept-Encoding': 'gzip, deflate', 'Accept': '*/*', 'Connection': 'keep-alive'} 
 body=None 
 </msg>
<msg time="2025-04-17T14:17:10.668181" level="INFO">GET Response : url=https://restful-booker.herokuapp.com/booking/2531 
 status=200, reason=OK 
 headers={'Server': 'Cowboy', 'Report-To': '{"group":"heroku-nel","max_age":3600,"endpoints":[{"url":"https://nel.heroku.com/reports?ts=1744888633&amp;sid=c46efe9b-d3d2-4a0c-8c76-bfafa16c5add&amp;s=e6YA%2BEFmiyFkxE06%2BWxpBDGe5DP5vmYs8Alj6iLn3%2F0%3D"}]}', 'Reporting-Endpoints': 'heroku-nel=https://nel.heroku.com/reports?ts=1744888633&amp;sid=c46efe9b-d3d2-4a0c-8c76-bfafa16c5add&amp;s=e6YA%2BEFmiyFkxE06%2BWxpBDGe5DP5vmYs8Alj6iLn3%2F0%3D', 'Nel': '{"report_to":"heroku-nel","max_age":3600,"success_fraction":0.005,"failure_fraction":0.05,"response_headers":["Via"]}', 'Connection': 'keep-alive', 'X-Powered-By': 'Express', 'Content-Type': 'application/json; charset=utf-8', 'Content-Length': '169', 'Etag': 'W/"a9-pLno4M4jARCCH8k0BsLT0ALMqUE"', 'Date': 'Thu, 17 Apr 2025 11:17:13 GMT', 'Via': '1.1 vegur'} 
 body={"firstname":"John","lastname":"Smith","totalprice":111,"depositpaid":true,"bookingdates":{"checkin":"2018-01-01","checkout":"2019-01-01"},"additionalneeds":"Breakfast"} 
 </msg>
<msg time="2025-04-17T14:17:10.668687" level="INFO">${response} = &lt;Response [200]&gt;</msg>
<var>${response}</var>
<arg>https://restful-booker.herokuapp.com/booking/${booking}[bookingid]</arg>
<doc>Sends a GET request.</doc>
<status status="PASS" start="2025-04-17T14:17:10.122903" elapsed="0.545784"/>
</kw>
<try>
<branch type="TRY">
<kw name="Log" owner="BuiltIn">
<msg time="2025-04-17T14:17:10.669696" level="INFO">{'firstname': 'John', 'lastname': 'Smith', 'totalprice': 111, 'depositpaid': True, 'bookingdates': {'checkin': '2018-01-01', 'checkout': '2019-01-01'}, 'additionalneeds': 'Breakfast'}</msg>
<arg>${response.json()}</arg>
<doc>Logs the given message with the given level.</doc>
<status status="PASS" start="2025-04-17T14:17:10.668687" elapsed="0.001009"/>
</kw>
<status status="PASS" start="2025-04-17T14:17:10.668687" elapsed="0.001009"/>
</branch>
<branch type="EXCEPT">
<kw name="Log" owner="BuiltIn">
<arg>Cannot retrieve JSON due to invalid data</arg>
<doc>Logs the given message with the given level.</doc>
<status status="NOT RUN" start="2025-04-17T14:17:10.670201" elapsed="0.000000"/>
</kw>
<status status="NOT RUN" start="2025-04-17T14:17:10.669696" elapsed="0.000505"/>
</branch>
<status status="PASS" start="2025-04-17T14:17:10.668687" elapsed="0.001514"/>
</try>
<var name="${booking}">{'bookingid': 2531}</var>
<status status="PASS" start="2025-04-17T14:17:10.122903" elapsed="0.547298"/>
</iter>
<iter>
<kw name="GET" owner="RequestsLibrary">
<msg time="2025-04-17T14:17:11.223187" level="INFO">GET Request : url=https://restful-booker.herokuapp.com/booking/2379 
 path_url=/booking/2379 
 headers={'User-Agent': 'python-requests/2.32.3', 'Accept-Encoding': 'gzip, deflate', 'Accept': '*/*', 'Connection': 'keep-alive'} 
 body=None 
 </msg>
<msg time="2025-04-17T14:17:11.223187" level="INFO">GET Response : url=https://restful-booker.herokuapp.com/booking/2379 
 status=200, reason=OK 
 headers={'Server': 'Cowboy', 'Report-To': '{"group":"heroku-nel","max_age":3600,"endpoints":[{"url":"https://nel.heroku.com/reports?ts=1744888634&amp;sid=c46efe9b-d3d2-4a0c-8c76-bfafa16c5add&amp;s=IBMT6uvbjYh9TZ6C5%2FAXBaC%2BjIIxeSpR2KDBlPyDpNE%3D"}]}', 'Reporting-Endpoints': 'heroku-nel=https://nel.heroku.com/reports?ts=1744888634&amp;sid=c46efe9b-d3d2-4a0c-8c76-bfafa16c5add&amp;s=IBMT6uvbjYh9TZ6C5%2FAXBaC%2BjIIxeSpR2KDBlPyDpNE%3D', 'Nel': '{"report_to":"heroku-nel","max_age":3600,"success_fraction":0.005,"failure_fraction":0.05,"response_headers":["Via"]}', 'Connection': 'keep-alive', 'X-Powered-By': 'Express', 'Content-Type': 'application/json; charset=utf-8', 'Content-Length': '169', 'Etag': 'W/"a9-pLno4M4jARCCH8k0BsLT0ALMqUE"', 'Date': 'Thu, 17 Apr 2025 11:17:14 GMT', 'Via': '1.1 vegur'} 
 body={"firstname":"John","lastname":"Smith","totalprice":111,"depositpaid":true,"bookingdates":{"checkin":"2018-01-01","checkout":"2019-01-01"},"additionalneeds":"Breakfast"} 
 </msg>
<msg time="2025-04-17T14:17:11.224793" level="INFO">${response} = &lt;Response [200]&gt;</msg>
<var>${response}</var>
<arg>https://restful-booker.herokuapp.com/booking/${booking}[bookingid]</arg>
<doc>Sends a GET request.</doc>
<status status="PASS" start="2025-04-17T14:17:10.670201" elapsed="0.554592"/>
</kw>
<try>
<branch type="TRY">
<kw name="Log" owner="BuiltIn">
<msg time="2025-04-17T14:17:11.224793" level="INFO">{'firstname': 'John', 'lastname': 'Smith', 'totalprice': 111, 'depositpaid': True, 'bookingdates': {'checkin': '2018-01-01', 'checkout': '2019-01-01'}, 'additionalneeds': 'Breakfast'}</msg>
<arg>${response.json()}</arg>
<doc>Logs the given message with the given level.</doc>
<status status="PASS" start="2025-04-17T14:17:11.224793" elapsed="0.000000"/>
</kw>
<status status="PASS" start="2025-04-17T14:17:11.224793" elapsed="0.000000"/>
</branch>
<branch type="EXCEPT">
<kw name="Log" owner="BuiltIn">
<arg>Cannot retrieve JSON due to invalid data</arg>
<doc>Logs the given message with the given level.</doc>
<status status="NOT RUN" start="2025-04-17T14:17:11.225892" elapsed="0.000000"/>
</kw>
<status status="NOT RUN" start="2025-04-17T14:17:11.225892" elapsed="0.000000"/>
</branch>
<status status="PASS" start="2025-04-17T14:17:11.224793" elapsed="0.001099"/>
</try>
<var name="${booking}">{'bookingid': 2379}</var>
<status status="PASS" start="2025-04-17T14:17:10.670201" elapsed="0.555691"/>
</iter>
<iter>
<kw name="GET" owner="RequestsLibrary">
<msg time="2025-04-17T14:17:11.788045" level="INFO">GET Request : url=https://restful-booker.herokuapp.com/booking/1051 
 path_url=/booking/1051 
 headers={'User-Agent': 'python-requests/2.32.3', 'Accept-Encoding': 'gzip, deflate', 'Accept': '*/*', 'Connection': 'keep-alive'} 
 body=None 
 </msg>
<msg time="2025-04-17T14:17:11.789180" level="INFO">GET Response : url=https://restful-booker.herokuapp.com/booking/1051 
 status=200, reason=OK 
 headers={'Server': 'Cowboy', 'Report-To': '{"group":"heroku-nel","max_age":3600,"endpoints":[{"url":"https://nel.heroku.com/reports?ts=1744888635&amp;sid=c46efe9b-d3d2-4a0c-8c76-bfafa16c5add&amp;s=cQ2GQDM%2F6ZrRL6C7zSrrfjgbw0pgOOHsB6%2FWyDKqIa8%3D"}]}', 'Reporting-Endpoints': 'heroku-nel=https://nel.heroku.com/reports?ts=1744888635&amp;sid=c46efe9b-d3d2-4a0c-8c76-bfafa16c5add&amp;s=cQ2GQDM%2F6ZrRL6C7zSrrfjgbw0pgOOHsB6%2FWyDKqIa8%3D', 'Nel': '{"report_to":"heroku-nel","max_age":3600,"success_fraction":0.005,"failure_fraction":0.05,"response_headers":["Via"]}', 'Connection': 'keep-alive', 'X-Powered-By': 'Express', 'Content-Type': 'application/json; charset=utf-8', 'Content-Length': '169', 'Etag': 'W/"a9-pLno4M4jARCCH8k0BsLT0ALMqUE"', 'Date': 'Thu, 17 Apr 2025 11:17:15 GMT', 'Via': '1.1 vegur'} 
 body={"firstname":"John","lastname":"Smith","totalprice":111,"depositpaid":true,"bookingdates":{"checkin":"2018-01-01","checkout":"2019-01-01"},"additionalneeds":"Breakfast"} 
 </msg>
<msg time="2025-04-17T14:17:11.789180" level="INFO">${response} = &lt;Response [200]&gt;</msg>
<var>${response}</var>
<arg>https://restful-booker.herokuapp.com/booking/${booking}[bookingid]</arg>
<doc>Sends a GET request.</doc>
<status status="PASS" start="2025-04-17T14:17:11.225892" elapsed="0.563288"/>
</kw>
<try>
<branch type="TRY">
<kw name="Log" owner="BuiltIn">
<msg time="2025-04-17T14:17:11.790165" level="INFO">{'firstname': 'John', 'lastname': 'Smith', 'totalprice': 111, 'depositpaid': True, 'bookingdates': {'checkin': '2018-01-01', 'checkout': '2019-01-01'}, 'additionalneeds': 'Breakfast'}</msg>
<arg>${response.json()}</arg>
<doc>Logs the given message with the given level.</doc>
<status status="PASS" start="2025-04-17T14:17:11.789180" elapsed="0.000985"/>
</kw>
<status status="PASS" start="2025-04-17T14:17:11.789180" elapsed="0.000985"/>
</branch>
<branch type="EXCEPT">
<kw name="Log" owner="BuiltIn">
<arg>Cannot retrieve JSON due to invalid data</arg>
<doc>Logs the given message with the given level.</doc>
<status status="NOT RUN" start="2025-04-17T14:17:11.791164" elapsed="0.000000"/>
</kw>
<status status="NOT RUN" start="2025-04-17T14:17:11.790165" elapsed="0.000999"/>
</branch>
<status status="PASS" start="2025-04-17T14:17:11.789180" elapsed="0.001984"/>
</try>
<var name="${booking}">{'bookingid': 1051}</var>
<status status="PASS" start="2025-04-17T14:17:11.225892" elapsed="0.565272"/>
</iter>
<iter>
<kw name="GET" owner="RequestsLibrary">
<var>${response}</var>
<arg>https://restful-booker.herokuapp.com/booking/${booking}[bookingid]</arg>
<doc>Sends a GET request.</doc>
<status status="FAIL" start="2025-04-17T14:17:11.791164" elapsed="0.415464">Execution terminated by signal</status>
</kw>
<try>
<branch type="TRY">
<kw name="Log" owner="BuiltIn">
<arg>${response.json()}</arg>
<doc>Logs the given message with the given level.</doc>
<status status="NOT RUN" start="2025-04-17T14:17:12.206628" elapsed="0.000000"/>
</kw>
<status status="NOT RUN" start="2025-04-17T14:17:12.206628" elapsed="0.000000"/>
</branch>
<branch type="EXCEPT">
<kw name="Log" owner="BuiltIn">
<arg>Cannot retrieve JSON due to invalid data</arg>
<doc>Logs the given message with the given level.</doc>
<status status="NOT RUN" start="2025-04-17T14:17:12.206628" elapsed="0.000000"/>
</kw>
<status status="NOT RUN" start="2025-04-17T14:17:12.206628" elapsed="0.000000"/>
</branch>
<status status="NOT RUN" start="2025-04-17T14:17:12.206628" elapsed="0.000000"/>
</try>
<var name="${booking}">{'bookingid': 2476}</var>
<status status="FAIL" start="2025-04-17T14:17:11.791164" elapsed="0.416471">Execution terminated by signal</status>
</iter>
<var>${booking}</var>
<value>@{response.json()}</value>
<status status="FAIL" start="2025-04-17T14:17:05.661122" elapsed="6.546513">Execution terminated by signal</status>
</for>
<doc>Lukee kaikki varaukset palvelimelta.
Koska *Authenticate as Admin* on määritetty asetuksissa Suite Setup -parametriksi,
suoritetaan se ennen testitapauksia. Jos kirjautuminen on onnistunut, ei kirjautumista
tarvitse suorittaa erikseen jokaisessa testitapauksessa. Tässä testitapauksessa jatketaan
seuraavaksi varausten lukemista palvelimelta. Jos luku onnistuu response.status == 200 ja
testi yritää lukea jokaisen varauksen tiedot erikseen käyttäen FOR-silmukkaa.</doc>
<status status="FAIL" start="2025-04-17T14:17:05.051473" elapsed="7.156162">Execution terminated by signal</status>
</test>
<test id="s1-t11" name="Create a Booking at Restful Booker" line="128">
<doc>Luodaan uusi varaus palvelimelle.
Testi luo uuden varauksen palvelimelle ja tämän jälkeen testaa, että varaus löytyy
järjestelmästä.</doc>
<tag>robot:exit</tag>
<status status="FAIL" start="2025-04-17T14:17:12.208895" elapsed="0.000000">Test execution stopped due to a fatal error.</status>
</test>
<test id="s1-t12" name="Delete Booking" line="151">
<doc>Poista varaus palvelimelta.</doc>
<tag>robot:exit</tag>
<status status="FAIL" start="2025-04-17T14:17:12.209912" elapsed="0.000992">Test execution stopped due to a fatal error.</status>
</test>
<status status="FAIL" start="2025-04-17T14:16:44.160058" elapsed="28.051836"/>
</suite>
<statistics>
<total>
<stat pass="8" fail="4" skip="0">All Tests</stat>
</total>
<tag>
<stat info="combined" combined="NOT robot:exit" pass="8" fail="2" skip="0">NOT robot:exit</stat>
</tag>
<suite>
<stat name="Robot-Test-Requests" id="s1" pass="8" fail="4" skip="0">Robot-Test-Requests</stat>
</suite>
</statistics>
<errors>
</errors>
</robot>
