<?xml version="1.0" encoding="UTF-8"?>
<robot generator="Robot 7.2.2 (Python 3.9.13 on win32)" generated="2025-04-02T13:26:05.984837" rpa="false" schemaversion="5">
<suite id="s1" name="Teht5 Omabrowser Demo" source="C:\Users\Mei\Documents\Hyte-web-sovelluskehitys-projekti\Hyte-FE\tests\fe\teht5\teht5_omabrowser_demo.robot">
<test id="s1-t1" name="Test Web Form" line="6">
<kw name="New Browser" owner="Browser">
<msg time="2025-04-02T13:26:06.197752" level="INFO">{"browser": "chromium", "headless": false, "chromiumSandbox": false, "devtools": false, "handleSIGHUP": true, "handleSIGINT": true, "handleSIGTERM": true, "slowMo": 0.0, "timeout": 30000.0, "tracesDir": "C:\\Users\\Mei\\Documents\\Hyte-web-sovelluskehitys-projekti\\Hyte-FE\\tests\\fe\\teht5\\..\\..\\..\\outputs\\teht5\\browser\\traces\\temp\\31a19d47-c325-4c4f-9a80-7559f5ceceb4"}</msg>
<msg time="2025-04-02T13:26:06.226602" level="INFO">Starting Browser process C:\Users\Mei\Documents\Hyte-web-sovelluskehitys-projekti\Hyte-FE\.venv\lib\site-packages\Browser\wrapper\index.js using port 52385</msg>
<msg time="2025-04-02T13:26:06.226602" level="INFO">Node startup parameters: ['node', 'C:\\Users\\Mei\\Documents\\Hyte-web-sovelluskehitys-projekti\\Hyte-FE\\.venv\\lib\\site-packages\\Browser\\wrapper\\index.js', '52385']</msg>
<msg time="2025-04-02T13:26:07.574948" level="INFO">Successfully created browser with options: {"browser":"chromium","headless":false,"chromiumSandbox":false,"devtools":false,"handleSIGHUP":true,"handleSIGINT":true,"handleSIGTERM":true,"slowMo":0,"timeout":30000,"tracesDir":"C:\\Users\\Mei\\Documents\\Hyte-web-sovelluskehitys-projekti\\Hyte-FE\\tests\\fe\\teht5\\..\\..\\..\\outputs\\teht5\\browser\\traces\\temp\\31a19d47-c325-4c4f-9a80-7559f5ceceb4"}</msg>
<arg>chromium</arg>
<arg>headless=No</arg>
<tag>BrowserControl</tag>
<tag>Setter</tag>
<doc>Create a new playwright Browser with specified options.</doc>
<status status="PASS" start="2025-04-02T13:26:06.197752" elapsed="1.377196"/>
</kw>
<kw name="New Page" owner="Browser">
<msg time="2025-04-02T13:26:10.328182" level="INFO">Keyword 'Take Screenshot  fail-screenshot-{index}' could not be run on failure:
Error: Tried to take screenshot, but no page was open.</msg>
<msg time="2025-04-02T13:26:10.329205" level="INFO">See also file:///C:/Users/Mei/Documents/Hyte-web-sovelluskehitys-projekti/Hyte-FE/tests/fe/teht5/../../../outputs/teht5/playwright-log.txt for additional details.</msg>
<msg time="2025-04-02T13:26:10.329205" level="FAIL">Error: page.goto: net::ERR_CONNECTION_REFUSED at http://localhost:5173/
Call log:
  - navigating to "http://localhost:5173/", waiting until "load"
</msg>
<arg>http://localhost:5173/</arg>
<tag>BrowserControl</tag>
<tag>Setter</tag>
<doc>Open a new Page.</doc>
<status status="FAIL" start="2025-04-02T13:26:07.577464" elapsed="2.892434">Error: page.goto: net::ERR_CONNECTION_REFUSED at http://localhost:5173/
Call log:
  - navigating to "http://localhost:5173/", waiting until "load"
</status>
</kw>
<kw name="Get Title" owner="Browser">
<arg>==</arg>
<arg>Terveyspäiväkirja</arg>
<tag>Assertion</tag>
<tag>Getter</tag>
<tag>PageContent</tag>
<doc>Returns the title of the current page.</doc>
<status status="NOT RUN" start="2025-04-02T13:26:10.469898" elapsed="0.000000"/>
</kw>
<kw name="Type Text" owner="Browser">
<arg>[name="username"]</arg>
<arg>${Username}</arg>
<arg>delay=0.1 s</arg>
<tag>PageContent</tag>
<tag>Setter</tag>
<doc>Types the given ``txt`` into the text field found by ``selector``.</doc>
<status status="NOT RUN" start="2025-04-02T13:26:10.470918" elapsed="0.000000"/>
</kw>
<kw name="Type Secret" owner="Browser">
<arg>[name="password"]</arg>
<arg>$Password</arg>
<arg>delay=0.1 s</arg>
<tag>PageContent</tag>
<tag>Setter</tag>
<doc>Types the given secret from ``variable_name`` into the text field
found by ``selector``.</doc>
<status status="NOT RUN" start="2025-04-02T13:26:10.470918" elapsed="0.000000"/>
</kw>
<kw name="Click With Options" owner="Browser">
<arg>[name="submit"]</arg>
<arg>delay=1 s</arg>
<tag>PageContent</tag>
<tag>Setter</tag>
<doc>Simulates mouse click on the element found by ``selector``.</doc>
<status status="NOT RUN" start="2025-04-02T13:26:10.471892" elapsed="0.000000"/>
</kw>
<kw name="Get Text" owner="Browser">
<arg>id=latest-entries</arg>
<arg>==</arg>
<arg>Päiväkirjamerkinnät</arg>
<tag>Assertion</tag>
<tag>Getter</tag>
<tag>PageContent</tag>
<doc>Returns text attribute of the element found by ``selector``.</doc>
<status status="NOT RUN" start="2025-04-02T13:26:10.471892" elapsed="0.000000"/>
</kw>
<msg time="2025-04-02T13:26:10.475909" level="INFO">Set timeout to: 10000</msg>
<status status="FAIL" start="2025-04-02T13:26:06.196644" elapsed="4.275248">Error: page.goto: net::ERR_CONNECTION_REFUSED at http://localhost:5173/
Call log:
  - navigating to "http://localhost:5173/", waiting until "load"
</status>
</test>
<status status="FAIL" start="2025-04-02T13:26:05.991982" elapsed="4.484934"/>
</suite>
<statistics>
<total>
<stat pass="0" fail="1" skip="0">All Tests</stat>
</total>
<tag>
</tag>
<suite>
<stat name="Teht5 Omabrowser Demo" id="s1" pass="0" fail="1" skip="0">Teht5 Omabrowser Demo</stat>
</suite>
</statistics>
<errors>
</errors>
</robot>
